<?xml version="1.0" encoding="UTF-8"?>
<testsuite name="co.com.screemplay.project.runners.RunnerTest" tests="1" skipped="0" failures="0" errors="0" timestamp="2025-06-26T17:25:04.673Z" hostname="PC_ROD" time="44.906">
  <properties/>
  <testcase name="Compra con Autenticación de usuario exitosa." classname="co.com.screemplay.project.runners.RunnerTest" time="44.906"/>
  <system-out><![CDATA[12:25:04.477 [Test worker] INFO io.cucumber.core.plugin.SerenityReporter - Running feature from file:///C:/Users/pcnit/Downloads/TestE2E/src/test/resources/features/test.feature
12:25:04.629 [Test worker] DEBUG net.thucydides.core.guice.Injectors - Created injector for module net.thucydides.core.guice.webdriver.WebDriverModule
12:25:04.648 [Test worker] INFO  - 

-------------------------------------------------------------------------------------
     _______. _______ .______       _______ .__   __.  __  .___________.____    ____ 
    /       ||   ____||   _  \     |   ____||  \ |  | |  | |           |\   \  /   / 
   |   (----`|  |__   |  |_)  |    |  |__   |   \|  | |  | `---|  |----` \   \/   /  
    \   \    |   __|  |      /     |   __|  |  . `  | |  |     |  |       \_    _/   
.----)   |   |  |____ |  |\  \----.|  |____ |  |\   | |  |     |  |         |  |     
|_______/    |_______|| _| `._____||_______||__| \__| |__|     |__|         |__|    
                                                                                     
 News and tutorials at http://www.serenity-bdd.info                                  
 Documentation at https://wakaleo.gitbooks.io/the-serenity-book/content/             
 Join the Serenity Community on Gitter: https://gitter.im/serenity-bdd/serenity-core 
 Serenity BDD Support and Training at http://serenity-bdd.info/#/trainingandsupport  
-------------------------------------------------------------------------------------

12:25:04.651 [Test worker] DEBUG net.thucydides.core.steps.StepEventBus - Test suite started for story net.thucydides.core.model.Story@88766345
12:25:04.653 [Test worker] INFO  - Test Suite Started: Compra con Autenticación exitosa
12:25:04.665 [Test worker] INFO io.cucumber.core.plugin.SerenityReporter - Running feature from file:///C:/Users/pcnit/Downloads/TestE2E/src/test/resources/features/test.feature
12:25:04.668 [Test worker] DEBUG net.thucydides.core.steps.StepEventBus - Test suite started for story net.thucydides.core.model.Story@88766345
12:25:04.668 [Test worker] INFO  - Test Suite Started: Compra con Autenticación exitosa

@test @test
Escenario: Compra con Autenticación de usuario exitosa.  ?[90m# src/test/resources/features/test.feature:18?[0m
12:25:04.722 [Test worker] INFO io.cucumber.core.plugin.SerenityReporter - Running feature from file:///C:/Users/pcnit/Downloads/TestE2E/src/test/resources/features/test.feature
12:25:04.734 [Test worker] INFO  - 
  _____   ___   ___   _____     ___   _____     _     ___   _____   ___   ___  
 |_   _| | __| / __| |_   _|   / __| |_   _|   /_\   | _ \ |_   _| | __| |   \ 
   | |   | _|  \__ \   | |     \__ \   | |    / _ \  |   /   | |   | _|  | |) |
   |_|   |___| |___/   |_|     |___/   |_|   /_/ \_\ |_|_\   |_|   |___| |___/ 

Compra con Autenticación de usuario exitosa.(compra-con-autenticación-exitosa;compra-con-autenticación-de-usuario-exitosa.)
--------------------------------------------------------------------------------
12:25:05.086 [Test worker] DEBUG net.thucydides.core.steps.StepInterceptor - STARTING STEP: Hook.openWebsite - performAs
12:25:05.102 [Test worker] DEBUG net.thucydides.core.steps.StepInterceptor - STARTING STEP: OpenWeb.performAs - {0} opens the browser at #url
12:25:05.134 [Test worker] INFO net.serenitybdd.core.webdriver.driverproviders.DriverProvider - Using WebDriverManager configuration for edge
12:25:05.446 [Test worker] DEBUG io.github.bonigarcia.wdm.cache.ResolutionCache - Resolution edge=137 in cache (valid until 12:48:50 26/06/2025 ECT)
12:25:05.446 [Test worker] DEBUG io.github.bonigarcia.wdm.cache.ResolutionCache - Resolution edge137=137.0.3296.93 in cache (valid until 10:27:03 27/06/2025 ECT)
12:25:05.449 [Test worker] INFO io.github.bonigarcia.wdm.WebDriverManager - Using msedgedriver 137.0.3296.93 (resolved driver for Edge 137)
12:25:05.475 [Test worker] DEBUG io.github.bonigarcia.wdm.WebDriverManager - Driver msedgedriver 137.0.3296.93 found in cache
12:25:05.476 [Test worker] INFO io.github.bonigarcia.wdm.WebDriverManager - Exporting webdriver.edge.driver as C:\Users\pcnit\.cache\selenium\msedgedriver\win64\137.0.3296.93\msedgedriver.exe
12:25:05.621 [Test worker] DEBUG io.netty.util.internal.logging.InternalLoggerFactory - Using SLF4J as the default logging framework
12:25:05.624 [Test worker] DEBUG io.netty.util.ResourceLeakDetector - -Dio.netty.leakDetection.level: simple
12:25:05.624 [Test worker] DEBUG io.netty.util.ResourceLeakDetector - -Dio.netty.leakDetection.targetRecords: 4
12:25:05.629 [Test worker] DEBUG io.netty.util.ResourceLeakDetectorFactory - Loaded default ResourceLeakDetector: io.netty.util.ResourceLeakDetector@2b7facc7
12:25:05.645 [Test worker] DEBUG io.netty.util.internal.PlatformDependent0 - -Dio.netty.noUnsafe: false
12:25:05.645 [Test worker] DEBUG io.netty.util.internal.PlatformDependent0 - Java version: 17
12:25:05.647 [Test worker] DEBUG io.netty.util.internal.PlatformDependent0 - sun.misc.Unsafe.theUnsafe: available
12:25:05.648 [Test worker] DEBUG io.netty.util.internal.PlatformDependent0 - sun.misc.Unsafe.copyMemory: available
12:25:05.648 [Test worker] DEBUG io.netty.util.internal.PlatformDependent0 - sun.misc.Unsafe.storeFence: available
12:25:05.649 [Test worker] DEBUG io.netty.util.internal.PlatformDependent0 - java.nio.Buffer.address: available
12:25:05.649 [Test worker] DEBUG io.netty.util.internal.PlatformDependent0 - direct buffer constructor: unavailable: Reflective setAccessible(true) disabled
12:25:05.650 [Test worker] DEBUG io.netty.util.internal.PlatformDependent0 - java.nio.Bits.unaligned: available, true
12:25:05.651 [Test worker] DEBUG io.netty.util.internal.PlatformDependent0 - jdk.internal.misc.Unsafe.allocateUninitializedArray(int): unavailable: class io.netty.util.internal.PlatformDependent0$7 cannot access class jdk.internal.misc.Unsafe (in module java.base) because module java.base does not export jdk.internal.misc to unnamed module @1c852c0f
12:25:05.652 [Test worker] DEBUG io.netty.util.internal.PlatformDependent0 - java.nio.DirectByteBuffer.<init>(long, int): unavailable
12:25:05.652 [Test worker] DEBUG io.netty.util.internal.PlatformDependent - sun.misc.Unsafe: available
12:25:05.659 [Test worker] DEBUG io.netty.util.internal.PlatformDependent - maxDirectMemory: 536870912 bytes (maybe)
12:25:05.659 [Test worker] DEBUG io.netty.util.internal.PlatformDependent - -Dio.netty.tmpdir: C:\Users\pcnit\AppData\Local\Temp (java.io.tmpdir)
12:25:05.659 [Test worker] DEBUG io.netty.util.internal.PlatformDependent - -Dio.netty.bitMode: 64 (sun.arch.data.model)
12:25:05.659 [Test worker] DEBUG io.netty.util.internal.PlatformDependent - Platform: Windows
12:25:05.660 [Test worker] DEBUG io.netty.util.internal.PlatformDependent - -Dio.netty.maxDirectMemory: -1 bytes
12:25:05.660 [Test worker] DEBUG io.netty.util.internal.PlatformDependent - -Dio.netty.uninitializedArrayAllocationThreshold: -1
12:25:05.661 [Test worker] DEBUG io.netty.util.internal.CleanerJava9 - java.nio.ByteBuffer.cleaner(): available
12:25:05.661 [Test worker] DEBUG io.netty.util.internal.PlatformDependent - -Dio.netty.noPreferDirect: false
12:25:05.667 [Test worker] DEBUG io.netty.util.internal.PlatformDependent - org.jctools-core.MpscChunkedArrayQueue: available
12:25:05.681 [Test worker] DEBUG io.netty.util.internal.InternalThreadLocalMap - -Dio.netty.threadLocalMap.stringBuilder.initialSize: 1024
12:25:05.681 [Test worker] DEBUG io.netty.util.internal.InternalThreadLocalMap - -Dio.netty.threadLocalMap.stringBuilder.maxSize: 4096
12:25:05.711 [Test worker] DEBUG io.netty.handler.ssl.JdkSslContext - Default protocols (JDK): [TLSv1.3, TLSv1.2] 
12:25:05.712 [Test worker] DEBUG io.netty.handler.ssl.JdkSslContext - Default cipher suites (JDK): [TLS_ECDHE_ECDSA_WITH_AES_256_GCM_SHA384, TLS_ECDHE_ECDSA_WITH_AES_128_GCM_SHA256, TLS_ECDHE_RSA_WITH_AES_128_GCM_SHA256, TLS_ECDHE_RSA_WITH_AES_256_GCM_SHA384, TLS_ECDHE_RSA_WITH_AES_128_CBC_SHA, TLS_ECDHE_RSA_WITH_AES_256_CBC_SHA, TLS_RSA_WITH_AES_128_GCM_SHA256, TLS_RSA_WITH_AES_128_CBC_SHA, TLS_RSA_WITH_AES_256_CBC_SHA, TLS_AES_128_GCM_SHA256, TLS_AES_256_GCM_SHA384]
12:25:05.731 [Test worker] DEBUG io.netty.channel.MultithreadEventLoopGroup - -Dio.netty.eventLoopThreads: 40
12:25:05.736 [Test worker] DEBUG io.netty.channel.nio.NioEventLoop - -Dio.netty.noKeySetOptimization: false
12:25:05.736 [Test worker] DEBUG io.netty.channel.nio.NioEventLoop - -Dio.netty.selectorAutoRebuildThreshold: 512
12:25:05.791 [Test worker] DEBUG io.netty.buffer.PooledByteBufAllocator - -Dio.netty.allocator.numHeapArenas: 21
12:25:05.791 [Test worker] DEBUG io.netty.buffer.PooledByteBufAllocator - -Dio.netty.allocator.numDirectArenas: 21
12:25:05.791 [Test worker] DEBUG io.netty.buffer.PooledByteBufAllocator - -Dio.netty.allocator.pageSize: 8192
12:25:05.791 [Test worker] DEBUG io.netty.buffer.PooledByteBufAllocator - -Dio.netty.allocator.maxOrder: 9
12:25:05.791 [Test worker] DEBUG io.netty.buffer.PooledByteBufAllocator - -Dio.netty.allocator.chunkSize: 4194304
12:25:05.792 [Test worker] DEBUG io.netty.buffer.PooledByteBufAllocator - -Dio.netty.allocator.smallCacheSize: 256
12:25:05.792 [Test worker] DEBUG io.netty.buffer.PooledByteBufAllocator - -Dio.netty.allocator.normalCacheSize: 64
12:25:05.792 [Test worker] DEBUG io.netty.buffer.PooledByteBufAllocator - -Dio.netty.allocator.maxCachedBufferCapacity: 32768
12:25:05.792 [Test worker] DEBUG io.netty.buffer.PooledByteBufAllocator - -Dio.netty.allocator.cacheTrimInterval: 8192
12:25:05.792 [Test worker] DEBUG io.netty.buffer.PooledByteBufAllocator - -Dio.netty.allocator.cacheTrimIntervalMillis: 0
12:25:05.792 [Test worker] DEBUG io.netty.buffer.PooledByteBufAllocator - -Dio.netty.allocator.useCacheForAllThreads: false
12:25:05.792 [Test worker] DEBUG io.netty.buffer.PooledByteBufAllocator - -Dio.netty.allocator.maxCachedByteBuffersPerChunk: 1023
12:25:05.801 [Test worker] DEBUG io.netty.buffer.ByteBufUtil - -Dio.netty.allocator.type: pooled
12:25:05.801 [Test worker] DEBUG io.netty.buffer.ByteBufUtil - -Dio.netty.threadLocalDirectBufferSize: 0
12:25:05.801 [Test worker] DEBUG io.netty.buffer.ByteBufUtil - -Dio.netty.maxThreadLocalCharBufferSize: 16384
12:25:06.089 [Forwarding newSession on session null to remote] DEBUG io.netty.channel.DefaultChannelId - -Dio.netty.processId: 46632 (auto-detected)
12:25:06.090 [Forwarding newSession on session null to remote] DEBUG io.netty.util.NetUtil - -Djava.net.preferIPv4Stack: false
12:25:06.091 [Forwarding newSession on session null to remote] DEBUG io.netty.util.NetUtil - -Djava.net.preferIPv6Addresses: false
12:25:06.099 [Forwarding newSession on session null to remote] DEBUG io.netty.util.NetUtilInitializations - Loopback interface: lo (Software Loopback Interface 1, 127.0.0.1)
12:25:06.100 [Forwarding newSession on session null to remote] DEBUG io.netty.util.NetUtil - Failed to get SOMAXCONN from sysctl and file \proc\sys\net\core\somaxconn. Default: 200
12:25:06.129 [Forwarding newSession on session null to remote] DEBUG io.netty.channel.DefaultChannelId - -Dio.netty.machineId: 14:75:5b:ff:fe:99:25:a5 (auto-detected)
12:25:06.163 [AsyncHttpClient-1-2] DEBUG io.netty.buffer.AbstractByteBuf - -Dio.netty.buffer.checkAccessible: true
12:25:06.164 [AsyncHttpClient-1-2] DEBUG io.netty.buffer.AbstractByteBuf - -Dio.netty.buffer.checkBounds: true
12:25:06.164 [AsyncHttpClient-1-2] DEBUG io.netty.util.ResourceLeakDetectorFactory - Loaded default ResourceLeakDetector: io.netty.util.ResourceLeakDetector@3d572bba
12:25:06.176 [AsyncHttpClient-1-2] DEBUG org.asynchttpclient.netty.channel.NettyConnectListener - Using new Channel '[id: 0xb083d4ec, L:/127.0.0.1:50937 - R:localhost/127.0.0.1:50685]' for 'POST' to '/session'
12:25:06.190 [AsyncHttpClient-1-2] DEBUG io.netty.util.Recycler - -Dio.netty.recycler.maxCapacityPerThread: 4096
12:25:06.191 [AsyncHttpClient-1-2] DEBUG io.netty.util.Recycler - -Dio.netty.recycler.ratio: 8
12:25:06.191 [AsyncHttpClient-1-2] DEBUG io.netty.util.Recycler - -Dio.netty.recycler.chunkSize: 32
12:25:06.191 [AsyncHttpClient-1-2] DEBUG io.netty.util.Recycler - -Dio.netty.recycler.blocking: false
12:25:06.831 [AsyncHttpClient-1-2] DEBUG io.netty.handler.codec.compression.Brotli - brotli4j not in the classpath; Brotli support will be unavailable.
12:25:06.831 [AsyncHttpClient-1-2] DEBUG org.asynchttpclient.netty.handler.HttpHandler - 

Request DefaultHttpRequest(decodeResult: success, version: HTTP/1.1)
POST /session HTTP/1.1
User-Agent: selenium/4.4.0 (java windows)
Content-Length: 991
Content-Type: application/json; charset=utf-8
host: localhost:50685
accept: */*

Response DefaultHttpResponse(decodeResult: success, version: HTTP/1.1)
HTTP/1.1 200 OK
Content-Type: application/json; charset=utf-8
cache-control: no-cache
content-length: 854

12:25:06.837 [AsyncHttpClient-1-2] DEBUG org.asynchttpclient.netty.channel.ChannelManager - Adding key: http://localhost:50685 for channel [id: 0xb083d4ec, L:/127.0.0.1:50937 - R:localhost/127.0.0.1:50685]
12:25:06.891 [AsyncHttpClient-1-3] DEBUG org.asynchttpclient.netty.channel.NettyConnectListener - Using new Channel '[id: 0x78251a8f, L:/127.0.0.1:50949 - R:localhost/127.0.0.1:50938]' for 'GET' to '/json/version'
12:25:06.894 [AsyncHttpClient-1-3] DEBUG org.asynchttpclient.netty.handler.HttpHandler - 

Request DefaultFullHttpRequest(decodeResult: success, version: HTTP/1.1, content: EmptyByteBufBE)
GET /json/version HTTP/1.1
User-Agent: selenium/4.4.0 (java windows)
host: localhost:50938
accept: */*

Response DefaultHttpResponse(decodeResult: success, version: HTTP/1.1)
HTTP/1.1 200 OK
Content-Security-Policy: frame-ancestors 'none'
Content-Type: application/json; charset=UTF-8
content-length: 432

12:25:06.895 [AsyncHttpClient-1-3] DEBUG org.asynchttpclient.netty.channel.ChannelManager - Adding key: http://localhost:50938 for channel [id: 0x78251a8f, L:/127.0.0.1:50949 - R:localhost/127.0.0.1:50938]
12:25:06.901 [Test worker] DEBUG io.netty.util.internal.ThreadLocalRandom - -Dio.netty.initialSeedUniquifier: 0x5cbc778de5d65c21
12:25:06.905 [AsyncHttpClient-1-4] DEBUG org.asynchttpclient.netty.channel.NettyConnectListener - Using new Channel '[id: 0x54ca282b, L:/127.0.0.1:50950 - R:localhost/127.0.0.1:50938]' for 'GET' to '/devtools/browser/947999c9-ddb9-4782-9acd-f6a76631c9fe'
12:25:06.908 [AsyncHttpClient-1-4] DEBUG org.asynchttpclient.netty.handler.WebSocketHandler - 

Request DefaultFullHttpRequest(decodeResult: success, version: HTTP/1.1, content: EmptyByteBufBE)
GET /devtools/browser/947999c9-ddb9-4782-9acd-f6a76631c9fe HTTP/1.1
upgrade: websocket
connection: upgrade
sec-websocket-key: p7mLMuTm4bXKxTetIIjuLQ==
sec-websocket-version: 13
origin: http://localhost:50938
host: localhost:50938
accept: */*
user-agent: AHC/2.1

Response DefaultHttpResponse(decodeResult: success, version: HTTP/1.1)
HTTP/1.1 101 WebSocket Protocol Handshake
Upgrade: WebSocket
Connection: Upgrade
Sec-WebSocket-Accept: RpGOEHHpLxFWr4V4J1JrYgoaO8Q=

12:25:07.382 [Test worker] DEBUG net.thucydides.core.reflection.ClassFinder - Could not load class .co.com.screemplay.project.hook.OpenWeb
12:25:07.382 [Test worker] DEBUG net.thucydides.core.reflection.ClassFinder - Could not load class .co.com.screemplay.project.questions.ValitationText
12:25:07.382 [Test worker] DEBUG net.thucydides.core.reflection.ClassFinder - Could not load class .co.com.screemplay.project.runners.RunnerTest
12:25:07.382 [Test worker] DEBUG net.thucydides.core.reflection.ClassFinder - Could not load class .co.com.screemplay.project.stepdefinition.CompleteStep
12:25:07.382 [Test worker] DEBUG net.thucydides.core.reflection.ClassFinder - Could not load class .co.com.screemplay.project.stepdefinition.hook.Hook
12:25:07.382 [Test worker] DEBUG net.thucydides.core.reflection.ClassFinder - Could not load class .co.com.screemplay.project.tasks.Login
12:25:07.382 [Test worker] DEBUG net.thucydides.core.reflection.ClassFinder - Could not load class .co.com.screemplay.project.tasks.PlaceOrder
12:25:07.382 [Test worker] DEBUG net.thucydides.core.reflection.ClassFinder - Could not load class .co.com.screemplay.project.tasks.Product
12:25:07.382 [Test worker] DEBUG net.thucydides.core.reflection.ClassFinder - Could not load class .co.com.screemplay.project.tasks.Purchase
12:25:07.382 [Test worker] DEBUG net.thucydides.core.reflection.ClassFinder - Could not load class .co.com.screemplay.project.ui.AddCarUI
12:25:07.382 [Test worker] DEBUG net.thucydides.core.reflection.ClassFinder - Could not load class .co.com.screemplay.project.ui.LoginUI
12:25:07.382 [Test worker] DEBUG net.thucydides.core.reflection.ClassFinder - Could not load class .co.com.screemplay.project.ui.ProductUI
12:25:07.382 [Test worker] DEBUG net.thucydides.core.reflection.ClassFinder - Could not load class .co.com.screemplay.project.utils.Constants
12:25:07.382 [Test worker] DEBUG net.thucydides.core.reflection.ClassFinder - Could not load class .co.com.screemplay.project.utils.Time
12:25:07.383 [Test worker] DEBUG net.thucydides.core.reflection.ClassFinder - Could not load class META-INF.versions.9.com.sun.istack.logging.StackHelper
12:25:07.383 [Test worker] DEBUG net.thucydides.core.reflection.ClassFinder - Could not load class META-INF.versions.9.com.sun.xml.bind.v2.runtime.reflect.opt.AccessorInjector
12:25:07.383 [Test worker] DEBUG net.thucydides.core.reflection.ClassFinder - Could not load class META-INF.versions.9.com.sun.xml.bind.v2.runtime.reflect.opt.Injector
12:25:07.384 [Test worker] DEBUG net.thucydides.core.reflection.ClassFinder - Could not load class META-INF.versions.9.com.sun.xml.bind.v2.runtime.reflect.opt.OptimizedAccessorFactory
12:25:07.384 [Test worker] DEBUG net.thucydides.core.reflection.ClassFinder - Could not load class META-INF.versions.9.com.sun.xml.bind.v2.runtime.reflect.opt.OptimizedTransducedAccessorFactory
12:25:07.384 [Test worker] DEBUG net.thucydides.core.reflection.ClassFinder - Could not load class META-INF.versions.9.io.opentelemetry.sdk.internal.CurrentJavaVersionSpecific
12:25:07.385 [Test worker] DEBUG net.thucydides.core.reflection.ClassFinder - Could not load class META-INF.versions.9.io.opentelemetry.sdk.internal.Java9VersionSpecific
12:25:07.385 [Test worker] DEBUG net.thucydides.core.reflection.ClassFinder - Could not load class META-INF.versions.9.javax.xml.bind.ModuleUtil
12:25:07.386 [Test worker] DEBUG net.thucydides.core.reflection.ClassFinder - Could not load class META-INF.versions.9.module-info
12:25:07.386 [Test worker] DEBUG net.thucydides.core.reflection.ClassFinder - Could not load class META-INF.versions.9.org.junit.platform.commons.util.ModuleUtils
12:25:07.681 [Test worker] DEBUG net.thucydides.core.reflection.ClassFinder - Could not load class com.google.gson.internal.
12:25:07.800 [Test worker] DEBUG net.thucydides.core.reflection.ClassFinder - Could not load class com.sun.xml.bind.v2.runtime.output.FastInfosetStreamWriterOutput
12:25:07.872 [AsyncHttpClient-1-1] DEBUG org.asynchttpclient.netty.channel.DefaultChannelPool - Entry count for : http://localhost:50938 : 1
12:25:07.872 [AsyncHttpClient-1-1] DEBUG org.asynchttpclient.netty.channel.DefaultChannelPool - Entry count for : http://localhost:50685 : 1
12:25:08.076 [Test worker] DEBUG net.thucydides.core.reflection.ClassFinder - Could not load class module-info
12:25:08.972 [AsyncHttpClient-1-1] DEBUG org.asynchttpclient.netty.channel.DefaultChannelPool - Entry count for : http://localhost:50938 : 1
12:25:08.972 [AsyncHttpClient-1-1] DEBUG org.asynchttpclient.netty.channel.DefaultChannelPool - Entry count for : http://localhost:50685 : 1
12:25:10.072 [AsyncHttpClient-1-1] DEBUG org.asynchttpclient.netty.channel.DefaultChannelPool - Entry count for : http://localhost:50938 : 1
12:25:10.072 [AsyncHttpClient-1-1] DEBUG org.asynchttpclient.netty.channel.DefaultChannelPool - Entry count for : http://localhost:50685 : 1
12:25:10.679 [Forwarding get on session fabb2ffb76c94dcf75e21125cc463c12 to remote] DEBUG org.asynchttpclient.netty.request.NettyRequestSender - Using pooled Channel '[id: 0xb083d4ec, L:/127.0.0.1:50937 - R:localhost/127.0.0.1:50685]' for 'POST' to 'http://localhost:50685/session/fabb2ffb76c94dcf75e21125cc463c12/url'
12:25:10.679 [Forwarding get on session fabb2ffb76c94dcf75e21125cc463c12 to remote] DEBUG org.asynchttpclient.netty.request.NettyRequestSender - Using open Channel [id: 0xb083d4ec, L:/127.0.0.1:50937 - R:localhost/127.0.0.1:50685] for POST '/session/fabb2ffb76c94dcf75e21125cc463c12/url'
12:25:11.178 [AsyncHttpClient-1-1] DEBUG org.asynchttpclient.netty.channel.DefaultChannelPool - Entry count for : http://localhost:50938 : 1
12:25:11.861 [AsyncHttpClient-1-2] DEBUG org.asynchttpclient.netty.handler.HttpHandler - 

Request DefaultHttpRequest(decodeResult: success, version: HTTP/1.1)
POST /session/fabb2ffb76c94dcf75e21125cc463c12/url HTTP/1.1
User-Agent: selenium/4.4.0 (java windows)
Content-Length: 56
Content-Type: application/json; charset=utf-8
host: localhost:50685
accept: */*

Response DefaultHttpResponse(decodeResult: success, version: HTTP/1.1)
HTTP/1.1 200 OK
Content-Type: application/json; charset=utf-8
cache-control: no-cache
content-length: 14

12:25:11.862 [AsyncHttpClient-1-2] DEBUG org.asynchttpclient.netty.channel.ChannelManager - Adding key: http://localhost:50685 for channel [id: 0xb083d4ec, L:/127.0.0.1:50937 - R:localhost/127.0.0.1:50685]
12:25:11.868 [Forwarding setTimeout on session fabb2ffb76c94dcf75e21125cc463c12 to remote] DEBUG org.asynchttpclient.netty.request.NettyRequestSender - Using pooled Channel '[id: 0xb083d4ec, L:/127.0.0.1:50937 - R:localhost/127.0.0.1:50685]' for 'POST' to 'http://localhost:50685/session/fabb2ffb76c94dcf75e21125cc463c12/timeouts'
12:25:11.868 [Forwarding setTimeout on session fabb2ffb76c94dcf75e21125cc463c12 to remote] DEBUG org.asynchttpclient.netty.request.NettyRequestSender - Using open Channel [id: 0xb083d4ec, L:/127.0.0.1:50937 - R:localhost/127.0.0.1:50685] for POST '/session/fabb2ffb76c94dcf75e21125cc463c12/timeouts'
12:25:11.870 [AsyncHttpClient-1-2] DEBUG org.asynchttpclient.netty.handler.HttpHandler - 

Request DefaultHttpRequest(decodeResult: success, version: HTTP/1.1)
POST /session/fabb2ffb76c94dcf75e21125cc463c12/timeouts HTTP/1.1
User-Agent: selenium/4.4.0 (java windows)
Content-Length: 22
Content-Type: application/json; charset=utf-8
host: localhost:50685
accept: */*

Response DefaultHttpResponse(decodeResult: success, version: HTTP/1.1)
HTTP/1.1 200 OK
Content-Type: application/json; charset=utf-8
cache-control: no-cache
content-length: 14

12:25:11.890 [AsyncHttpClient-1-2] DEBUG org.asynchttpclient.netty.channel.ChannelManager - Adding key: http://localhost:50685 for channel [id: 0xb083d4ec, L:/127.0.0.1:50937 - R:localhost/127.0.0.1:50685]
12:25:11.949 [Forwarding getCurrentUrl on session fabb2ffb76c94dcf75e21125cc463c12 to remote] DEBUG org.asynchttpclient.netty.request.NettyRequestSender - Using pooled Channel '[id: 0xb083d4ec, L:/127.0.0.1:50937 - R:localhost/127.0.0.1:50685]' for 'GET' to 'http://localhost:50685/session/fabb2ffb76c94dcf75e21125cc463c12/url'
12:25:11.949 [Forwarding getCurrentUrl on session fabb2ffb76c94dcf75e21125cc463c12 to remote] DEBUG org.asynchttpclient.netty.request.NettyRequestSender - Using open Channel [id: 0xb083d4ec, L:/127.0.0.1:50937 - R:localhost/127.0.0.1:50685] for GET '/session/fabb2ffb76c94dcf75e21125cc463c12/url'
12:25:11.961 [AsyncHttpClient-1-2] DEBUG org.asynchttpclient.netty.handler.HttpHandler - 

Request DefaultFullHttpRequest(decodeResult: success, version: HTTP/1.1, content: EmptyByteBufBE)
GET /session/fabb2ffb76c94dcf75e21125cc463c12/url HTTP/1.1
User-Agent: selenium/4.4.0 (java windows)
Cache-Control: no-cache
Content-Type: application/json; charset=utf-8
host: localhost:50685
accept: */*

Response DefaultHttpResponse(decodeResult: success, version: HTTP/1.1)
HTTP/1.1 200 OK
Content-Type: application/json; charset=utf-8
cache-control: no-cache
content-length: 38

12:25:11.961 [AsyncHttpClient-1-2] DEBUG org.asynchttpclient.netty.channel.ChannelManager - Adding key: http://localhost:50685 for channel [id: 0xb083d4ec, L:/127.0.0.1:50937 - R:localhost/127.0.0.1:50685]
12:25:12.040 [Test worker] DEBUG net.serenitybdd.core.photography.Darkroom - Opening darkroom
12:25:12.042 [Darkroom Processing Line] DEBUG net.serenitybdd.core.photography.DarkroomProcessingLine - Darkroom processing line starting up
12:25:12.069 [Forwarding getCurrentWindowHandle on session fabb2ffb76c94dcf75e21125cc463c12 to remote] DEBUG org.asynchttpclient.netty.request.NettyRequestSender - Using pooled Channel '[id: 0xb083d4ec, L:/127.0.0.1:50937 - R:localhost/127.0.0.1:50685]' for 'GET' to 'http://localhost:50685/session/fabb2ffb76c94dcf75e21125cc463c12/window'
12:25:12.069 [Forwarding getCurrentWindowHandle on session fabb2ffb76c94dcf75e21125cc463c12 to remote] DEBUG org.asynchttpclient.netty.request.NettyRequestSender - Using open Channel [id: 0xb083d4ec, L:/127.0.0.1:50937 - R:localhost/127.0.0.1:50685] for GET '/session/fabb2ffb76c94dcf75e21125cc463c12/window'
12:25:12.071 [AsyncHttpClient-1-2] DEBUG org.asynchttpclient.netty.handler.HttpHandler - 

Request DefaultFullHttpRequest(decodeResult: success, version: HTTP/1.1, content: EmptyByteBufBE)
GET /session/fabb2ffb76c94dcf75e21125cc463c12/window HTTP/1.1
User-Agent: selenium/4.4.0 (java windows)
Cache-Control: no-cache
Content-Type: application/json; charset=utf-8
host: localhost:50685
accept: */*

Response DefaultHttpResponse(decodeResult: success, version: HTTP/1.1)
HTTP/1.1 200 OK
Content-Type: application/json; charset=utf-8
cache-control: no-cache
content-length: 44

12:25:12.071 [AsyncHttpClient-1-2] DEBUG org.asynchttpclient.netty.channel.ChannelManager - Adding key: http://localhost:50685 for channel [id: 0xb083d4ec, L:/127.0.0.1:50937 - R:localhost/127.0.0.1:50685]
12:25:12.081 [Forwarding getAlertText on session fabb2ffb76c94dcf75e21125cc463c12 to remote] DEBUG org.asynchttpclient.netty.request.NettyRequestSender - Using pooled Channel '[id: 0xb083d4ec, L:/127.0.0.1:50937 - R:localhost/127.0.0.1:50685]' for 'GET' to 'http://localhost:50685/session/fabb2ffb76c94dcf75e21125cc463c12/alert/text'
12:25:12.081 [Forwarding getAlertText on session fabb2ffb76c94dcf75e21125cc463c12 to remote] DEBUG org.asynchttpclient.netty.request.NettyRequestSender - Using open Channel [id: 0xb083d4ec, L:/127.0.0.1:50937 - R:localhost/127.0.0.1:50685] for GET '/session/fabb2ffb76c94dcf75e21125cc463c12/alert/text'
12:25:12.085 [AsyncHttpClient-1-2] DEBUG org.asynchttpclient.netty.handler.HttpHandler - 

Request DefaultFullHttpRequest(decodeResult: success, version: HTTP/1.1, content: EmptyByteBufBE)
GET /session/fabb2ffb76c94dcf75e21125cc463c12/alert/text HTTP/1.1
User-Agent: selenium/4.4.0 (java windows)
Cache-Control: no-cache
Content-Type: application/json; charset=utf-8
host: localhost:50685
accept: */*

Response DefaultHttpResponse(decodeResult: success, version: HTTP/1.1)
HTTP/1.1 404 Not Found
Content-Type: application/json; charset=utf-8
cache-control: no-cache
content-length: 1045

12:25:12.087 [AsyncHttpClient-1-2] DEBUG org.asynchttpclient.netty.channel.ChannelManager - Adding key: http://localhost:50685 for channel [id: 0xb083d4ec, L:/127.0.0.1:50937 - R:localhost/127.0.0.1:50685]
12:25:12.112 [Forwarding switchToWindow on session fabb2ffb76c94dcf75e21125cc463c12 to remote] DEBUG org.asynchttpclient.netty.request.NettyRequestSender - Using pooled Channel '[id: 0xb083d4ec, L:/127.0.0.1:50937 - R:localhost/127.0.0.1:50685]' for 'POST' to 'http://localhost:50685/session/fabb2ffb76c94dcf75e21125cc463c12/window'
12:25:12.114 [Forwarding switchToWindow on session fabb2ffb76c94dcf75e21125cc463c12 to remote] DEBUG org.asynchttpclient.netty.request.NettyRequestSender - Using open Channel [id: 0xb083d4ec, L:/127.0.0.1:50937 - R:localhost/127.0.0.1:50685] for POST '/session/fabb2ffb76c94dcf75e21125cc463c12/window'
12:25:12.119 [AsyncHttpClient-1-2] DEBUG org.asynchttpclient.netty.handler.HttpHandler - 

Request DefaultHttpRequest(decodeResult: success, version: HTTP/1.1)
POST /session/fabb2ffb76c94dcf75e21125cc463c12/window HTTP/1.1
User-Agent: selenium/4.4.0 (java windows)
Content-Length: 50
Content-Type: application/json; charset=utf-8
host: localhost:50685
accept: */*

Response DefaultHttpResponse(decodeResult: success, version: HTTP/1.1)
HTTP/1.1 200 OK
Content-Type: application/json; charset=utf-8
cache-control: no-cache
content-length: 14

12:25:12.121 [AsyncHttpClient-1-2] DEBUG org.asynchttpclient.netty.channel.ChannelManager - Adding key: http://localhost:50685 for channel [id: 0xb083d4ec, L:/127.0.0.1:50937 - R:localhost/127.0.0.1:50685]
12:25:12.124 [Forwarding getCurrentUrl on session fabb2ffb76c94dcf75e21125cc463c12 to remote] DEBUG org.asynchttpclient.netty.request.NettyRequestSender - Using pooled Channel '[id: 0xb083d4ec, L:/127.0.0.1:50937 - R:localhost/127.0.0.1:50685]' for 'GET' to 'http://localhost:50685/session/fabb2ffb76c94dcf75e21125cc463c12/url'
12:25:12.124 [Forwarding getCurrentUrl on session fabb2ffb76c94dcf75e21125cc463c12 to remote] DEBUG org.asynchttpclient.netty.request.NettyRequestSender - Using open Channel [id: 0xb083d4ec, L:/127.0.0.1:50937 - R:localhost/127.0.0.1:50685] for GET '/session/fabb2ffb76c94dcf75e21125cc463c12/url'
12:25:12.139 [AsyncHttpClient-1-2] DEBUG org.asynchttpclient.netty.handler.HttpHandler - 

Request DefaultFullHttpRequest(decodeResult: success, version: HTTP/1.1, content: EmptyByteBufBE)
GET /session/fabb2ffb76c94dcf75e21125cc463c12/url HTTP/1.1
User-Agent: selenium/4.4.0 (java windows)
Cache-Control: no-cache
Content-Type: application/json; charset=utf-8
host: localhost:50685
accept: */*

Response DefaultHttpResponse(decodeResult: success, version: HTTP/1.1)
HTTP/1.1 200 OK
Content-Type: application/json; charset=utf-8
cache-control: no-cache
content-length: 38

12:25:12.140 [AsyncHttpClient-1-2] DEBUG org.asynchttpclient.netty.channel.ChannelManager - Adding key: http://localhost:50685 for channel [id: 0xb083d4ec, L:/127.0.0.1:50937 - R:localhost/127.0.0.1:50685]
12:25:12.144 [Forwarding screenshot on session fabb2ffb76c94dcf75e21125cc463c12 to remote] DEBUG org.asynchttpclient.netty.request.NettyRequestSender - Using pooled Channel '[id: 0xb083d4ec, L:/127.0.0.1:50937 - R:localhost/127.0.0.1:50685]' for 'GET' to 'http://localhost:50685/session/fabb2ffb76c94dcf75e21125cc463c12/screenshot'
12:25:12.145 [Forwarding screenshot on session fabb2ffb76c94dcf75e21125cc463c12 to remote] DEBUG org.asynchttpclient.netty.request.NettyRequestSender - Using open Channel [id: 0xb083d4ec, L:/127.0.0.1:50937 - R:localhost/127.0.0.1:50685] for GET '/session/fabb2ffb76c94dcf75e21125cc463c12/screenshot'
12:25:12.281 [AsyncHttpClient-1-1] DEBUG org.asynchttpclient.netty.channel.DefaultChannelPool - Entry count for : http://localhost:50938 : 1
12:25:12.299 [AsyncHttpClient-1-2] DEBUG org.asynchttpclient.netty.handler.HttpHandler - 

Request DefaultFullHttpRequest(decodeResult: success, version: HTTP/1.1, content: EmptyByteBufBE)
GET /session/fabb2ffb76c94dcf75e21125cc463c12/screenshot HTTP/1.1
User-Agent: selenium/4.4.0 (java windows)
Cache-Control: no-cache
Content-Type: application/json; charset=utf-8
host: localhost:50685
accept: */*

Response DefaultHttpResponse(decodeResult: success, version: HTTP/1.1)
HTTP/1.1 200 OK
Content-Type: application/json; charset=utf-8
cache-control: no-cache
content-length: 464852

12:25:12.318 [AsyncHttpClient-1-2] DEBUG org.asynchttpclient.netty.channel.ChannelManager - Adding key: http://localhost:50685 for channel [id: 0xb083d4ec, L:/127.0.0.1:50937 - R:localhost/127.0.0.1:50685]
12:25:12.479 [Test worker] DEBUG net.serenitybdd.core.photography.Darkroom - Send negative for processing for C:\Users\pcnit\Downloads\TestE2E\target\site\serenity\fdc7253f5d149834316565fed9455233c6aa86beb64a19ca53007d3f015166e3.png
12:25:12.487 [Test worker] DEBUG net.thucydides.core.steps.StepInterceptor - STEP DONE: {0} opens the browser at #url
12:25:12.531 [Test worker] DEBUG net.thucydides.core.steps.StepInterceptor - STEP DONE: performAs
12:25:13.376 [AsyncHttpClient-1-1] DEBUG org.asynchttpclient.netty.channel.DefaultChannelPool - Entry count for : http://localhost:50938 : 1
12:25:13.377 [AsyncHttpClient-1-1] DEBUG org.asynchttpclient.netty.channel.DefaultChannelPool - Entry count for : http://localhost:50685 : 1
12:25:14.475 [AsyncHttpClient-1-1] DEBUG org.asynchttpclient.netty.channel.DefaultChannelPool - Entry count for : http://localhost:50938 : 1
12:25:14.475 [AsyncHttpClient-1-1] DEBUG org.asynchttpclient.netty.channel.DefaultChannelPool - Entry count for : http://localhost:50685 : 1
12:25:15.582 [AsyncHttpClient-1-1] DEBUG org.asynchttpclient.netty.channel.DefaultChannelPool - Entry count for : http://localhost:50938 : 1
12:25:15.582 [AsyncHttpClient-1-1] DEBUG org.asynchttpclient.netty.channel.DefaultChannelPool - Entry count for : http://localhost:50685 : 1
12:25:16.684 [AsyncHttpClient-1-1] DEBUG org.asynchttpclient.netty.channel.DefaultChannelPool - Entry count for : http://localhost:50938 : 1
12:25:16.684 [AsyncHttpClient-1-1] DEBUG org.asynchttpclient.netty.channel.DefaultChannelPool - Entry count for : http://localhost:50685 : 1
12:25:17.774 [AsyncHttpClient-1-1] DEBUG org.asynchttpclient.netty.channel.DefaultChannelPool - Entry count for : http://localhost:50938 : 1
12:25:17.775 [AsyncHttpClient-1-1] DEBUG org.asynchttpclient.netty.channel.DefaultChannelPool - Entry count for : http://localhost:50685 : 1
12:25:17.812 [Forwarding getCurrentWindowHandle on session fabb2ffb76c94dcf75e21125cc463c12 to remote] DEBUG org.asynchttpclient.netty.request.NettyRequestSender - Using pooled Channel '[id: 0xb083d4ec, L:/127.0.0.1:50937 - R:localhost/127.0.0.1:50685]' for 'GET' to 'http://localhost:50685/session/fabb2ffb76c94dcf75e21125cc463c12/window'
12:25:17.815 [Forwarding getCurrentWindowHandle on session fabb2ffb76c94dcf75e21125cc463c12 to remote] DEBUG org.asynchttpclient.netty.request.NettyRequestSender - Using open Channel [id: 0xb083d4ec, L:/127.0.0.1:50937 - R:localhost/127.0.0.1:50685] for GET '/session/fabb2ffb76c94dcf75e21125cc463c12/window'
12:25:17.818 [AsyncHttpClient-1-2] DEBUG org.asynchttpclient.netty.handler.HttpHandler - 

Request DefaultFullHttpRequest(decodeResult: success, version: HTTP/1.1, content: EmptyByteBufBE)
GET /session/fabb2ffb76c94dcf75e21125cc463c12/window HTTP/1.1
User-Agent: selenium/4.4.0 (java windows)
Cache-Control: no-cache
Content-Type: application/json; charset=utf-8
host: localhost:50685
accept: */*

Response DefaultHttpResponse(decodeResult: success, version: HTTP/1.1)
HTTP/1.1 200 OK
Content-Type: application/json; charset=utf-8
cache-control: no-cache
content-length: 44

12:25:17.821 [AsyncHttpClient-1-2] DEBUG org.asynchttpclient.netty.channel.ChannelManager - Adding key: http://localhost:50685 for channel [id: 0xb083d4ec, L:/127.0.0.1:50937 - R:localhost/127.0.0.1:50685]
12:25:17.838 [Forwarding getAlertText on session fabb2ffb76c94dcf75e21125cc463c12 to remote] DEBUG org.asynchttpclient.netty.request.NettyRequestSender - Using pooled Channel '[id: 0xb083d4ec, L:/127.0.0.1:50937 - R:localhost/127.0.0.1:50685]' for 'GET' to 'http://localhost:50685/session/fabb2ffb76c94dcf75e21125cc463c12/alert/text'
12:25:17.839 [Forwarding getAlertText on session fabb2ffb76c94dcf75e21125cc463c12 to remote] DEBUG org.asynchttpclient.netty.request.NettyRequestSender - Using open Channel [id: 0xb083d4ec, L:/127.0.0.1:50937 - R:localhost/127.0.0.1:50685] for GET '/session/fabb2ffb76c94dcf75e21125cc463c12/alert/text'
12:25:17.853 [AsyncHttpClient-1-2] DEBUG org.asynchttpclient.netty.handler.HttpHandler - 

Request DefaultFullHttpRequest(decodeResult: success, version: HTTP/1.1, content: EmptyByteBufBE)
GET /session/fabb2ffb76c94dcf75e21125cc463c12/alert/text HTTP/1.1
User-Agent: selenium/4.4.0 (java windows)
Cache-Control: no-cache
Content-Type: application/json; charset=utf-8
host: localhost:50685
accept: */*

Response DefaultHttpResponse(decodeResult: success, version: HTTP/1.1)
HTTP/1.1 404 Not Found
Content-Type: application/json; charset=utf-8
cache-control: no-cache
content-length: 1045

12:25:17.853 [AsyncHttpClient-1-2] DEBUG org.asynchttpclient.netty.channel.ChannelManager - Adding key: http://localhost:50685 for channel [id: 0xb083d4ec, L:/127.0.0.1:50937 - R:localhost/127.0.0.1:50685]
12:25:17.865 [Forwarding switchToWindow on session fabb2ffb76c94dcf75e21125cc463c12 to remote] DEBUG org.asynchttpclient.netty.request.NettyRequestSender - Using pooled Channel '[id: 0xb083d4ec, L:/127.0.0.1:50937 - R:localhost/127.0.0.1:50685]' for 'POST' to 'http://localhost:50685/session/fabb2ffb76c94dcf75e21125cc463c12/window'
12:25:17.866 [Forwarding switchToWindow on session fabb2ffb76c94dcf75e21125cc463c12 to remote] DEBUG org.asynchttpclient.netty.request.NettyRequestSender - Using open Channel [id: 0xb083d4ec, L:/127.0.0.1:50937 - R:localhost/127.0.0.1:50685] for POST '/session/fabb2ffb76c94dcf75e21125cc463c12/window'
12:25:17.870 [AsyncHttpClient-1-2] DEBUG org.asynchttpclient.netty.handler.HttpHandler - 

Request DefaultHttpRequest(decodeResult: success, version: HTTP/1.1)
POST /session/fabb2ffb76c94dcf75e21125cc463c12/window HTTP/1.1
User-Agent: selenium/4.4.0 (java windows)
Content-Length: 50
Content-Type: application/json; charset=utf-8
host: localhost:50685
accept: */*

Response DefaultHttpResponse(decodeResult: success, version: HTTP/1.1)
HTTP/1.1 200 OK
Content-Type: application/json; charset=utf-8
cache-control: no-cache
content-length: 14

12:25:17.870 [AsyncHttpClient-1-2] DEBUG org.asynchttpclient.netty.channel.ChannelManager - Adding key: http://localhost:50685 for channel [id: 0xb083d4ec, L:/127.0.0.1:50937 - R:localhost/127.0.0.1:50685]
12:25:17.873 [Forwarding getCurrentUrl on session fabb2ffb76c94dcf75e21125cc463c12 to remote] DEBUG org.asynchttpclient.netty.request.NettyRequestSender - Using pooled Channel '[id: 0xb083d4ec, L:/127.0.0.1:50937 - R:localhost/127.0.0.1:50685]' for 'GET' to 'http://localhost:50685/session/fabb2ffb76c94dcf75e21125cc463c12/url'
12:25:17.874 [Forwarding getCurrentUrl on session fabb2ffb76c94dcf75e21125cc463c12 to remote] DEBUG org.asynchttpclient.netty.request.NettyRequestSender - Using open Channel [id: 0xb083d4ec, L:/127.0.0.1:50937 - R:localhost/127.0.0.1:50685] for GET '/session/fabb2ffb76c94dcf75e21125cc463c12/url'
12:25:17.883 [AsyncHttpClient-1-2] DEBUG org.asynchttpclient.netty.handler.HttpHandler - 

Request DefaultFullHttpRequest(decodeResult: success, version: HTTP/1.1, content: EmptyByteBufBE)
GET /session/fabb2ffb76c94dcf75e21125cc463c12/url HTTP/1.1
User-Agent: selenium/4.4.0 (java windows)
Cache-Control: no-cache
Content-Type: application/json; charset=utf-8
host: localhost:50685
accept: */*

Response DefaultHttpResponse(decodeResult: success, version: HTTP/1.1)
HTTP/1.1 200 OK
Content-Type: application/json; charset=utf-8
cache-control: no-cache
content-length: 38

12:25:17.884 [AsyncHttpClient-1-2] DEBUG org.asynchttpclient.netty.channel.ChannelManager - Adding key: http://localhost:50685 for channel [id: 0xb083d4ec, L:/127.0.0.1:50937 - R:localhost/127.0.0.1:50685]
12:25:17.886 [Forwarding screenshot on session fabb2ffb76c94dcf75e21125cc463c12 to remote] DEBUG org.asynchttpclient.netty.request.NettyRequestSender - Using pooled Channel '[id: 0xb083d4ec, L:/127.0.0.1:50937 - R:localhost/127.0.0.1:50685]' for 'GET' to 'http://localhost:50685/session/fabb2ffb76c94dcf75e21125cc463c12/screenshot'
12:25:17.887 [Forwarding screenshot on session fabb2ffb76c94dcf75e21125cc463c12 to remote] DEBUG org.asynchttpclient.netty.request.NettyRequestSender - Using open Channel [id: 0xb083d4ec, L:/127.0.0.1:50937 - R:localhost/127.0.0.1:50685] for GET '/session/fabb2ffb76c94dcf75e21125cc463c12/screenshot'
12:25:18.082 [AsyncHttpClient-1-2] DEBUG org.asynchttpclient.netty.handler.HttpHandler - 

Request DefaultFullHttpRequest(decodeResult: success, version: HTTP/1.1, content: EmptyByteBufBE)
GET /session/fabb2ffb76c94dcf75e21125cc463c12/screenshot HTTP/1.1
User-Agent: selenium/4.4.0 (java windows)
Cache-Control: no-cache
Content-Type: application/json; charset=utf-8
host: localhost:50685
accept: */*

Response DefaultHttpResponse(decodeResult: success, version: HTTP/1.1)
HTTP/1.1 200 OK
Content-Type: application/json; charset=utf-8
cache-control: no-cache
content-length: 720868

12:25:18.108 [AsyncHttpClient-1-2] DEBUG org.asynchttpclient.netty.channel.ChannelManager - Adding key: http://localhost:50685 for channel [id: 0xb083d4ec, L:/127.0.0.1:50937 - R:localhost/127.0.0.1:50685]
12:25:18.139 [Test worker] DEBUG net.serenitybdd.core.photography.Darkroom - Send negative for processing for C:\Users\pcnit\Downloads\TestE2E\target\site\serenity\c6cf8b507ebab78aed50666d11ada7a52374c38a669e8464d2652523096d2389.png
12:25:18.140 [Darkroom Processing Line] DEBUG net.serenitybdd.core.photography.DarkroomProcessingLine - Processing screenshot image in /var/screenshots/screenshot-6433534461220448152
12:25:18.140 [Darkroom Processing Line] DEBUG net.serenitybdd.core.photography.DarkroomProcessingLine - Saving screenshot to C:\Users\pcnit\Downloads\TestE2E\target\site\serenity\c6cf8b507ebab78aed50666d11ada7a52374c38a669e8464d2652523096d2389.png
12:25:18.153 [Forwarding getPageSource on session fabb2ffb76c94dcf75e21125cc463c12 to remote] DEBUG org.asynchttpclient.netty.request.NettyRequestSender - Using pooled Channel '[id: 0xb083d4ec, L:/127.0.0.1:50937 - R:localhost/127.0.0.1:50685]' for 'POST' to 'http://localhost:50685/session/fabb2ffb76c94dcf75e21125cc463c12/execute/sync'
12:25:18.155 [Forwarding getPageSource on session fabb2ffb76c94dcf75e21125cc463c12 to remote] DEBUG org.asynchttpclient.netty.request.NettyRequestSender - Using open Channel [id: 0xb083d4ec, L:/127.0.0.1:50937 - R:localhost/127.0.0.1:50685] for POST '/session/fabb2ffb76c94dcf75e21125cc463c12/execute/sync'
12:25:18.171 [AsyncHttpClient-1-2] DEBUG org.asynchttpclient.netty.handler.HttpHandler - 

Request DefaultHttpRequest(decodeResult: success, version: HTTP/1.1)
POST /session/fabb2ffb76c94dcf75e21125cc463c12/execute/sync HTTP/1.1
User-Agent: selenium/4.4.0 (java windows)
Content-Length: 176
Content-Type: application/json; charset=utf-8
host: localhost:50685
accept: */*

Response DefaultHttpResponse(decodeResult: success, version: HTTP/1.1)
HTTP/1.1 200 OK
Content-Type: application/json; charset=utf-8
cache-control: no-cache
content-length: 57308

12:25:18.173 [AsyncHttpClient-1-2] DEBUG org.asynchttpclient.netty.channel.ChannelManager - Adding key: http://localhost:50685 for channel [id: 0xb083d4ec, L:/127.0.0.1:50937 - R:localhost/127.0.0.1:50685]
12:25:18.424 [Forwarding getCurrentUrl on session fabb2ffb76c94dcf75e21125cc463c12 to remote] DEBUG org.asynchttpclient.netty.request.NettyRequestSender - Using pooled Channel '[id: 0xb083d4ec, L:/127.0.0.1:50937 - R:localhost/127.0.0.1:50685]' for 'GET' to 'http://localhost:50685/session/fabb2ffb76c94dcf75e21125cc463c12/url'
12:25:18.425 [Forwarding getCurrentUrl on session fabb2ffb76c94dcf75e21125cc463c12 to remote] DEBUG org.asynchttpclient.netty.request.NettyRequestSender - Using open Channel [id: 0xb083d4ec, L:/127.0.0.1:50937 - R:localhost/127.0.0.1:50685] for GET '/session/fabb2ffb76c94dcf75e21125cc463c12/url'
12:25:18.459 [AsyncHttpClient-1-2] DEBUG org.asynchttpclient.netty.handler.HttpHandler - 

Request DefaultFullHttpRequest(decodeResult: success, version: HTTP/1.1, content: EmptyByteBufBE)
GET /session/fabb2ffb76c94dcf75e21125cc463c12/url HTTP/1.1
User-Agent: selenium/4.4.0 (java windows)
Cache-Control: no-cache
Content-Type: application/json; charset=utf-8
host: localhost:50685
accept: */*

Response DefaultHttpResponse(decodeResult: success, version: HTTP/1.1)
HTTP/1.1 200 OK
Content-Type: application/json; charset=utf-8
cache-control: no-cache
content-length: 38

12:25:18.460 [AsyncHttpClient-1-2] DEBUG org.asynchttpclient.netty.channel.ChannelManager - Adding key: http://localhost:50685 for channel [id: 0xb083d4ec, L:/127.0.0.1:50937 - R:localhost/127.0.0.1:50685]
12:25:18.510 [Forwarding getTitle on session fabb2ffb76c94dcf75e21125cc463c12 to remote] DEBUG org.asynchttpclient.netty.request.NettyRequestSender - Using pooled Channel '[id: 0xb083d4ec, L:/127.0.0.1:50937 - R:localhost/127.0.0.1:50685]' for 'GET' to 'http://localhost:50685/session/fabb2ffb76c94dcf75e21125cc463c12/title'
12:25:18.510 [Forwarding getTitle on session fabb2ffb76c94dcf75e21125cc463c12 to remote] DEBUG org.asynchttpclient.netty.request.NettyRequestSender - Using open Channel [id: 0xb083d4ec, L:/127.0.0.1:50937 - R:localhost/127.0.0.1:50685] for GET '/session/fabb2ffb76c94dcf75e21125cc463c12/title'
12:25:18.523 [AsyncHttpClient-1-2] DEBUG org.asynchttpclient.netty.handler.HttpHandler - 

Request DefaultFullHttpRequest(decodeResult: success, version: HTTP/1.1, content: EmptyByteBufBE)
GET /session/fabb2ffb76c94dcf75e21125cc463c12/title HTTP/1.1
User-Agent: selenium/4.4.0 (java windows)
Cache-Control: no-cache
Content-Type: application/json; charset=utf-8
host: localhost:50685
accept: */*

Response DefaultHttpResponse(decodeResult: success, version: HTTP/1.1)
HTTP/1.1 200 OK
Content-Type: application/json; charset=utf-8
cache-control: no-cache
content-length: 17

12:25:18.523 [AsyncHttpClient-1-2] DEBUG org.asynchttpclient.netty.channel.ChannelManager - Adding key: http://localhost:50685 for channel [id: 0xb083d4ec, L:/127.0.0.1:50937 - R:localhost/127.0.0.1:50685]
12:25:18.623 [Forwarding getCurrentWindowHandle on session fabb2ffb76c94dcf75e21125cc463c12 to remote] DEBUG org.asynchttpclient.netty.request.NettyRequestSender - Using pooled Channel '[id: 0xb083d4ec, L:/127.0.0.1:50937 - R:localhost/127.0.0.1:50685]' for 'GET' to 'http://localhost:50685/session/fabb2ffb76c94dcf75e21125cc463c12/window'
12:25:18.623 [Forwarding getCurrentWindowHandle on session fabb2ffb76c94dcf75e21125cc463c12 to remote] DEBUG org.asynchttpclient.netty.request.NettyRequestSender - Using open Channel [id: 0xb083d4ec, L:/127.0.0.1:50937 - R:localhost/127.0.0.1:50685] for GET '/session/fabb2ffb76c94dcf75e21125cc463c12/window'
12:25:18.626 [AsyncHttpClient-1-2] DEBUG org.asynchttpclient.netty.handler.HttpHandler - 

Request DefaultFullHttpRequest(decodeResult: success, version: HTTP/1.1, content: EmptyByteBufBE)
GET /session/fabb2ffb76c94dcf75e21125cc463c12/window HTTP/1.1
User-Agent: selenium/4.4.0 (java windows)
Cache-Control: no-cache
Content-Type: application/json; charset=utf-8
host: localhost:50685
accept: */*

Response DefaultHttpResponse(decodeResult: success, version: HTTP/1.1)
HTTP/1.1 200 OK
Content-Type: application/json; charset=utf-8
cache-control: no-cache
content-length: 44

12:25:18.626 [AsyncHttpClient-1-2] DEBUG org.asynchttpclient.netty.channel.ChannelManager - Adding key: http://localhost:50685 for channel [id: 0xb083d4ec, L:/127.0.0.1:50937 - R:localhost/127.0.0.1:50685]
12:25:18.639 [Forwarding getAlertText on session fabb2ffb76c94dcf75e21125cc463c12 to remote] DEBUG org.asynchttpclient.netty.request.NettyRequestSender - Using pooled Channel '[id: 0xb083d4ec, L:/127.0.0.1:50937 - R:localhost/127.0.0.1:50685]' for 'GET' to 'http://localhost:50685/session/fabb2ffb76c94dcf75e21125cc463c12/alert/text'
12:25:18.640 [Forwarding getAlertText on session fabb2ffb76c94dcf75e21125cc463c12 to remote] DEBUG org.asynchttpclient.netty.request.NettyRequestSender - Using open Channel [id: 0xb083d4ec, L:/127.0.0.1:50937 - R:localhost/127.0.0.1:50685] for GET '/session/fabb2ffb76c94dcf75e21125cc463c12/alert/text'
12:25:18.651 [AsyncHttpClient-1-2] DEBUG org.asynchttpclient.netty.handler.HttpHandler - 

Request DefaultFullHttpRequest(decodeResult: success, version: HTTP/1.1, content: EmptyByteBufBE)
GET /session/fabb2ffb76c94dcf75e21125cc463c12/alert/text HTTP/1.1
User-Agent: selenium/4.4.0 (java windows)
Cache-Control: no-cache
Content-Type: application/json; charset=utf-8
host: localhost:50685
accept: */*

Response DefaultHttpResponse(decodeResult: success, version: HTTP/1.1)
HTTP/1.1 404 Not Found
Content-Type: application/json; charset=utf-8
cache-control: no-cache
content-length: 1045

12:25:18.652 [AsyncHttpClient-1-2] DEBUG org.asynchttpclient.netty.channel.ChannelManager - Adding key: http://localhost:50685 for channel [id: 0xb083d4ec, L:/127.0.0.1:50937 - R:localhost/127.0.0.1:50685]
12:25:18.668 [Forwarding switchToWindow on session fabb2ffb76c94dcf75e21125cc463c12 to remote] DEBUG org.asynchttpclient.netty.request.NettyRequestSender - Using pooled Channel '[id: 0xb083d4ec, L:/127.0.0.1:50937 - R:localhost/127.0.0.1:50685]' for 'POST' to 'http://localhost:50685/session/fabb2ffb76c94dcf75e21125cc463c12/window'
12:25:18.669 [Forwarding switchToWindow on session fabb2ffb76c94dcf75e21125cc463c12 to remote] DEBUG org.asynchttpclient.netty.request.NettyRequestSender - Using open Channel [id: 0xb083d4ec, L:/127.0.0.1:50937 - R:localhost/127.0.0.1:50685] for POST '/session/fabb2ffb76c94dcf75e21125cc463c12/window'
12:25:18.675 [AsyncHttpClient-1-2] DEBUG org.asynchttpclient.netty.handler.HttpHandler - 

Request DefaultHttpRequest(decodeResult: success, version: HTTP/1.1)
POST /session/fabb2ffb76c94dcf75e21125cc463c12/window HTTP/1.1
User-Agent: selenium/4.4.0 (java windows)
Content-Length: 50
Content-Type: application/json; charset=utf-8
host: localhost:50685
accept: */*

Response DefaultHttpResponse(decodeResult: success, version: HTTP/1.1)
HTTP/1.1 200 OK
Content-Type: application/json; charset=utf-8
cache-control: no-cache
content-length: 14

12:25:18.675 [AsyncHttpClient-1-2] DEBUG org.asynchttpclient.netty.channel.ChannelManager - Adding key: http://localhost:50685 for channel [id: 0xb083d4ec, L:/127.0.0.1:50937 - R:localhost/127.0.0.1:50685]
12:25:18.677 [Forwarding getCurrentUrl on session fabb2ffb76c94dcf75e21125cc463c12 to remote] DEBUG org.asynchttpclient.netty.request.NettyRequestSender - Using pooled Channel '[id: 0xb083d4ec, L:/127.0.0.1:50937 - R:localhost/127.0.0.1:50685]' for 'GET' to 'http://localhost:50685/session/fabb2ffb76c94dcf75e21125cc463c12/url'
12:25:18.677 [Forwarding getCurrentUrl on session fabb2ffb76c94dcf75e21125cc463c12 to remote] DEBUG org.asynchttpclient.netty.request.NettyRequestSender - Using open Channel [id: 0xb083d4ec, L:/127.0.0.1:50937 - R:localhost/127.0.0.1:50685] for GET '/session/fabb2ffb76c94dcf75e21125cc463c12/url'
12:25:18.691 [AsyncHttpClient-1-2] DEBUG org.asynchttpclient.netty.handler.HttpHandler - 

Request DefaultFullHttpRequest(decodeResult: success, version: HTTP/1.1, content: EmptyByteBufBE)
GET /session/fabb2ffb76c94dcf75e21125cc463c12/url HTTP/1.1
User-Agent: selenium/4.4.0 (java windows)
Cache-Control: no-cache
Content-Type: application/json; charset=utf-8
host: localhost:50685
accept: */*

Response DefaultHttpResponse(decodeResult: success, version: HTTP/1.1)
HTTP/1.1 200 OK
Content-Type: application/json; charset=utf-8
cache-control: no-cache
content-length: 38

12:25:18.691 [AsyncHttpClient-1-2] DEBUG org.asynchttpclient.netty.channel.ChannelManager - Adding key: http://localhost:50685 for channel [id: 0xb083d4ec, L:/127.0.0.1:50937 - R:localhost/127.0.0.1:50685]
12:25:18.694 [Forwarding screenshot on session fabb2ffb76c94dcf75e21125cc463c12 to remote] DEBUG org.asynchttpclient.netty.request.NettyRequestSender - Using pooled Channel '[id: 0xb083d4ec, L:/127.0.0.1:50937 - R:localhost/127.0.0.1:50685]' for 'GET' to 'http://localhost:50685/session/fabb2ffb76c94dcf75e21125cc463c12/screenshot'
12:25:18.694 [Forwarding screenshot on session fabb2ffb76c94dcf75e21125cc463c12 to remote] DEBUG org.asynchttpclient.netty.request.NettyRequestSender - Using open Channel [id: 0xb083d4ec, L:/127.0.0.1:50937 - R:localhost/127.0.0.1:50685] for GET '/session/fabb2ffb76c94dcf75e21125cc463c12/screenshot'
12:25:18.883 [AsyncHttpClient-1-1] DEBUG org.asynchttpclient.netty.channel.DefaultChannelPool - Entry count for : http://localhost:50938 : 1
12:25:18.894 [AsyncHttpClient-1-2] DEBUG org.asynchttpclient.netty.handler.HttpHandler - 

Request DefaultFullHttpRequest(decodeResult: success, version: HTTP/1.1, content: EmptyByteBufBE)
GET /session/fabb2ffb76c94dcf75e21125cc463c12/screenshot HTTP/1.1
User-Agent: selenium/4.4.0 (java windows)
Cache-Control: no-cache
Content-Type: application/json; charset=utf-8
host: localhost:50685
accept: */*

Response DefaultHttpResponse(decodeResult: success, version: HTTP/1.1)
HTTP/1.1 200 OK
Content-Type: application/json; charset=utf-8
cache-control: no-cache
content-length: 720868

12:25:18.928 [AsyncHttpClient-1-2] DEBUG org.asynchttpclient.netty.channel.ChannelManager - Adding key: http://localhost:50685 for channel [id: 0xb083d4ec, L:/127.0.0.1:50937 - R:localhost/127.0.0.1:50685]
12:25:18.971 [Test worker] DEBUG net.serenitybdd.core.photography.Darkroom - Send negative for processing for C:\Users\pcnit\Downloads\TestE2E\target\site\serenity\c6cf8b507ebab78aed50666d11ada7a52374c38a669e8464d2652523096d2389.png
  ?[32mDado ?[0m?[32m?[0m?[32m?[1m"Rodrigo"?[0m?[32m abre el sitio web de pruebas?[0m            ?[90m# co.com.screemplay.project.stepdefinition.hook.Hook.openWebsite(java.lang.String)?[0m
12:25:19.076 [Forwarding getCurrentWindowHandle on session fabb2ffb76c94dcf75e21125cc463c12 to remote] DEBUG org.asynchttpclient.netty.request.NettyRequestSender - Using pooled Channel '[id: 0xb083d4ec, L:/127.0.0.1:50937 - R:localhost/127.0.0.1:50685]' for 'GET' to 'http://localhost:50685/session/fabb2ffb76c94dcf75e21125cc463c12/window'
12:25:19.077 [Forwarding getCurrentWindowHandle on session fabb2ffb76c94dcf75e21125cc463c12 to remote] DEBUG org.asynchttpclient.netty.request.NettyRequestSender - Using open Channel [id: 0xb083d4ec, L:/127.0.0.1:50937 - R:localhost/127.0.0.1:50685] for GET '/session/fabb2ffb76c94dcf75e21125cc463c12/window'
12:25:19.080 [AsyncHttpClient-1-2] DEBUG org.asynchttpclient.netty.handler.HttpHandler - 

Request DefaultFullHttpRequest(decodeResult: success, version: HTTP/1.1, content: EmptyByteBufBE)
GET /session/fabb2ffb76c94dcf75e21125cc463c12/window HTTP/1.1
User-Agent: selenium/4.4.0 (java windows)
Cache-Control: no-cache
Content-Type: application/json; charset=utf-8
host: localhost:50685
accept: */*

Response DefaultHttpResponse(decodeResult: success, version: HTTP/1.1)
HTTP/1.1 200 OK
Content-Type: application/json; charset=utf-8
cache-control: no-cache
content-length: 44

12:25:19.080 [AsyncHttpClient-1-2] DEBUG org.asynchttpclient.netty.channel.ChannelManager - Adding key: http://localhost:50685 for channel [id: 0xb083d4ec, L:/127.0.0.1:50937 - R:localhost/127.0.0.1:50685]
12:25:19.101 [Forwarding getAlertText on session fabb2ffb76c94dcf75e21125cc463c12 to remote] DEBUG org.asynchttpclient.netty.request.NettyRequestSender - Using pooled Channel '[id: 0xb083d4ec, L:/127.0.0.1:50937 - R:localhost/127.0.0.1:50685]' for 'GET' to 'http://localhost:50685/session/fabb2ffb76c94dcf75e21125cc463c12/alert/text'
12:25:19.102 [Forwarding getAlertText on session fabb2ffb76c94dcf75e21125cc463c12 to remote] DEBUG org.asynchttpclient.netty.request.NettyRequestSender - Using open Channel [id: 0xb083d4ec, L:/127.0.0.1:50937 - R:localhost/127.0.0.1:50685] for GET '/session/fabb2ffb76c94dcf75e21125cc463c12/alert/text'
12:25:19.116 [AsyncHttpClient-1-2] DEBUG org.asynchttpclient.netty.handler.HttpHandler - 

Request DefaultFullHttpRequest(decodeResult: success, version: HTTP/1.1, content: EmptyByteBufBE)
GET /session/fabb2ffb76c94dcf75e21125cc463c12/alert/text HTTP/1.1
User-Agent: selenium/4.4.0 (java windows)
Cache-Control: no-cache
Content-Type: application/json; charset=utf-8
host: localhost:50685
accept: */*

Response DefaultHttpResponse(decodeResult: success, version: HTTP/1.1)
HTTP/1.1 404 Not Found
Content-Type: application/json; charset=utf-8
cache-control: no-cache
content-length: 1045

12:25:19.117 [AsyncHttpClient-1-2] DEBUG org.asynchttpclient.netty.channel.ChannelManager - Adding key: http://localhost:50685 for channel [id: 0xb083d4ec, L:/127.0.0.1:50937 - R:localhost/127.0.0.1:50685]
12:25:19.130 [Forwarding switchToWindow on session fabb2ffb76c94dcf75e21125cc463c12 to remote] DEBUG org.asynchttpclient.netty.request.NettyRequestSender - Using pooled Channel '[id: 0xb083d4ec, L:/127.0.0.1:50937 - R:localhost/127.0.0.1:50685]' for 'POST' to 'http://localhost:50685/session/fabb2ffb76c94dcf75e21125cc463c12/window'
12:25:19.130 [Forwarding switchToWindow on session fabb2ffb76c94dcf75e21125cc463c12 to remote] DEBUG org.asynchttpclient.netty.request.NettyRequestSender - Using open Channel [id: 0xb083d4ec, L:/127.0.0.1:50937 - R:localhost/127.0.0.1:50685] for POST '/session/fabb2ffb76c94dcf75e21125cc463c12/window'
12:25:19.136 [AsyncHttpClient-1-2] DEBUG org.asynchttpclient.netty.handler.HttpHandler - 

Request DefaultHttpRequest(decodeResult: success, version: HTTP/1.1)
POST /session/fabb2ffb76c94dcf75e21125cc463c12/window HTTP/1.1
User-Agent: selenium/4.4.0 (java windows)
Content-Length: 50
Content-Type: application/json; charset=utf-8
host: localhost:50685
accept: */*

Response DefaultHttpResponse(decodeResult: success, version: HTTP/1.1)
HTTP/1.1 200 OK
Content-Type: application/json; charset=utf-8
cache-control: no-cache
content-length: 14

12:25:19.137 [AsyncHttpClient-1-2] DEBUG org.asynchttpclient.netty.channel.ChannelManager - Adding key: http://localhost:50685 for channel [id: 0xb083d4ec, L:/127.0.0.1:50937 - R:localhost/127.0.0.1:50685]
12:25:19.138 [Forwarding getCurrentUrl on session fabb2ffb76c94dcf75e21125cc463c12 to remote] DEBUG org.asynchttpclient.netty.request.NettyRequestSender - Using pooled Channel '[id: 0xb083d4ec, L:/127.0.0.1:50937 - R:localhost/127.0.0.1:50685]' for 'GET' to 'http://localhost:50685/session/fabb2ffb76c94dcf75e21125cc463c12/url'
12:25:19.140 [Forwarding getCurrentUrl on session fabb2ffb76c94dcf75e21125cc463c12 to remote] DEBUG org.asynchttpclient.netty.request.NettyRequestSender - Using open Channel [id: 0xb083d4ec, L:/127.0.0.1:50937 - R:localhost/127.0.0.1:50685] for GET '/session/fabb2ffb76c94dcf75e21125cc463c12/url'
12:25:19.157 [AsyncHttpClient-1-2] DEBUG org.asynchttpclient.netty.handler.HttpHandler - 

Request DefaultFullHttpRequest(decodeResult: success, version: HTTP/1.1, content: EmptyByteBufBE)
GET /session/fabb2ffb76c94dcf75e21125cc463c12/url HTTP/1.1
User-Agent: selenium/4.4.0 (java windows)
Cache-Control: no-cache
Content-Type: application/json; charset=utf-8
host: localhost:50685
accept: */*

Response DefaultHttpResponse(decodeResult: success, version: HTTP/1.1)
HTTP/1.1 200 OK
Content-Type: application/json; charset=utf-8
cache-control: no-cache
content-length: 38

12:25:19.158 [AsyncHttpClient-1-2] DEBUG org.asynchttpclient.netty.channel.ChannelManager - Adding key: http://localhost:50685 for channel [id: 0xb083d4ec, L:/127.0.0.1:50937 - R:localhost/127.0.0.1:50685]
12:25:19.162 [Forwarding screenshot on session fabb2ffb76c94dcf75e21125cc463c12 to remote] DEBUG org.asynchttpclient.netty.request.NettyRequestSender - Using pooled Channel '[id: 0xb083d4ec, L:/127.0.0.1:50937 - R:localhost/127.0.0.1:50685]' for 'GET' to 'http://localhost:50685/session/fabb2ffb76c94dcf75e21125cc463c12/screenshot'
12:25:19.162 [Forwarding screenshot on session fabb2ffb76c94dcf75e21125cc463c12 to remote] DEBUG org.asynchttpclient.netty.request.NettyRequestSender - Using open Channel [id: 0xb083d4ec, L:/127.0.0.1:50937 - R:localhost/127.0.0.1:50685] for GET '/session/fabb2ffb76c94dcf75e21125cc463c12/screenshot'
12:25:19.354 [AsyncHttpClient-1-2] DEBUG org.asynchttpclient.netty.handler.HttpHandler - 

Request DefaultFullHttpRequest(decodeResult: success, version: HTTP/1.1, content: EmptyByteBufBE)
GET /session/fabb2ffb76c94dcf75e21125cc463c12/screenshot HTTP/1.1
User-Agent: selenium/4.4.0 (java windows)
Cache-Control: no-cache
Content-Type: application/json; charset=utf-8
host: localhost:50685
accept: */*

Response DefaultHttpResponse(decodeResult: success, version: HTTP/1.1)
HTTP/1.1 200 OK
Content-Type: application/json; charset=utf-8
cache-control: no-cache
content-length: 720868

12:25:19.359 [AsyncHttpClient-1-2] DEBUG org.asynchttpclient.netty.channel.ChannelManager - Adding key: http://localhost:50685 for channel [id: 0xb083d4ec, L:/127.0.0.1:50937 - R:localhost/127.0.0.1:50685]
12:25:19.388 [Test worker] DEBUG net.serenitybdd.core.photography.Darkroom - Send negative for processing for C:\Users\pcnit\Downloads\TestE2E\target\site\serenity\c6cf8b507ebab78aed50666d11ada7a52374c38a669e8464d2652523096d2389.png
12:25:19.403 [Forwarding getPageSource on session fabb2ffb76c94dcf75e21125cc463c12 to remote] DEBUG org.asynchttpclient.netty.request.NettyRequestSender - Using pooled Channel '[id: 0xb083d4ec, L:/127.0.0.1:50937 - R:localhost/127.0.0.1:50685]' for 'POST' to 'http://localhost:50685/session/fabb2ffb76c94dcf75e21125cc463c12/execute/sync'
12:25:19.404 [Forwarding getPageSource on session fabb2ffb76c94dcf75e21125cc463c12 to remote] DEBUG org.asynchttpclient.netty.request.NettyRequestSender - Using open Channel [id: 0xb083d4ec, L:/127.0.0.1:50937 - R:localhost/127.0.0.1:50685] for POST '/session/fabb2ffb76c94dcf75e21125cc463c12/execute/sync'
12:25:19.428 [AsyncHttpClient-1-2] DEBUG org.asynchttpclient.netty.handler.HttpHandler - 

Request DefaultHttpRequest(decodeResult: success, version: HTTP/1.1)
POST /session/fabb2ffb76c94dcf75e21125cc463c12/execute/sync HTTP/1.1
User-Agent: selenium/4.4.0 (java windows)
Content-Length: 176
Content-Type: application/json; charset=utf-8
host: localhost:50685
accept: */*

Response DefaultHttpResponse(decodeResult: success, version: HTTP/1.1)
HTTP/1.1 200 OK
Content-Type: application/json; charset=utf-8
cache-control: no-cache
content-length: 57308

12:25:19.428 [AsyncHttpClient-1-2] DEBUG org.asynchttpclient.netty.channel.ChannelManager - Adding key: http://localhost:50685 for channel [id: 0xb083d4ec, L:/127.0.0.1:50937 - R:localhost/127.0.0.1:50685]
12:25:19.458 [Forwarding getCurrentUrl on session fabb2ffb76c94dcf75e21125cc463c12 to remote] DEBUG org.asynchttpclient.netty.request.NettyRequestSender - Using pooled Channel '[id: 0xb083d4ec, L:/127.0.0.1:50937 - R:localhost/127.0.0.1:50685]' for 'GET' to 'http://localhost:50685/session/fabb2ffb76c94dcf75e21125cc463c12/url'
12:25:19.460 [Forwarding getCurrentUrl on session fabb2ffb76c94dcf75e21125cc463c12 to remote] DEBUG org.asynchttpclient.netty.request.NettyRequestSender - Using open Channel [id: 0xb083d4ec, L:/127.0.0.1:50937 - R:localhost/127.0.0.1:50685] for GET '/session/fabb2ffb76c94dcf75e21125cc463c12/url'
12:25:19.475 [AsyncHttpClient-1-2] DEBUG org.asynchttpclient.netty.handler.HttpHandler - 

Request DefaultFullHttpRequest(decodeResult: success, version: HTTP/1.1, content: EmptyByteBufBE)
GET /session/fabb2ffb76c94dcf75e21125cc463c12/url HTTP/1.1
User-Agent: selenium/4.4.0 (java windows)
Cache-Control: no-cache
Content-Type: application/json; charset=utf-8
host: localhost:50685
accept: */*

Response DefaultHttpResponse(decodeResult: success, version: HTTP/1.1)
HTTP/1.1 200 OK
Content-Type: application/json; charset=utf-8
cache-control: no-cache
content-length: 38

12:25:19.476 [AsyncHttpClient-1-2] DEBUG org.asynchttpclient.netty.channel.ChannelManager - Adding key: http://localhost:50685 for channel [id: 0xb083d4ec, L:/127.0.0.1:50937 - R:localhost/127.0.0.1:50685]
12:25:19.579 [Forwarding getCurrentWindowHandle on session fabb2ffb76c94dcf75e21125cc463c12 to remote] DEBUG org.asynchttpclient.netty.request.NettyRequestSender - Using pooled Channel '[id: 0xb083d4ec, L:/127.0.0.1:50937 - R:localhost/127.0.0.1:50685]' for 'GET' to 'http://localhost:50685/session/fabb2ffb76c94dcf75e21125cc463c12/window'
12:25:19.579 [Forwarding getCurrentWindowHandle on session fabb2ffb76c94dcf75e21125cc463c12 to remote] DEBUG org.asynchttpclient.netty.request.NettyRequestSender - Using open Channel [id: 0xb083d4ec, L:/127.0.0.1:50937 - R:localhost/127.0.0.1:50685] for GET '/session/fabb2ffb76c94dcf75e21125cc463c12/window'
12:25:19.582 [AsyncHttpClient-1-2] DEBUG org.asynchttpclient.netty.handler.HttpHandler - 

Request DefaultFullHttpRequest(decodeResult: success, version: HTTP/1.1, content: EmptyByteBufBE)
GET /session/fabb2ffb76c94dcf75e21125cc463c12/window HTTP/1.1
User-Agent: selenium/4.4.0 (java windows)
Cache-Control: no-cache
Content-Type: application/json; charset=utf-8
host: localhost:50685
accept: */*

Response DefaultHttpResponse(decodeResult: success, version: HTTP/1.1)
HTTP/1.1 200 OK
Content-Type: application/json; charset=utf-8
cache-control: no-cache
content-length: 44

12:25:19.583 [AsyncHttpClient-1-2] DEBUG org.asynchttpclient.netty.channel.ChannelManager - Adding key: http://localhost:50685 for channel [id: 0xb083d4ec, L:/127.0.0.1:50937 - R:localhost/127.0.0.1:50685]
12:25:19.597 [Forwarding getAlertText on session fabb2ffb76c94dcf75e21125cc463c12 to remote] DEBUG org.asynchttpclient.netty.request.NettyRequestSender - Using pooled Channel '[id: 0xb083d4ec, L:/127.0.0.1:50937 - R:localhost/127.0.0.1:50685]' for 'GET' to 'http://localhost:50685/session/fabb2ffb76c94dcf75e21125cc463c12/alert/text'
12:25:19.597 [Forwarding getAlertText on session fabb2ffb76c94dcf75e21125cc463c12 to remote] DEBUG org.asynchttpclient.netty.request.NettyRequestSender - Using open Channel [id: 0xb083d4ec, L:/127.0.0.1:50937 - R:localhost/127.0.0.1:50685] for GET '/session/fabb2ffb76c94dcf75e21125cc463c12/alert/text'
12:25:19.602 [AsyncHttpClient-1-2] DEBUG org.asynchttpclient.netty.handler.HttpHandler - 

Request DefaultFullHttpRequest(decodeResult: success, version: HTTP/1.1, content: EmptyByteBufBE)
GET /session/fabb2ffb76c94dcf75e21125cc463c12/alert/text HTTP/1.1
User-Agent: selenium/4.4.0 (java windows)
Cache-Control: no-cache
Content-Type: application/json; charset=utf-8
host: localhost:50685
accept: */*

Response DefaultHttpResponse(decodeResult: success, version: HTTP/1.1)
HTTP/1.1 404 Not Found
Content-Type: application/json; charset=utf-8
cache-control: no-cache
content-length: 1045

12:25:19.603 [AsyncHttpClient-1-2] DEBUG org.asynchttpclient.netty.channel.ChannelManager - Adding key: http://localhost:50685 for channel [id: 0xb083d4ec, L:/127.0.0.1:50937 - R:localhost/127.0.0.1:50685]
12:25:19.618 [Forwarding switchToWindow on session fabb2ffb76c94dcf75e21125cc463c12 to remote] DEBUG org.asynchttpclient.netty.request.NettyRequestSender - Using pooled Channel '[id: 0xb083d4ec, L:/127.0.0.1:50937 - R:localhost/127.0.0.1:50685]' for 'POST' to 'http://localhost:50685/session/fabb2ffb76c94dcf75e21125cc463c12/window'
12:25:19.618 [Forwarding switchToWindow on session fabb2ffb76c94dcf75e21125cc463c12 to remote] DEBUG org.asynchttpclient.netty.request.NettyRequestSender - Using open Channel [id: 0xb083d4ec, L:/127.0.0.1:50937 - R:localhost/127.0.0.1:50685] for POST '/session/fabb2ffb76c94dcf75e21125cc463c12/window'
12:25:19.623 [AsyncHttpClient-1-2] DEBUG org.asynchttpclient.netty.handler.HttpHandler - 

Request DefaultHttpRequest(decodeResult: success, version: HTTP/1.1)
POST /session/fabb2ffb76c94dcf75e21125cc463c12/window HTTP/1.1
User-Agent: selenium/4.4.0 (java windows)
Content-Length: 50
Content-Type: application/json; charset=utf-8
host: localhost:50685
accept: */*

Response DefaultHttpResponse(decodeResult: success, version: HTTP/1.1)
HTTP/1.1 200 OK
Content-Type: application/json; charset=utf-8
cache-control: no-cache
content-length: 14

12:25:19.623 [AsyncHttpClient-1-2] DEBUG org.asynchttpclient.netty.channel.ChannelManager - Adding key: http://localhost:50685 for channel [id: 0xb083d4ec, L:/127.0.0.1:50937 - R:localhost/127.0.0.1:50685]
12:25:19.626 [Forwarding getCurrentUrl on session fabb2ffb76c94dcf75e21125cc463c12 to remote] DEBUG org.asynchttpclient.netty.request.NettyRequestSender - Using pooled Channel '[id: 0xb083d4ec, L:/127.0.0.1:50937 - R:localhost/127.0.0.1:50685]' for 'GET' to 'http://localhost:50685/session/fabb2ffb76c94dcf75e21125cc463c12/url'
12:25:19.626 [Forwarding getCurrentUrl on session fabb2ffb76c94dcf75e21125cc463c12 to remote] DEBUG org.asynchttpclient.netty.request.NettyRequestSender - Using open Channel [id: 0xb083d4ec, L:/127.0.0.1:50937 - R:localhost/127.0.0.1:50685] for GET '/session/fabb2ffb76c94dcf75e21125cc463c12/url'
12:25:19.636 [AsyncHttpClient-1-2] DEBUG org.asynchttpclient.netty.handler.HttpHandler - 

Request DefaultFullHttpRequest(decodeResult: success, version: HTTP/1.1, content: EmptyByteBufBE)
GET /session/fabb2ffb76c94dcf75e21125cc463c12/url HTTP/1.1
User-Agent: selenium/4.4.0 (java windows)
Cache-Control: no-cache
Content-Type: application/json; charset=utf-8
host: localhost:50685
accept: */*

Response DefaultHttpResponse(decodeResult: success, version: HTTP/1.1)
HTTP/1.1 200 OK
Content-Type: application/json; charset=utf-8
cache-control: no-cache
content-length: 38

12:25:19.636 [AsyncHttpClient-1-2] DEBUG org.asynchttpclient.netty.channel.ChannelManager - Adding key: http://localhost:50685 for channel [id: 0xb083d4ec, L:/127.0.0.1:50937 - R:localhost/127.0.0.1:50685]
12:25:19.638 [Forwarding screenshot on session fabb2ffb76c94dcf75e21125cc463c12 to remote] DEBUG org.asynchttpclient.netty.request.NettyRequestSender - Using pooled Channel '[id: 0xb083d4ec, L:/127.0.0.1:50937 - R:localhost/127.0.0.1:50685]' for 'GET' to 'http://localhost:50685/session/fabb2ffb76c94dcf75e21125cc463c12/screenshot'
12:25:19.638 [Forwarding screenshot on session fabb2ffb76c94dcf75e21125cc463c12 to remote] DEBUG org.asynchttpclient.netty.request.NettyRequestSender - Using open Channel [id: 0xb083d4ec, L:/127.0.0.1:50937 - R:localhost/127.0.0.1:50685] for GET '/session/fabb2ffb76c94dcf75e21125cc463c12/screenshot'
12:25:19.814 [AsyncHttpClient-1-2] DEBUG org.asynchttpclient.netty.handler.HttpHandler - 

Request DefaultFullHttpRequest(decodeResult: success, version: HTTP/1.1, content: EmptyByteBufBE)
GET /session/fabb2ffb76c94dcf75e21125cc463c12/screenshot HTTP/1.1
User-Agent: selenium/4.4.0 (java windows)
Cache-Control: no-cache
Content-Type: application/json; charset=utf-8
host: localhost:50685
accept: */*

Response DefaultHttpResponse(decodeResult: success, version: HTTP/1.1)
HTTP/1.1 200 OK
Content-Type: application/json; charset=utf-8
cache-control: no-cache
content-length: 720868

12:25:19.825 [AsyncHttpClient-1-2] DEBUG org.asynchttpclient.netty.channel.ChannelManager - Adding key: http://localhost:50685 for channel [id: 0xb083d4ec, L:/127.0.0.1:50937 - R:localhost/127.0.0.1:50685]
12:25:19.862 [Test worker] DEBUG net.serenitybdd.core.photography.Darkroom - Send negative for processing for C:\Users\pcnit\Downloads\TestE2E\target\site\serenity\c6cf8b507ebab78aed50666d11ada7a52374c38a669e8464d2652523096d2389.png
12:25:19.879 [Forwarding getPageSource on session fabb2ffb76c94dcf75e21125cc463c12 to remote] DEBUG org.asynchttpclient.netty.request.NettyRequestSender - Using pooled Channel '[id: 0xb083d4ec, L:/127.0.0.1:50937 - R:localhost/127.0.0.1:50685]' for 'POST' to 'http://localhost:50685/session/fabb2ffb76c94dcf75e21125cc463c12/execute/sync'
12:25:19.879 [Forwarding getPageSource on session fabb2ffb76c94dcf75e21125cc463c12 to remote] DEBUG org.asynchttpclient.netty.request.NettyRequestSender - Using open Channel [id: 0xb083d4ec, L:/127.0.0.1:50937 - R:localhost/127.0.0.1:50685] for POST '/session/fabb2ffb76c94dcf75e21125cc463c12/execute/sync'
12:25:19.898 [AsyncHttpClient-1-2] DEBUG org.asynchttpclient.netty.handler.HttpHandler - 

Request DefaultHttpRequest(decodeResult: success, version: HTTP/1.1)
POST /session/fabb2ffb76c94dcf75e21125cc463c12/execute/sync HTTP/1.1
User-Agent: selenium/4.4.0 (java windows)
Content-Length: 176
Content-Type: application/json; charset=utf-8
host: localhost:50685
accept: */*

Response DefaultHttpResponse(decodeResult: success, version: HTTP/1.1)
HTTP/1.1 200 OK
Content-Type: application/json; charset=utf-8
cache-control: no-cache
content-length: 57308

12:25:19.899 [AsyncHttpClient-1-2] DEBUG org.asynchttpclient.netty.channel.ChannelManager - Adding key: http://localhost:50685 for channel [id: 0xb083d4ec, L:/127.0.0.1:50937 - R:localhost/127.0.0.1:50685]
12:25:19.916 [Forwarding getCurrentUrl on session fabb2ffb76c94dcf75e21125cc463c12 to remote] DEBUG org.asynchttpclient.netty.request.NettyRequestSender - Using pooled Channel '[id: 0xb083d4ec, L:/127.0.0.1:50937 - R:localhost/127.0.0.1:50685]' for 'GET' to 'http://localhost:50685/session/fabb2ffb76c94dcf75e21125cc463c12/url'
12:25:19.916 [Forwarding getCurrentUrl on session fabb2ffb76c94dcf75e21125cc463c12 to remote] DEBUG org.asynchttpclient.netty.request.NettyRequestSender - Using open Channel [id: 0xb083d4ec, L:/127.0.0.1:50937 - R:localhost/127.0.0.1:50685] for GET '/session/fabb2ffb76c94dcf75e21125cc463c12/url'
12:25:19.931 [AsyncHttpClient-1-2] DEBUG org.asynchttpclient.netty.handler.HttpHandler - 

Request DefaultFullHttpRequest(decodeResult: success, version: HTTP/1.1, content: EmptyByteBufBE)
GET /session/fabb2ffb76c94dcf75e21125cc463c12/url HTTP/1.1
User-Agent: selenium/4.4.0 (java windows)
Cache-Control: no-cache
Content-Type: application/json; charset=utf-8
host: localhost:50685
accept: */*

Response DefaultHttpResponse(decodeResult: success, version: HTTP/1.1)
HTTP/1.1 200 OK
Content-Type: application/json; charset=utf-8
cache-control: no-cache
content-length: 38

12:25:19.932 [AsyncHttpClient-1-2] DEBUG org.asynchttpclient.netty.channel.ChannelManager - Adding key: http://localhost:50685 for channel [id: 0xb083d4ec, L:/127.0.0.1:50937 - R:localhost/127.0.0.1:50685]
12:25:19.943 [Test worker] DEBUG net.thucydides.core.steps.StepInterceptor - STARTING STEP: CompleteStep.login - performAs
12:25:19.981 [AsyncHttpClient-1-1] DEBUG org.asynchttpclient.netty.channel.DefaultChannelPool - Entry count for : http://localhost:50938 : 1
12:25:19.982 [AsyncHttpClient-1-1] DEBUG org.asynchttpclient.netty.channel.DefaultChannelPool - Entry count for : http://localhost:50685 : 1
12:25:20.096 [Test worker] DEBUG net.serenitybdd.screenplay.targets.IFrameSwitcher - default content already selected for selecciona en el modal la opcion login
12:25:20.111 [Forwarding findElements on session fabb2ffb76c94dcf75e21125cc463c12 to remote] DEBUG org.asynchttpclient.netty.request.NettyRequestSender - Using pooled Channel '[id: 0xb083d4ec, L:/127.0.0.1:50937 - R:localhost/127.0.0.1:50685]' for 'POST' to 'http://localhost:50685/session/fabb2ffb76c94dcf75e21125cc463c12/elements'
12:25:20.112 [Forwarding findElements on session fabb2ffb76c94dcf75e21125cc463c12 to remote] DEBUG org.asynchttpclient.netty.request.NettyRequestSender - Using open Channel [id: 0xb083d4ec, L:/127.0.0.1:50937 - R:localhost/127.0.0.1:50685] for POST '/session/fabb2ffb76c94dcf75e21125cc463c12/elements'
12:25:20.152 [AsyncHttpClient-1-2] DEBUG org.asynchttpclient.netty.handler.HttpHandler - 

Request DefaultHttpRequest(decodeResult: success, version: HTTP/1.1)
POST /session/fabb2ffb76c94dcf75e21125cc463c12/elements HTTP/1.1
User-Agent: selenium/4.4.0 (java windows)
Content-Length: 51
Content-Type: application/json; charset=utf-8
host: localhost:50685
accept: */*

Response DefaultHttpResponse(decodeResult: success, version: HTTP/1.1)
HTTP/1.1 200 OK
Content-Type: application/json; charset=utf-8
cache-control: no-cache
content-length: 128

12:25:20.152 [AsyncHttpClient-1-2] DEBUG org.asynchttpclient.netty.channel.ChannelManager - Adding key: http://localhost:50685 for channel [id: 0xb083d4ec, L:/127.0.0.1:50937 - R:localhost/127.0.0.1:50685]
12:25:20.214 [Forwarding isElementDisplayed on session fabb2ffb76c94dcf75e21125cc463c12 to remote] DEBUG org.asynchttpclient.netty.request.NettyRequestSender - Using pooled Channel '[id: 0xb083d4ec, L:/127.0.0.1:50937 - R:localhost/127.0.0.1:50685]' for 'POST' to 'http://localhost:50685/session/fabb2ffb76c94dcf75e21125cc463c12/execute/sync'
12:25:20.215 [Forwarding isElementDisplayed on session fabb2ffb76c94dcf75e21125cc463c12 to remote] DEBUG org.asynchttpclient.netty.request.NettyRequestSender - Using open Channel [id: 0xb083d4ec, L:/127.0.0.1:50937 - R:localhost/127.0.0.1:50685] for POST '/session/fabb2ffb76c94dcf75e21125cc463c12/execute/sync'
12:25:20.248 [AsyncHttpClient-1-2] DEBUG org.asynchttpclient.netty.handler.HttpHandler - 

Request DefaultHttpRequest(decodeResult: success, version: HTTP/1.1)
POST /session/fabb2ffb76c94dcf75e21125cc463c12/execute/sync HTTP/1.1
User-Agent: selenium/4.4.0 (java windows)
Content-Length: 48818
Content-Type: application/json; charset=utf-8
host: localhost:50685
accept: */*

Response DefaultHttpResponse(decodeResult: success, version: HTTP/1.1)
HTTP/1.1 200 OK
Content-Type: application/json; charset=utf-8
cache-control: no-cache
content-length: 14

12:25:20.249 [AsyncHttpClient-1-2] DEBUG org.asynchttpclient.netty.channel.ChannelManager - Adding key: http://localhost:50685 for channel [id: 0xb083d4ec, L:/127.0.0.1:50937 - R:localhost/127.0.0.1:50685]
12:25:20.263 [Forwarding isElementDisplayed on session fabb2ffb76c94dcf75e21125cc463c12 to remote] DEBUG org.asynchttpclient.netty.request.NettyRequestSender - Using pooled Channel '[id: 0xb083d4ec, L:/127.0.0.1:50937 - R:localhost/127.0.0.1:50685]' for 'POST' to 'http://localhost:50685/session/fabb2ffb76c94dcf75e21125cc463c12/execute/sync'
12:25:20.263 [Forwarding isElementDisplayed on session fabb2ffb76c94dcf75e21125cc463c12 to remote] DEBUG org.asynchttpclient.netty.request.NettyRequestSender - Using open Channel [id: 0xb083d4ec, L:/127.0.0.1:50937 - R:localhost/127.0.0.1:50685] for POST '/session/fabb2ffb76c94dcf75e21125cc463c12/execute/sync'
12:25:20.275 [AsyncHttpClient-1-2] DEBUG org.asynchttpclient.netty.handler.HttpHandler - 

Request DefaultHttpRequest(decodeResult: success, version: HTTP/1.1)
POST /session/fabb2ffb76c94dcf75e21125cc463c12/execute/sync HTTP/1.1
User-Agent: selenium/4.4.0 (java windows)
Content-Length: 48818
Content-Type: application/json; charset=utf-8
host: localhost:50685
accept: */*

Response DefaultHttpResponse(decodeResult: success, version: HTTP/1.1)
HTTP/1.1 200 OK
Content-Type: application/json; charset=utf-8
cache-control: no-cache
content-length: 14

12:25:20.276 [AsyncHttpClient-1-2] DEBUG org.asynchttpclient.netty.channel.ChannelManager - Adding key: http://localhost:50685 for channel [id: 0xb083d4ec, L:/127.0.0.1:50937 - R:localhost/127.0.0.1:50685]
12:25:20.334 [Forwarding getCurrentWindowHandle on session fabb2ffb76c94dcf75e21125cc463c12 to remote] DEBUG org.asynchttpclient.netty.request.NettyRequestSender - Using pooled Channel '[id: 0xb083d4ec, L:/127.0.0.1:50937 - R:localhost/127.0.0.1:50685]' for 'GET' to 'http://localhost:50685/session/fabb2ffb76c94dcf75e21125cc463c12/window'
12:25:20.334 [Forwarding getCurrentWindowHandle on session fabb2ffb76c94dcf75e21125cc463c12 to remote] DEBUG org.asynchttpclient.netty.request.NettyRequestSender - Using open Channel [id: 0xb083d4ec, L:/127.0.0.1:50937 - R:localhost/127.0.0.1:50685] for GET '/session/fabb2ffb76c94dcf75e21125cc463c12/window'
12:25:20.337 [AsyncHttpClient-1-2] DEBUG org.asynchttpclient.netty.handler.HttpHandler - 

Request DefaultFullHttpRequest(decodeResult: success, version: HTTP/1.1, content: EmptyByteBufBE)
GET /session/fabb2ffb76c94dcf75e21125cc463c12/window HTTP/1.1
User-Agent: selenium/4.4.0 (java windows)
Cache-Control: no-cache
Content-Type: application/json; charset=utf-8
host: localhost:50685
accept: */*

Response DefaultHttpResponse(decodeResult: success, version: HTTP/1.1)
HTTP/1.1 200 OK
Content-Type: application/json; charset=utf-8
cache-control: no-cache
content-length: 44

12:25:20.338 [AsyncHttpClient-1-2] DEBUG org.asynchttpclient.netty.channel.ChannelManager - Adding key: http://localhost:50685 for channel [id: 0xb083d4ec, L:/127.0.0.1:50937 - R:localhost/127.0.0.1:50685]
[...]
User-Agent: selenium/4.4.0 (java windows)
Content-Length: 78
Content-Type: application/json; charset=utf-8
host: localhost:50685
accept: */*

Response DefaultHttpResponse(decodeResult: success, version: HTTP/1.1)
HTTP/1.1 200 OK
Content-Type: application/json; charset=utf-8
cache-control: no-cache
content-length: 127

12:25:48.738 [AsyncHttpClient-1-2] DEBUG org.asynchttpclient.netty.channel.ChannelManager - Adding key: http://localhost:50685 for channel [id: 0xb083d4ec, L:/127.0.0.1:50937 - R:localhost/127.0.0.1:50685]
12:25:48.739 [Forwarding getElementText on session fabb2ffb76c94dcf75e21125cc463c12 to remote] DEBUG org.asynchttpclient.netty.request.NettyRequestSender - Using pooled Channel '[id: 0xb083d4ec, L:/127.0.0.1:50937 - R:localhost/127.0.0.1:50685]' for 'GET' to 'http://localhost:50685/session/fabb2ffb76c94dcf75e21125cc463c12/element/f.7E9A709675F02E7E9E4ECE1EF325ABA8.d.D17DAE1392C999D3787AF96F6DDE3A4D.e.435/text'
12:25:48.739 [Forwarding getElementText on session fabb2ffb76c94dcf75e21125cc463c12 to remote] DEBUG org.asynchttpclient.netty.request.NettyRequestSender - Using open Channel [id: 0xb083d4ec, L:/127.0.0.1:50937 - R:localhost/127.0.0.1:50685] for GET '/session/fabb2ffb76c94dcf75e21125cc463c12/element/f.7E9A709675F02E7E9E4ECE1EF325ABA8.d.D17DAE1392C999D3787AF96F6DDE3A4D.e.435/text'
12:25:48.769 [AsyncHttpClient-1-2] DEBUG org.asynchttpclient.netty.handler.HttpHandler - 

Request DefaultFullHttpRequest(decodeResult: success, version: HTTP/1.1, content: EmptyByteBufBE)
GET /session/fabb2ffb76c94dcf75e21125cc463c12/element/f.7E9A709675F02E7E9E4ECE1EF325ABA8.d.D17DAE1392C999D3787AF96F6DDE3A4D.e.435/text HTTP/1.1
User-Agent: selenium/4.4.0 (java windows)
Cache-Control: no-cache
Content-Type: application/json; charset=utf-8
host: localhost:50685
accept: */*

Response DefaultHttpResponse(decodeResult: success, version: HTTP/1.1)
HTTP/1.1 200 OK
Content-Type: application/json; charset=utf-8
cache-control: no-cache
content-length: 40

12:25:48.769 [AsyncHttpClient-1-2] DEBUG org.asynchttpclient.netty.channel.ChannelManager - Adding key: http://localhost:50685 for channel [id: 0xb083d4ec, L:/127.0.0.1:50937 - R:localhost/127.0.0.1:50685]
12:25:48.769 [Test worker] INFO co.com.screemplay.project.questions.ValitationText - Thank you for your purchase!
12:25:48.809 [Forwarding getCurrentWindowHandle on session fabb2ffb76c94dcf75e21125cc463c12 to remote] DEBUG org.asynchttpclient.netty.request.NettyRequestSender - Using pooled Channel '[id: 0xb083d4ec, L:/127.0.0.1:50937 - R:localhost/127.0.0.1:50685]' for 'GET' to 'http://localhost:50685/session/fabb2ffb76c94dcf75e21125cc463c12/window'
12:25:48.810 [Forwarding getCurrentWindowHandle on session fabb2ffb76c94dcf75e21125cc463c12 to remote] DEBUG org.asynchttpclient.netty.request.NettyRequestSender - Using open Channel [id: 0xb083d4ec, L:/127.0.0.1:50937 - R:localhost/127.0.0.1:50685] for GET '/session/fabb2ffb76c94dcf75e21125cc463c12/window'
12:25:48.819 [AsyncHttpClient-1-2] DEBUG org.asynchttpclient.netty.handler.HttpHandler - 

Request DefaultFullHttpRequest(decodeResult: success, version: HTTP/1.1, content: EmptyByteBufBE)
GET /session/fabb2ffb76c94dcf75e21125cc463c12/window HTTP/1.1
User-Agent: selenium/4.4.0 (java windows)
Cache-Control: no-cache
Content-Type: application/json; charset=utf-8
host: localhost:50685
accept: */*

Response DefaultHttpResponse(decodeResult: success, version: HTTP/1.1)
HTTP/1.1 200 OK
Content-Type: application/json; charset=utf-8
cache-control: no-cache
content-length: 44

12:25:48.819 [AsyncHttpClient-1-2] DEBUG org.asynchttpclient.netty.channel.ChannelManager - Adding key: http://localhost:50685 for channel [id: 0xb083d4ec, L:/127.0.0.1:50937 - R:localhost/127.0.0.1:50685]
12:25:48.831 [Forwarding getAlertText on session fabb2ffb76c94dcf75e21125cc463c12 to remote] DEBUG org.asynchttpclient.netty.request.NettyRequestSender - Using pooled Channel '[id: 0xb083d4ec, L:/127.0.0.1:50937 - R:localhost/127.0.0.1:50685]' for 'GET' to 'http://localhost:50685/session/fabb2ffb76c94dcf75e21125cc463c12/alert/text'
12:25:48.832 [Forwarding getAlertText on session fabb2ffb76c94dcf75e21125cc463c12 to remote] DEBUG org.asynchttpclient.netty.request.NettyRequestSender - Using open Channel [id: 0xb083d4ec, L:/127.0.0.1:50937 - R:localhost/127.0.0.1:50685] for GET '/session/fabb2ffb76c94dcf75e21125cc463c12/alert/text'
12:25:48.842 [AsyncHttpClient-1-2] DEBUG org.asynchttpclient.netty.handler.HttpHandler - 

Request DefaultFullHttpRequest(decodeResult: success, version: HTTP/1.1, content: EmptyByteBufBE)
GET /session/fabb2ffb76c94dcf75e21125cc463c12/alert/text HTTP/1.1
User-Agent: selenium/4.4.0 (java windows)
Cache-Control: no-cache
Content-Type: application/json; charset=utf-8
host: localhost:50685
accept: */*

Response DefaultHttpResponse(decodeResult: success, version: HTTP/1.1)
HTTP/1.1 404 Not Found
Content-Type: application/json; charset=utf-8
cache-control: no-cache
content-length: 1045

12:25:48.842 [AsyncHttpClient-1-2] DEBUG org.asynchttpclient.netty.channel.ChannelManager - Adding key: http://localhost:50685 for channel [id: 0xb083d4ec, L:/127.0.0.1:50937 - R:localhost/127.0.0.1:50685]
12:25:48.855 [Forwarding switchToWindow on session fabb2ffb76c94dcf75e21125cc463c12 to remote] DEBUG org.asynchttpclient.netty.request.NettyRequestSender - Using pooled Channel '[id: 0xb083d4ec, L:/127.0.0.1:50937 - R:localhost/127.0.0.1:50685]' for 'POST' to 'http://localhost:50685/session/fabb2ffb76c94dcf75e21125cc463c12/window'
12:25:48.855 [Forwarding switchToWindow on session fabb2ffb76c94dcf75e21125cc463c12 to remote] DEBUG org.asynchttpclient.netty.request.NettyRequestSender - Using open Channel [id: 0xb083d4ec, L:/127.0.0.1:50937 - R:localhost/127.0.0.1:50685] for POST '/session/fabb2ffb76c94dcf75e21125cc463c12/window'
12:25:48.864 [AsyncHttpClient-1-2] DEBUG org.asynchttpclient.netty.handler.HttpHandler - 

Request DefaultHttpRequest(decodeResult: success, version: HTTP/1.1)
POST /session/fabb2ffb76c94dcf75e21125cc463c12/window HTTP/1.1
User-Agent: selenium/4.4.0 (java windows)
Content-Length: 50
Content-Type: application/json; charset=utf-8
host: localhost:50685
accept: */*

Response DefaultHttpResponse(decodeResult: success, version: HTTP/1.1)
HTTP/1.1 200 OK
Content-Type: application/json; charset=utf-8
cache-control: no-cache
content-length: 14

12:25:48.864 [AsyncHttpClient-1-2] DEBUG org.asynchttpclient.netty.channel.ChannelManager - Adding key: http://localhost:50685 for channel [id: 0xb083d4ec, L:/127.0.0.1:50937 - R:localhost/127.0.0.1:50685]
12:25:48.864 [Forwarding getCurrentUrl on session fabb2ffb76c94dcf75e21125cc463c12 to remote] DEBUG org.asynchttpclient.netty.request.NettyRequestSender - Using pooled Channel '[id: 0xb083d4ec, L:/127.0.0.1:50937 - R:localhost/127.0.0.1:50685]' for 'GET' to 'http://localhost:50685/session/fabb2ffb76c94dcf75e21125cc463c12/url'
12:25:48.864 [Forwarding getCurrentUrl on session fabb2ffb76c94dcf75e21125cc463c12 to remote] DEBUG org.asynchttpclient.netty.request.NettyRequestSender - Using open Channel [id: 0xb083d4ec, L:/127.0.0.1:50937 - R:localhost/127.0.0.1:50685] for GET '/session/fabb2ffb76c94dcf75e21125cc463c12/url'
12:25:48.885 [AsyncHttpClient-1-2] DEBUG org.asynchttpclient.netty.handler.HttpHandler - 

Request DefaultFullHttpRequest(decodeResult: success, version: HTTP/1.1, content: EmptyByteBufBE)
GET /session/fabb2ffb76c94dcf75e21125cc463c12/url HTTP/1.1
User-Agent: selenium/4.4.0 (java windows)
Cache-Control: no-cache
Content-Type: application/json; charset=utf-8
host: localhost:50685
accept: */*

Response DefaultHttpResponse(decodeResult: success, version: HTTP/1.1)
HTTP/1.1 200 OK
Content-Type: application/json; charset=utf-8
cache-control: no-cache
content-length: 47

12:25:48.885 [AsyncHttpClient-1-2] DEBUG org.asynchttpclient.netty.channel.ChannelManager - Adding key: http://localhost:50685 for channel [id: 0xb083d4ec, L:/127.0.0.1:50937 - R:localhost/127.0.0.1:50685]
12:25:48.886 [Forwarding screenshot on session fabb2ffb76c94dcf75e21125cc463c12 to remote] DEBUG org.asynchttpclient.netty.request.NettyRequestSender - Using pooled Channel '[id: 0xb083d4ec, L:/127.0.0.1:50937 - R:localhost/127.0.0.1:50685]' for 'GET' to 'http://localhost:50685/session/fabb2ffb76c94dcf75e21125cc463c12/screenshot'
12:25:48.886 [Forwarding screenshot on session fabb2ffb76c94dcf75e21125cc463c12 to remote] DEBUG org.asynchttpclient.netty.request.NettyRequestSender - Using open Channel [id: 0xb083d4ec, L:/127.0.0.1:50937 - R:localhost/127.0.0.1:50685] for GET '/session/fabb2ffb76c94dcf75e21125cc463c12/screenshot'
12:25:48.996 [AsyncHttpClient-1-2] DEBUG org.asynchttpclient.netty.handler.HttpHandler - 

Request DefaultFullHttpRequest(decodeResult: success, version: HTTP/1.1, content: EmptyByteBufBE)
GET /session/fabb2ffb76c94dcf75e21125cc463c12/screenshot HTTP/1.1
User-Agent: selenium/4.4.0 (java windows)
Cache-Control: no-cache
Content-Type: application/json; charset=utf-8
host: localhost:50685
accept: */*

Response DefaultHttpResponse(decodeResult: success, version: HTTP/1.1)
HTTP/1.1 200 OK
Content-Type: application/json; charset=utf-8
cache-control: no-cache
content-length: 259692

12:25:48.996 [AsyncHttpClient-1-2] DEBUG org.asynchttpclient.netty.channel.ChannelManager - Adding key: http://localhost:50685 for channel [id: 0xb083d4ec, L:/127.0.0.1:50937 - R:localhost/127.0.0.1:50685]
12:25:49.004 [Test worker] DEBUG net.serenitybdd.core.photography.Darkroom - Send negative for processing for C:\Users\pcnit\Downloads\TestE2E\target\site\serenity\75117bfc312f0826601358480fdcbb945ecb4a37fd071bbb472f5f1d49ca2ed2.png
  ?[32mEntonces ?[0m?[32mFinaliza la compra?[0m                            ?[90m# co.com.screemplay.project.stepdefinition.CompleteStep.endBuy()?[0m
12:25:49.032 [Test worker] INFO  - 
  _____   ___   ___   _____     ___     _     ___   ___   ___   ___  
 |_   _| | __| / __| |_   _|   | _ \   /_\   / __| / __| | __| |   \ 
   | |   | _|  \__ \   | |     |  _/  / _ \  \__ \ \__ \ | _|  | |) |
   |_|   |___| |___/   |_|     |_|   /_/ \_\ |___/ |___/ |___| |___/ 

Compra con Autenticación de usuario exitosa.
----------------------------------------------------------------------
12:25:49.121 [AsyncHttpClient-1-4] DEBUG org.asynchttpclient.netty.handler.WebSocketHandler - Channel Closed: [id: 0x54ca282b, L:/127.0.0.1:50950 ! R:localhost/127.0.0.1:50938] with attribute DISCARD
12:25:49.122 [Driver Command Executor] DEBUG org.asynchttpclient.netty.request.NettyRequestSender - Using pooled Channel '[id: 0xb083d4ec, L:/127.0.0.1:50937 - R:localhost/127.0.0.1:50685]' for 'DELETE' to 'http://localhost:50685/session/fabb2ffb76c94dcf75e21125cc463c12'
12:25:49.122 [Driver Command Executor] DEBUG org.asynchttpclient.netty.request.NettyRequestSender - Using open Channel [id: 0xb083d4ec, L:/127.0.0.1:50937 - R:localhost/127.0.0.1:50685] for DELETE '/session/fabb2ffb76c94dcf75e21125cc463c12'
12:25:49.184 [AsyncHttpClient-1-3] DEBUG org.asynchttpclient.netty.handler.HttpHandler - Unexpected I/O exception on channel [id: 0x78251a8f, L:/127.0.0.1:50949 - R:localhost/127.0.0.1:50938]
java.net.SocketException: Connection reset
	at java.base/sun.nio.ch.SocketChannelImpl.throwConnectionReset(SocketChannelImpl.java:394)
	at java.base/sun.nio.ch.SocketChannelImpl.read(SocketChannelImpl.java:426)
	at io.netty.buffer.PooledByteBuf.setBytes(PooledByteBuf.java:258)
	at io.netty.buffer.AbstractByteBuf.writeBytes(AbstractByteBuf.java:1132)
	at io.netty.channel.socket.nio.NioSocketChannel.doReadBytes(NioSocketChannel.java:357)
	at io.netty.channel.nio.AbstractNioByteChannel$NioByteUnsafe.read(AbstractNioByteChannel.java:151)
	at io.netty.channel.nio.NioEventLoop.processSelectedKey(NioEventLoop.java:722)
	at io.netty.channel.nio.NioEventLoop.processSelectedKeysOptimized(NioEventLoop.java:658)
	at io.netty.channel.nio.NioEventLoop.processSelectedKeys(NioEventLoop.java:584)
	at io.netty.channel.nio.NioEventLoop.run(NioEventLoop.java:496)
	at io.netty.util.concurrent.SingleThreadEventExecutor$4.run(SingleThreadEventExecutor.java:997)
	at io.netty.util.internal.ThreadExecutorMap$2.run(ThreadExecutorMap.java:74)
	at io.netty.util.concurrent.FastThreadLocalRunnable.run(FastThreadLocalRunnable.java:30)
	at java.base/java.lang.Thread.run(Thread.java:840)
12:25:49.184 [AsyncHttpClient-1-3] DEBUG org.asynchttpclient.netty.channel.ChannelManager - Closing Channel [id: 0x78251a8f, L:/127.0.0.1:50949 - R:localhost/127.0.0.1:50938] 
12:25:49.188 [AsyncHttpClient-1-3] DEBUG org.asynchttpclient.netty.handler.HttpHandler - Channel Closed: [id: 0x78251a8f, L:/127.0.0.1:50949 ! R:localhost/127.0.0.1:50938] with attribute DISCARD
12:25:49.287 [AsyncHttpClient-1-2] DEBUG org.asynchttpclient.netty.handler.HttpHandler - 

Request DefaultFullHttpRequest(decodeResult: success, version: HTTP/1.1, content: EmptyByteBufBE)
DELETE /session/fabb2ffb76c94dcf75e21125cc463c12 HTTP/1.1
User-Agent: selenium/4.4.0 (java windows)
Content-Type: application/json; charset=utf-8
host: localhost:50685
accept: */*

Response DefaultHttpResponse(decodeResult: success, version: HTTP/1.1)
HTTP/1.1 200 OK
Content-Type: application/json; charset=utf-8
cache-control: no-cache
content-length: 14

12:25:49.287 [AsyncHttpClient-1-2] DEBUG org.asynchttpclient.netty.channel.ChannelManager - Adding key: http://localhost:50685 for channel [id: 0xb083d4ec, L:/127.0.0.1:50937 - R:localhost/127.0.0.1:50685]
12:25:49.434 [AsyncHttpClient-1-2] DEBUG org.asynchttpclient.netty.handler.HttpHandler - Channel Closed: [id: 0xb083d4ec, L:/127.0.0.1:50937 ! R:localhost/127.0.0.1:50685] with attribute DISCARD
12:25:49.592 [Test worker] DEBUG net.thucydides.core.reports.ReportService - Reporting formats: [JSON, HTML]
12:25:49.675 [AsyncHttpClient-1-1] DEBUG org.asynchttpclient.netty.channel.DefaultChannelPool - Entry count for : http://localhost:50938 : 1
12:25:49.675 [AsyncHttpClient-1-1] DEBUG org.asynchttpclient.netty.channel.DefaultChannelPool - Entry count for : http://localhost:50685 : 1
12:25:49.675 [AsyncHttpClient-1-1] DEBUG org.asynchttpclient.netty.channel.DefaultChannelPool - Adding Candidate expired Channel [id: 0x78251a8f, L:/127.0.0.1:50949 ! R:localhost/127.0.0.1:50938] isIdleTimeoutExpired=false isRemotelyClosed=true isTtlExpired=false
12:25:49.675 [AsyncHttpClient-1-1] DEBUG org.asynchttpclient.netty.channel.DefaultChannelPool - Closing Idle Channel [id: 0x78251a8f, L:/127.0.0.1:50949 ! R:localhost/127.0.0.1:50938]
12:25:49.676 [AsyncHttpClient-1-1] DEBUG org.asynchttpclient.netty.channel.DefaultChannelPool - Adding Candidate expired Channel [id: 0xb083d4ec, L:/127.0.0.1:50937 ! R:localhost/127.0.0.1:50685] isIdleTimeoutExpired=false isRemotelyClosed=true isTtlExpired=false
12:25:49.676 [AsyncHttpClient-1-1] DEBUG org.asynchttpclient.netty.channel.DefaultChannelPool - Closing Idle Channel [id: 0xb083d4ec, L:/127.0.0.1:50937 ! R:localhost/127.0.0.1:50685]
12:25:49.676 [AsyncHttpClient-1-1] DEBUG org.asynchttpclient.netty.channel.DefaultChannelPool - Closed 2 connections out of 2 in 1 ms
12:25:49.742 [Test worker] DEBUG net.thucydides.core.reports.ReportService - Reporting formats: [JSON, HTML]
12:25:49.759 [Test worker] DEBUG net.thucydides.core.reports.ReportService - Generating reports for 1 test outcomes using: net.thucydides.core.reports.json.JSONTestOutcomeReporter@46b6e644
12:25:49.761 [pool-1-thread-1] DEBUG net.thucydides.core.reports.ReportService - Processing test outcome Compra con Autenticación exitosa:Compra con Autenticación de usuario exitosa.
12:25:49.761 [pool-1-thread-1] DEBUG net.thucydides.core.reports.ReportService - net.thucydides.core.reports.json.JSONTestOutcomeReporter@46b6e644: Generating report for test outcome: Compra con Autenticación exitosa:Compra con Autenticación de usuario exitosa.
12:25:49.770 [pool-1-thread-1] DEBUG net.thucydides.core.reports.json.JSONTestOutcomeReporter - Generating JSON report for Compra con Autenticación de usuario exitosa. to file C:\Users\pcnit\Downloads\TestE2E\target\site\serenity\16dc86cc2f65e1ce339124686a6025c34ab2e6abe180c8aabe937996e9dfe632.json (using temp file C:\Users\pcnit\Downloads\TestE2E\target\site\serenity\16dc86cc2f65e1ce339124686a6025c34ab2e6abe180c8aabe937996e9dfe632.jsone70a5961-7764-4ece-9be3-d69e316bb8c7)
12:25:49.822 [pool-1-thread-1] DEBUG net.thucydides.core.reports.ReportService - Processing test outcome Compra con Autenticación exitosa:Compra con Autenticación de usuario exitosa. done
12:25:49.822 [Test worker] DEBUG net.thucydides.core.reports.ReportService - Shutting down executor service
12:25:49.822 [Test worker] DEBUG net.thucydides.core.reports.ReportService - Reports generated in: 63 ms
12:25:49.822 [Test worker] DEBUG net.thucydides.core.reports.ReportService - Generating reports for 1 test outcomes using: net.thucydides.core.reports.html.HtmlAcceptanceTestReporter@5281b134
12:25:49.823 [pool-2-thread-1] DEBUG net.thucydides.core.reports.ReportService - Processing test outcome Compra con Autenticación exitosa:Compra con Autenticación de usuario exitosa.
12:25:49.823 [pool-2-thread-1] DEBUG net.thucydides.core.reports.ReportService - net.thucydides.core.reports.html.HtmlAcceptanceTestReporter@5281b134: Generating report for test outcome: Compra con Autenticación exitosa:Compra con Autenticación de usuario exitosa.
12:25:52.846 [pool-2-thread-1] DEBUG net.thucydides.core.reports.ReportService - Processing test outcome Compra con Autenticación exitosa:Compra con Autenticación de usuario exitosa. done
12:25:52.847 [Test worker] DEBUG net.thucydides.core.reports.ReportService - Shutting down executor service
12:25:52.847 [Test worker] DEBUG net.thucydides.core.reports.ReportService - Reports generated in: 3025 ms
12:25:53.013 [Test worker] DEBUG net.serenitybdd.core.photography.Darkroom - Closing darkroom
12:25:53.013 [Darkroom Processing Line] DEBUG net.serenitybdd.core.photography.DarkroomProcessingLine - Darkroom processing line shutting down
12:25:53.021 [Test worker] DEBUG net.serenitybdd.core.photography.Darkroom - Closing darkroom
]]></system-out>
  <system-err><![CDATA[?[32m?[1m┌───────────────────────────────────────────────────────────────────────────────────┐?[0m
?[32m?[1m│?[0m Share your Cucumber Report with your team at ?[36m?[1m?[4mhttps://reports.cucumber.io?[0m          ?[32m?[1m│?[0m
?[32m?[1m│?[0m Activate publishing with one of the following:                                    ?[32m?[1m│?[0m
?[32m?[1m│?[0m                                                                                   ?[32m?[1m│?[0m
?[32m?[1m│?[0m src/test/resources/cucumber.properties:          ?[36mcucumber.publish.enabled?[0m=?[36mtrue?[0m    ?[32m?[1m│?[0m
?[32m?[1m│?[0m src/test/resources/junit-platform.properties:    ?[36mcucumber.publish.enabled?[0m=?[36mtrue?[0m    ?[32m?[1m│?[0m
?[32m?[1m│?[0m Environment variable:                            ?[36mCUCUMBER_PUBLISH_ENABLED?[0m=?[36mtrue?[0m    ?[32m?[1m│?[0m
?[32m?[1m│?[0m JUnit:                                           ?[36m@CucumberOptions?[0m(publish = ?[36mtrue?[0m) ?[32m?[1m│?[0m
?[32m?[1m│?[0m                                                                                   ?[32m?[1m│?[0m
?[32m?[1m│?[0m More information at ?[36mhttps://cucumber.io/docs/cucumber/environment-variables/?[0m      ?[32m?[1m│?[0m
?[32m?[1m│?[0m                                                                                   ?[32m?[1m│?[0m
?[32m?[1m│?[0m Disable this message with one of the following:                                   ?[32m?[1m│?[0m
?[32m?[1m│?[0m                                                                                   ?[32m?[1m│?[0m
?[32m?[1m│?[0m src/test/resources/cucumber.properties:          ?[36mcucumber.publish.quiet?[0m=?[36mtrue?[0m      ?[32m?[1m│?[0m
?[32m?[1m│?[0m src/test/resources/junit-platform.properties:    ?[36mcucumber.publish.quiet?[0m=?[36mtrue?[0m      ?[32m?[1m│?[0m
?[32m?[1m└───────────────────────────────────────────────────────────────────────────────────┘?[0m
]]></system-err>
</testsuite>
