<?xml version="1.0" encoding="UTF-8"?>
<testsuite name="co.com.screemplay.project.runners.RunnerTest" tests="1" skipped="0" failures="0" errors="0" timestamp="2025-06-26T17:36:46.048Z" hostname="PC_ROD" time="44.024">
  <properties/>
  <testcase name="Compra con Autenticación de usuario exitosa." classname="co.com.screemplay.project.runners.RunnerTest" time="44.024"/>
  <system-out><![CDATA[12:36:45.813 [Test worker] INFO io.cucumber.core.plugin.SerenityReporter - Running feature from file:///C:/Users/pcnit/Downloads/TestE2E/src/test/resources/features/test.feature
12:36:45.989 [Test worker] DEBUG net.thucydides.core.guice.Injectors - Created injector for module net.thucydides.core.guice.webdriver.WebDriverModule
12:36:46.010 [Test worker] INFO  - 

-------------------------------------------------------------------------------------
     _______. _______ .______       _______ .__   __.  __  .___________.____    ____ 
    /       ||   ____||   _  \     |   ____||  \ |  | |  | |           |\   \  /   / 
   |   (----`|  |__   |  |_)  |    |  |__   |   \|  | |  | `---|  |----` \   \/   /  
    \   \    |   __|  |      /     |   __|  |  . `  | |  |     |  |       \_    _/   
.----)   |   |  |____ |  |\  \----.|  |____ |  |\   | |  |     |  |         |  |     
|_______/    |_______|| _| `._____||_______||__| \__| |__|     |__|         |__|    
                                                                                     
 News and tutorials at http://www.serenity-bdd.info                                  
 Documentation at https://wakaleo.gitbooks.io/the-serenity-book/content/             
 Join the Serenity Community on Gitter: https://gitter.im/serenity-bdd/serenity-core 
 Serenity BDD Support and Training at http://serenity-bdd.info/#/trainingandsupport  
-------------------------------------------------------------------------------------

12:36:46.016 [Test worker] DEBUG net.thucydides.core.steps.StepEventBus - Test suite started for story net.thucydides.core.model.Story@88766345
12:36:46.019 [Test worker] INFO  - Test Suite Started: Compra con Autenticación exitosa
12:36:46.040 [Test worker] INFO io.cucumber.core.plugin.SerenityReporter - Running feature from file:///C:/Users/pcnit/Downloads/TestE2E/src/test/resources/features/test.feature
12:36:46.044 [Test worker] DEBUG net.thucydides.core.steps.StepEventBus - Test suite started for story net.thucydides.core.model.Story@88766345
12:36:46.044 [Test worker] INFO  - Test Suite Started: Compra con Autenticación exitosa

@test @test
Escenario: Compra con Autenticación de usuario exitosa.  ?[90m# src/test/resources/features/test.feature:18?[0m
12:36:46.095 [Test worker] INFO io.cucumber.core.plugin.SerenityReporter - Running feature from file:///C:/Users/pcnit/Downloads/TestE2E/src/test/resources/features/test.feature
12:36:46.106 [Test worker] INFO  - 
  _____   ___   ___   _____     ___   _____     _     ___   _____   ___   ___  
 |_   _| | __| / __| |_   _|   / __| |_   _|   /_\   | _ \ |_   _| | __| |   \ 
   | |   | _|  \__ \   | |     \__ \   | |    / _ \  |   /   | |   | _|  | |) |
   |_|   |___| |___/   |_|     |___/   |_|   /_/ \_\ |_|_\   |_|   |___| |___/ 

Compra con Autenticación de usuario exitosa.(compra-con-autenticación-exitosa;compra-con-autenticación-de-usuario-exitosa.)
--------------------------------------------------------------------------------
12:36:46.511 [Test worker] DEBUG net.thucydides.core.steps.StepInterceptor - STARTING STEP: Hook.openWebsite - performAs
12:36:46.535 [Test worker] DEBUG net.thucydides.core.steps.StepInterceptor - STARTING STEP: OpenWeb.performAs - {0} opens the browser at #url
12:36:46.572 [Test worker] INFO net.serenitybdd.core.webdriver.driverproviders.DriverProvider - Using WebDriverManager configuration for edge
12:36:46.882 [Test worker] DEBUG io.github.bonigarcia.wdm.cache.ResolutionCache - Resolution edge=137 in cache (valid until 12:48:50 26/06/2025 ECT)
12:36:46.883 [Test worker] DEBUG io.github.bonigarcia.wdm.cache.ResolutionCache - Resolution edge137=137.0.3296.93 in cache (valid until 10:27:03 27/06/2025 ECT)
12:36:46.887 [Test worker] INFO io.github.bonigarcia.wdm.WebDriverManager - Using msedgedriver 137.0.3296.93 (resolved driver for Edge 137)
12:36:46.913 [Test worker] DEBUG io.github.bonigarcia.wdm.WebDriverManager - Driver msedgedriver 137.0.3296.93 found in cache
12:36:46.914 [Test worker] INFO io.github.bonigarcia.wdm.WebDriverManager - Exporting webdriver.edge.driver as C:\Users\pcnit\.cache\selenium\msedgedriver\win64\137.0.3296.93\msedgedriver.exe
12:36:47.107 [Test worker] DEBUG io.netty.util.internal.logging.InternalLoggerFactory - Using SLF4J as the default logging framework
12:36:47.112 [Test worker] DEBUG io.netty.util.ResourceLeakDetector - -Dio.netty.leakDetection.level: simple
12:36:47.112 [Test worker] DEBUG io.netty.util.ResourceLeakDetector - -Dio.netty.leakDetection.targetRecords: 4
12:36:47.126 [Test worker] DEBUG io.netty.util.ResourceLeakDetectorFactory - Loaded default ResourceLeakDetector: io.netty.util.ResourceLeakDetector@2b7facc7
12:36:47.152 [Test worker] DEBUG io.netty.util.internal.PlatformDependent0 - -Dio.netty.noUnsafe: false
12:36:47.152 [Test worker] DEBUG io.netty.util.internal.PlatformDependent0 - Java version: 17
12:36:47.153 [Test worker] DEBUG io.netty.util.internal.PlatformDependent0 - sun.misc.Unsafe.theUnsafe: available
12:36:47.153 [Test worker] DEBUG io.netty.util.internal.PlatformDependent0 - sun.misc.Unsafe.copyMemory: available
12:36:47.154 [Test worker] DEBUG io.netty.util.internal.PlatformDependent0 - sun.misc.Unsafe.storeFence: available
12:36:47.155 [Test worker] DEBUG io.netty.util.internal.PlatformDependent0 - java.nio.Buffer.address: available
12:36:47.157 [Test worker] DEBUG io.netty.util.internal.PlatformDependent0 - direct buffer constructor: unavailable: Reflective setAccessible(true) disabled
12:36:47.159 [Test worker] DEBUG io.netty.util.internal.PlatformDependent0 - java.nio.Bits.unaligned: available, true
12:36:47.160 [Test worker] DEBUG io.netty.util.internal.PlatformDependent0 - jdk.internal.misc.Unsafe.allocateUninitializedArray(int): unavailable: class io.netty.util.internal.PlatformDependent0$7 cannot access class jdk.internal.misc.Unsafe (in module java.base) because module java.base does not export jdk.internal.misc to unnamed module @1c852c0f
12:36:47.162 [Test worker] DEBUG io.netty.util.internal.PlatformDependent0 - java.nio.DirectByteBuffer.<init>(long, int): unavailable
12:36:47.162 [Test worker] DEBUG io.netty.util.internal.PlatformDependent - sun.misc.Unsafe: available
12:36:47.168 [Test worker] DEBUG io.netty.util.internal.PlatformDependent - maxDirectMemory: 536870912 bytes (maybe)
12:36:47.169 [Test worker] DEBUG io.netty.util.internal.PlatformDependent - -Dio.netty.tmpdir: C:\Users\pcnit\AppData\Local\Temp (java.io.tmpdir)
12:36:47.169 [Test worker] DEBUG io.netty.util.internal.PlatformDependent - -Dio.netty.bitMode: 64 (sun.arch.data.model)
12:36:47.169 [Test worker] DEBUG io.netty.util.internal.PlatformDependent - Platform: Windows
12:36:47.170 [Test worker] DEBUG io.netty.util.internal.PlatformDependent - -Dio.netty.maxDirectMemory: -1 bytes
12:36:47.170 [Test worker] DEBUG io.netty.util.internal.PlatformDependent - -Dio.netty.uninitializedArrayAllocationThreshold: -1
12:36:47.171 [Test worker] DEBUG io.netty.util.internal.CleanerJava9 - java.nio.ByteBuffer.cleaner(): available
12:36:47.171 [Test worker] DEBUG io.netty.util.internal.PlatformDependent - -Dio.netty.noPreferDirect: false
12:36:47.177 [Test worker] DEBUG io.netty.util.internal.PlatformDependent - org.jctools-core.MpscChunkedArrayQueue: available
12:36:47.190 [Test worker] DEBUG io.netty.util.internal.InternalThreadLocalMap - -Dio.netty.threadLocalMap.stringBuilder.initialSize: 1024
12:36:47.191 [Test worker] DEBUG io.netty.util.internal.InternalThreadLocalMap - -Dio.netty.threadLocalMap.stringBuilder.maxSize: 4096
12:36:47.220 [Test worker] DEBUG io.netty.handler.ssl.JdkSslContext - Default protocols (JDK): [TLSv1.3, TLSv1.2] 
12:36:47.220 [Test worker] DEBUG io.netty.handler.ssl.JdkSslContext - Default cipher suites (JDK): [TLS_ECDHE_ECDSA_WITH_AES_256_GCM_SHA384, TLS_ECDHE_ECDSA_WITH_AES_128_GCM_SHA256, TLS_ECDHE_RSA_WITH_AES_128_GCM_SHA256, TLS_ECDHE_RSA_WITH_AES_256_GCM_SHA384, TLS_ECDHE_RSA_WITH_AES_128_CBC_SHA, TLS_ECDHE_RSA_WITH_AES_256_CBC_SHA, TLS_RSA_WITH_AES_128_GCM_SHA256, TLS_RSA_WITH_AES_128_CBC_SHA, TLS_RSA_WITH_AES_256_CBC_SHA, TLS_AES_128_GCM_SHA256, TLS_AES_256_GCM_SHA384]
12:36:47.237 [Test worker] DEBUG io.netty.channel.MultithreadEventLoopGroup - -Dio.netty.eventLoopThreads: 40
12:36:47.242 [Test worker] DEBUG io.netty.channel.nio.NioEventLoop - -Dio.netty.noKeySetOptimization: false
12:36:47.242 [Test worker] DEBUG io.netty.channel.nio.NioEventLoop - -Dio.netty.selectorAutoRebuildThreshold: 512
12:36:47.292 [Test worker] DEBUG io.netty.buffer.PooledByteBufAllocator - -Dio.netty.allocator.numHeapArenas: 21
12:36:47.293 [Test worker] DEBUG io.netty.buffer.PooledByteBufAllocator - -Dio.netty.allocator.numDirectArenas: 21
12:36:47.293 [Test worker] DEBUG io.netty.buffer.PooledByteBufAllocator - -Dio.netty.allocator.pageSize: 8192
12:36:47.293 [Test worker] DEBUG io.netty.buffer.PooledByteBufAllocator - -Dio.netty.allocator.maxOrder: 9
12:36:47.293 [Test worker] DEBUG io.netty.buffer.PooledByteBufAllocator - -Dio.netty.allocator.chunkSize: 4194304
12:36:47.293 [Test worker] DEBUG io.netty.buffer.PooledByteBufAllocator - -Dio.netty.allocator.smallCacheSize: 256
12:36:47.293 [Test worker] DEBUG io.netty.buffer.PooledByteBufAllocator - -Dio.netty.allocator.normalCacheSize: 64
12:36:47.293 [Test worker] DEBUG io.netty.buffer.PooledByteBufAllocator - -Dio.netty.allocator.maxCachedBufferCapacity: 32768
12:36:47.293 [Test worker] DEBUG io.netty.buffer.PooledByteBufAllocator - -Dio.netty.allocator.cacheTrimInterval: 8192
12:36:47.293 [Test worker] DEBUG io.netty.buffer.PooledByteBufAllocator - -Dio.netty.allocator.cacheTrimIntervalMillis: 0
12:36:47.293 [Test worker] DEBUG io.netty.buffer.PooledByteBufAllocator - -Dio.netty.allocator.useCacheForAllThreads: false
12:36:47.293 [Test worker] DEBUG io.netty.buffer.PooledByteBufAllocator - -Dio.netty.allocator.maxCachedByteBuffersPerChunk: 1023
12:36:47.302 [Test worker] DEBUG io.netty.buffer.ByteBufUtil - -Dio.netty.allocator.type: pooled
12:36:47.302 [Test worker] DEBUG io.netty.buffer.ByteBufUtil - -Dio.netty.threadLocalDirectBufferSize: 0
12:36:47.302 [Test worker] DEBUG io.netty.buffer.ByteBufUtil - -Dio.netty.maxThreadLocalCharBufferSize: 16384
12:36:47.583 [Forwarding newSession on session null to remote] DEBUG io.netty.channel.DefaultChannelId - -Dio.netty.processId: 28640 (auto-detected)
12:36:47.585 [Forwarding newSession on session null to remote] DEBUG io.netty.util.NetUtil - -Djava.net.preferIPv4Stack: false
12:36:47.585 [Forwarding newSession on session null to remote] DEBUG io.netty.util.NetUtil - -Djava.net.preferIPv6Addresses: false
12:36:47.593 [Forwarding newSession on session null to remote] DEBUG io.netty.util.NetUtilInitializations - Loopback interface: lo (Software Loopback Interface 1, 127.0.0.1)
12:36:47.594 [Forwarding newSession on session null to remote] DEBUG io.netty.util.NetUtil - Failed to get SOMAXCONN from sysctl and file \proc\sys\net\core\somaxconn. Default: 200
12:36:47.625 [Forwarding newSession on session null to remote] DEBUG io.netty.channel.DefaultChannelId - -Dio.netty.machineId: 14:75:5b:ff:fe:99:25:a5 (auto-detected)
12:36:47.665 [AsyncHttpClient-1-2] DEBUG io.netty.buffer.AbstractByteBuf - -Dio.netty.buffer.checkAccessible: true
12:36:47.665 [AsyncHttpClient-1-2] DEBUG io.netty.buffer.AbstractByteBuf - -Dio.netty.buffer.checkBounds: true
12:36:47.665 [AsyncHttpClient-1-2] DEBUG io.netty.util.ResourceLeakDetectorFactory - Loaded default ResourceLeakDetector: io.netty.util.ResourceLeakDetector@12f34168
12:36:47.679 [AsyncHttpClient-1-2] DEBUG org.asynchttpclient.netty.channel.NettyConnectListener - Using new Channel '[id: 0x807b5911, L:/127.0.0.1:56618 - R:localhost/127.0.0.1:49921]' for 'POST' to '/session'
12:36:47.692 [AsyncHttpClient-1-2] DEBUG io.netty.util.Recycler - -Dio.netty.recycler.maxCapacityPerThread: 4096
12:36:47.692 [AsyncHttpClient-1-2] DEBUG io.netty.util.Recycler - -Dio.netty.recycler.ratio: 8
12:36:47.692 [AsyncHttpClient-1-2] DEBUG io.netty.util.Recycler - -Dio.netty.recycler.chunkSize: 32
12:36:47.692 [AsyncHttpClient-1-2] DEBUG io.netty.util.Recycler - -Dio.netty.recycler.blocking: false
12:36:48.309 [AsyncHttpClient-1-2] DEBUG io.netty.handler.codec.compression.Brotli - brotli4j not in the classpath; Brotli support will be unavailable.
12:36:48.309 [AsyncHttpClient-1-2] DEBUG org.asynchttpclient.netty.handler.HttpHandler - 

Request DefaultHttpRequest(decodeResult: success, version: HTTP/1.1)
POST /session HTTP/1.1
User-Agent: selenium/4.4.0 (java windows)
Content-Length: 991
Content-Type: application/json; charset=utf-8
host: localhost:49921
accept: */*

Response DefaultHttpResponse(decodeResult: success, version: HTTP/1.1)
HTTP/1.1 200 OK
Content-Type: application/json; charset=utf-8
cache-control: no-cache
content-length: 854

12:36:48.318 [AsyncHttpClient-1-2] DEBUG org.asynchttpclient.netty.channel.ChannelManager - Adding key: http://localhost:49921 for channel [id: 0x807b5911, L:/127.0.0.1:56618 - R:localhost/127.0.0.1:49921]
12:36:48.384 [AsyncHttpClient-1-3] DEBUG org.asynchttpclient.netty.channel.NettyConnectListener - Using new Channel '[id: 0xb8995384, L:/127.0.0.1:56631 - R:localhost/127.0.0.1:56619]' for 'GET' to '/json/version'
12:36:48.389 [AsyncHttpClient-1-3] DEBUG org.asynchttpclient.netty.handler.HttpHandler - 

Request DefaultFullHttpRequest(decodeResult: success, version: HTTP/1.1, content: EmptyByteBufBE)
GET /json/version HTTP/1.1
User-Agent: selenium/4.4.0 (java windows)
host: localhost:56619
accept: */*

Response DefaultHttpResponse(decodeResult: success, version: HTTP/1.1)
HTTP/1.1 200 OK
Content-Security-Policy: frame-ancestors 'none'
Content-Type: application/json; charset=UTF-8
content-length: 432

12:36:48.389 [AsyncHttpClient-1-3] DEBUG org.asynchttpclient.netty.channel.ChannelManager - Adding key: http://localhost:56619 for channel [id: 0xb8995384, L:/127.0.0.1:56631 - R:localhost/127.0.0.1:56619]
12:36:48.397 [Test worker] DEBUG io.netty.util.internal.ThreadLocalRandom - -Dio.netty.initialSeedUniquifier: 0x27811e61075ac214
12:36:48.399 [AsyncHttpClient-1-4] DEBUG org.asynchttpclient.netty.channel.NettyConnectListener - Using new Channel '[id: 0xca483693, L:/127.0.0.1:56632 - R:localhost/127.0.0.1:56619]' for 'GET' to '/devtools/browser/f7f2ffba-a535-4f12-a860-97f41477e78b'
12:36:48.404 [AsyncHttpClient-1-4] DEBUG org.asynchttpclient.netty.handler.WebSocketHandler - 

Request DefaultFullHttpRequest(decodeResult: success, version: HTTP/1.1, content: EmptyByteBufBE)
GET /devtools/browser/f7f2ffba-a535-4f12-a860-97f41477e78b HTTP/1.1
upgrade: websocket
connection: upgrade
sec-websocket-key: zXNA8Tpesp/ooQzQumpPpw==
sec-websocket-version: 13
origin: http://localhost:56619
host: localhost:56619
accept: */*
user-agent: AHC/2.1

Response DefaultHttpResponse(decodeResult: success, version: HTTP/1.1)
HTTP/1.1 101 WebSocket Protocol Handshake
Upgrade: WebSocket
Connection: Upgrade
Sec-WebSocket-Accept: Qb/xVe+p97briemA0LJsOYrGkTc=

12:36:48.899 [Test worker] DEBUG net.thucydides.core.reflection.ClassFinder - Could not load class .co.com.screemplay.project.hook.OpenWeb
12:36:48.899 [Test worker] DEBUG net.thucydides.core.reflection.ClassFinder - Could not load class .co.com.screemplay.project.questions.ValitationText
12:36:48.899 [Test worker] DEBUG net.thucydides.core.reflection.ClassFinder - Could not load class .co.com.screemplay.project.runners.RunnerTest
12:36:48.899 [Test worker] DEBUG net.thucydides.core.reflection.ClassFinder - Could not load class .co.com.screemplay.project.stepdefinition.CompleteStep
12:36:48.899 [Test worker] DEBUG net.thucydides.core.reflection.ClassFinder - Could not load class .co.com.screemplay.project.stepdefinition.hook.Hook
12:36:48.899 [Test worker] DEBUG net.thucydides.core.reflection.ClassFinder - Could not load class .co.com.screemplay.project.tasks.Login
12:36:48.900 [Test worker] DEBUG net.thucydides.core.reflection.ClassFinder - Could not load class .co.com.screemplay.project.tasks.PlaceOrder
12:36:48.900 [Test worker] DEBUG net.thucydides.core.reflection.ClassFinder - Could not load class .co.com.screemplay.project.tasks.Product
12:36:48.900 [Test worker] DEBUG net.thucydides.core.reflection.ClassFinder - Could not load class .co.com.screemplay.project.tasks.Purchase
12:36:48.900 [Test worker] DEBUG net.thucydides.core.reflection.ClassFinder - Could not load class .co.com.screemplay.project.ui.AddCarUI
12:36:48.900 [Test worker] DEBUG net.thucydides.core.reflection.ClassFinder - Could not load class .co.com.screemplay.project.ui.LoginUI
12:36:48.900 [Test worker] DEBUG net.thucydides.core.reflection.ClassFinder - Could not load class .co.com.screemplay.project.ui.ProductUI
12:36:48.900 [Test worker] DEBUG net.thucydides.core.reflection.ClassFinder - Could not load class .co.com.screemplay.project.utils.Constants
12:36:48.900 [Test worker] DEBUG net.thucydides.core.reflection.ClassFinder - Could not load class .co.com.screemplay.project.utils.Time
12:36:48.901 [Test worker] DEBUG net.thucydides.core.reflection.ClassFinder - Could not load class META-INF.versions.9.com.sun.istack.logging.StackHelper
12:36:48.901 [Test worker] DEBUG net.thucydides.core.reflection.ClassFinder - Could not load class META-INF.versions.9.com.sun.xml.bind.v2.runtime.reflect.opt.AccessorInjector
12:36:48.902 [Test worker] DEBUG net.thucydides.core.reflection.ClassFinder - Could not load class META-INF.versions.9.com.sun.xml.bind.v2.runtime.reflect.opt.Injector
12:36:48.902 [Test worker] DEBUG net.thucydides.core.reflection.ClassFinder - Could not load class META-INF.versions.9.com.sun.xml.bind.v2.runtime.reflect.opt.OptimizedAccessorFactory
12:36:48.903 [Test worker] DEBUG net.thucydides.core.reflection.ClassFinder - Could not load class META-INF.versions.9.com.sun.xml.bind.v2.runtime.reflect.opt.OptimizedTransducedAccessorFactory
12:36:48.903 [Test worker] DEBUG net.thucydides.core.reflection.ClassFinder - Could not load class META-INF.versions.9.io.opentelemetry.sdk.internal.CurrentJavaVersionSpecific
12:36:48.903 [Test worker] DEBUG net.thucydides.core.reflection.ClassFinder - Could not load class META-INF.versions.9.io.opentelemetry.sdk.internal.Java9VersionSpecific
12:36:48.904 [Test worker] DEBUG net.thucydides.core.reflection.ClassFinder - Could not load class META-INF.versions.9.javax.xml.bind.ModuleUtil
12:36:48.904 [Test worker] DEBUG net.thucydides.core.reflection.ClassFinder - Could not load class META-INF.versions.9.module-info
12:36:48.905 [Test worker] DEBUG net.thucydides.core.reflection.ClassFinder - Could not load class META-INF.versions.9.org.junit.platform.commons.util.ModuleUtils
12:36:49.280 [Test worker] DEBUG net.thucydides.core.reflection.ClassFinder - Could not load class com.google.gson.internal.
12:36:49.387 [AsyncHttpClient-1-1] DEBUG org.asynchttpclient.netty.channel.DefaultChannelPool - Entry count for : http://localhost:56619 : 1
12:36:49.387 [AsyncHttpClient-1-1] DEBUG org.asynchttpclient.netty.channel.DefaultChannelPool - Entry count for : http://localhost:49921 : 1
12:36:49.397 [Test worker] DEBUG net.thucydides.core.reflection.ClassFinder - Could not load class com.sun.xml.bind.v2.runtime.output.FastInfosetStreamWriterOutput
12:36:49.659 [Test worker] DEBUG net.thucydides.core.reflection.ClassFinder - Could not load class module-info
12:36:50.482 [AsyncHttpClient-1-1] DEBUG org.asynchttpclient.netty.channel.DefaultChannelPool - Entry count for : http://localhost:56619 : 1
12:36:50.482 [AsyncHttpClient-1-1] DEBUG org.asynchttpclient.netty.channel.DefaultChannelPool - Entry count for : http://localhost:49921 : 1
12:36:51.582 [AsyncHttpClient-1-1] DEBUG org.asynchttpclient.netty.channel.DefaultChannelPool - Entry count for : http://localhost:56619 : 1
12:36:51.583 [AsyncHttpClient-1-1] DEBUG org.asynchttpclient.netty.channel.DefaultChannelPool - Entry count for : http://localhost:49921 : 1
12:36:52.121 [Forwarding get on session 319642172572fdf8090d6c9115dd1193 to remote] DEBUG org.asynchttpclient.netty.request.NettyRequestSender - Using pooled Channel '[id: 0x807b5911, L:/127.0.0.1:56618 - R:localhost/127.0.0.1:49921]' for 'POST' to 'http://localhost:49921/session/319642172572fdf8090d6c9115dd1193/url'
12:36:52.121 [Forwarding get on session 319642172572fdf8090d6c9115dd1193 to remote] DEBUG org.asynchttpclient.netty.request.NettyRequestSender - Using open Channel [id: 0x807b5911, L:/127.0.0.1:56618 - R:localhost/127.0.0.1:49921] for POST '/session/319642172572fdf8090d6c9115dd1193/url'
12:36:52.684 [AsyncHttpClient-1-1] DEBUG org.asynchttpclient.netty.channel.DefaultChannelPool - Entry count for : http://localhost:56619 : 1
12:36:52.960 [AsyncHttpClient-1-2] DEBUG org.asynchttpclient.netty.handler.HttpHandler - 

Request DefaultHttpRequest(decodeResult: success, version: HTTP/1.1)
POST /session/319642172572fdf8090d6c9115dd1193/url HTTP/1.1
User-Agent: selenium/4.4.0 (java windows)
Content-Length: 56
Content-Type: application/json; charset=utf-8
host: localhost:49921
accept: */*

Response DefaultHttpResponse(decodeResult: success, version: HTTP/1.1)
HTTP/1.1 200 OK
Content-Type: application/json; charset=utf-8
cache-control: no-cache
content-length: 14

12:36:52.961 [AsyncHttpClient-1-2] DEBUG org.asynchttpclient.netty.channel.ChannelManager - Adding key: http://localhost:49921 for channel [id: 0x807b5911, L:/127.0.0.1:56618 - R:localhost/127.0.0.1:49921]
12:36:52.967 [Forwarding setTimeout on session 319642172572fdf8090d6c9115dd1193 to remote] DEBUG org.asynchttpclient.netty.request.NettyRequestSender - Using pooled Channel '[id: 0x807b5911, L:/127.0.0.1:56618 - R:localhost/127.0.0.1:49921]' for 'POST' to 'http://localhost:49921/session/319642172572fdf8090d6c9115dd1193/timeouts'
12:36:52.967 [Forwarding setTimeout on session 319642172572fdf8090d6c9115dd1193 to remote] DEBUG org.asynchttpclient.netty.request.NettyRequestSender - Using open Channel [id: 0x807b5911, L:/127.0.0.1:56618 - R:localhost/127.0.0.1:49921] for POST '/session/319642172572fdf8090d6c9115dd1193/timeouts'
12:36:52.970 [AsyncHttpClient-1-2] DEBUG org.asynchttpclient.netty.handler.HttpHandler - 

Request DefaultHttpRequest(decodeResult: success, version: HTTP/1.1)
POST /session/319642172572fdf8090d6c9115dd1193/timeouts HTTP/1.1
User-Agent: selenium/4.4.0 (java windows)
Content-Length: 22
Content-Type: application/json; charset=utf-8
host: localhost:49921
accept: */*

Response DefaultHttpResponse(decodeResult: success, version: HTTP/1.1)
HTTP/1.1 200 OK
Content-Type: application/json; charset=utf-8
cache-control: no-cache
content-length: 14

12:36:52.971 [AsyncHttpClient-1-2] DEBUG org.asynchttpclient.netty.channel.ChannelManager - Adding key: http://localhost:49921 for channel [id: 0x807b5911, L:/127.0.0.1:56618 - R:localhost/127.0.0.1:49921]
12:36:52.987 [Forwarding getCurrentUrl on session 319642172572fdf8090d6c9115dd1193 to remote] DEBUG org.asynchttpclient.netty.request.NettyRequestSender - Using pooled Channel '[id: 0x807b5911, L:/127.0.0.1:56618 - R:localhost/127.0.0.1:49921]' for 'GET' to 'http://localhost:49921/session/319642172572fdf8090d6c9115dd1193/url'
12:36:52.987 [Forwarding getCurrentUrl on session 319642172572fdf8090d6c9115dd1193 to remote] DEBUG org.asynchttpclient.netty.request.NettyRequestSender - Using open Channel [id: 0x807b5911, L:/127.0.0.1:56618 - R:localhost/127.0.0.1:49921] for GET '/session/319642172572fdf8090d6c9115dd1193/url'
12:36:52.998 [AsyncHttpClient-1-2] DEBUG org.asynchttpclient.netty.handler.HttpHandler - 

Request DefaultFullHttpRequest(decodeResult: success, version: HTTP/1.1, content: EmptyByteBufBE)
GET /session/319642172572fdf8090d6c9115dd1193/url HTTP/1.1
User-Agent: selenium/4.4.0 (java windows)
Cache-Control: no-cache
Content-Type: application/json; charset=utf-8
host: localhost:49921
accept: */*

Response DefaultHttpResponse(decodeResult: success, version: HTTP/1.1)
HTTP/1.1 200 OK
Content-Type: application/json; charset=utf-8
cache-control: no-cache
content-length: 38

12:36:52.999 [AsyncHttpClient-1-2] DEBUG org.asynchttpclient.netty.channel.ChannelManager - Adding key: http://localhost:49921 for channel [id: 0x807b5911, L:/127.0.0.1:56618 - R:localhost/127.0.0.1:49921]
12:36:53.217 [Test worker] DEBUG net.serenitybdd.core.photography.Darkroom - Opening darkroom
12:36:53.220 [Darkroom Processing Line] DEBUG net.serenitybdd.core.photography.DarkroomProcessingLine - Darkroom processing line starting up
12:36:53.244 [Forwarding getCurrentWindowHandle on session 319642172572fdf8090d6c9115dd1193 to remote] DEBUG org.asynchttpclient.netty.request.NettyRequestSender - Using pooled Channel '[id: 0x807b5911, L:/127.0.0.1:56618 - R:localhost/127.0.0.1:49921]' for 'GET' to 'http://localhost:49921/session/319642172572fdf8090d6c9115dd1193/window'
12:36:53.245 [Forwarding getCurrentWindowHandle on session 319642172572fdf8090d6c9115dd1193 to remote] DEBUG org.asynchttpclient.netty.request.NettyRequestSender - Using open Channel [id: 0x807b5911, L:/127.0.0.1:56618 - R:localhost/127.0.0.1:49921] for GET '/session/319642172572fdf8090d6c9115dd1193/window'
12:36:53.248 [AsyncHttpClient-1-2] DEBUG org.asynchttpclient.netty.handler.HttpHandler - 

Request DefaultFullHttpRequest(decodeResult: success, version: HTTP/1.1, content: EmptyByteBufBE)
GET /session/319642172572fdf8090d6c9115dd1193/window HTTP/1.1
User-Agent: selenium/4.4.0 (java windows)
Cache-Control: no-cache
Content-Type: application/json; charset=utf-8
host: localhost:49921
accept: */*

Response DefaultHttpResponse(decodeResult: success, version: HTTP/1.1)
HTTP/1.1 200 OK
Content-Type: application/json; charset=utf-8
cache-control: no-cache
content-length: 44

12:36:53.249 [AsyncHttpClient-1-2] DEBUG org.asynchttpclient.netty.channel.ChannelManager - Adding key: http://localhost:49921 for channel [id: 0x807b5911, L:/127.0.0.1:56618 - R:localhost/127.0.0.1:49921]
12:36:53.263 [Forwarding getAlertText on session 319642172572fdf8090d6c9115dd1193 to remote] DEBUG org.asynchttpclient.netty.request.NettyRequestSender - Using pooled Channel '[id: 0x807b5911, L:/127.0.0.1:56618 - R:localhost/127.0.0.1:49921]' for 'GET' to 'http://localhost:49921/session/319642172572fdf8090d6c9115dd1193/alert/text'
12:36:53.263 [Forwarding getAlertText on session 319642172572fdf8090d6c9115dd1193 to remote] DEBUG org.asynchttpclient.netty.request.NettyRequestSender - Using open Channel [id: 0x807b5911, L:/127.0.0.1:56618 - R:localhost/127.0.0.1:49921] for GET '/session/319642172572fdf8090d6c9115dd1193/alert/text'
12:36:53.269 [AsyncHttpClient-1-2] DEBUG org.asynchttpclient.netty.handler.HttpHandler - 

Request DefaultFullHttpRequest(decodeResult: success, version: HTTP/1.1, content: EmptyByteBufBE)
GET /session/319642172572fdf8090d6c9115dd1193/alert/text HTTP/1.1
User-Agent: selenium/4.4.0 (java windows)
Cache-Control: no-cache
Content-Type: application/json; charset=utf-8
host: localhost:49921
accept: */*

Response DefaultHttpResponse(decodeResult: success, version: HTTP/1.1)
HTTP/1.1 404 Not Found
Content-Type: application/json; charset=utf-8
cache-control: no-cache
content-length: 1045

12:36:53.270 [AsyncHttpClient-1-2] DEBUG org.asynchttpclient.netty.channel.ChannelManager - Adding key: http://localhost:49921 for channel [id: 0x807b5911, L:/127.0.0.1:56618 - R:localhost/127.0.0.1:49921]
12:36:53.311 [Forwarding switchToWindow on session 319642172572fdf8090d6c9115dd1193 to remote] DEBUG org.asynchttpclient.netty.request.NettyRequestSender - Using pooled Channel '[id: 0x807b5911, L:/127.0.0.1:56618 - R:localhost/127.0.0.1:49921]' for 'POST' to 'http://localhost:49921/session/319642172572fdf8090d6c9115dd1193/window'
12:36:53.311 [Forwarding switchToWindow on session 319642172572fdf8090d6c9115dd1193 to remote] DEBUG org.asynchttpclient.netty.request.NettyRequestSender - Using open Channel [id: 0x807b5911, L:/127.0.0.1:56618 - R:localhost/127.0.0.1:49921] for POST '/session/319642172572fdf8090d6c9115dd1193/window'
12:36:53.321 [AsyncHttpClient-1-2] DEBUG org.asynchttpclient.netty.handler.HttpHandler - 

Request DefaultHttpRequest(decodeResult: success, version: HTTP/1.1)
POST /session/319642172572fdf8090d6c9115dd1193/window HTTP/1.1
User-Agent: selenium/4.4.0 (java windows)
Content-Length: 50
Content-Type: application/json; charset=utf-8
host: localhost:49921
accept: */*

Response DefaultHttpResponse(decodeResult: success, version: HTTP/1.1)
HTTP/1.1 200 OK
Content-Type: application/json; charset=utf-8
cache-control: no-cache
content-length: 14

12:36:53.322 [AsyncHttpClient-1-2] DEBUG org.asynchttpclient.netty.channel.ChannelManager - Adding key: http://localhost:49921 for channel [id: 0x807b5911, L:/127.0.0.1:56618 - R:localhost/127.0.0.1:49921]
12:36:53.328 [Forwarding getCurrentUrl on session 319642172572fdf8090d6c9115dd1193 to remote] DEBUG org.asynchttpclient.netty.request.NettyRequestSender - Using pooled Channel '[id: 0x807b5911, L:/127.0.0.1:56618 - R:localhost/127.0.0.1:49921]' for 'GET' to 'http://localhost:49921/session/319642172572fdf8090d6c9115dd1193/url'
12:36:53.328 [Forwarding getCurrentUrl on session 319642172572fdf8090d6c9115dd1193 to remote] DEBUG org.asynchttpclient.netty.request.NettyRequestSender - Using open Channel [id: 0x807b5911, L:/127.0.0.1:56618 - R:localhost/127.0.0.1:49921] for GET '/session/319642172572fdf8090d6c9115dd1193/url'
12:36:53.337 [AsyncHttpClient-1-2] DEBUG org.asynchttpclient.netty.handler.HttpHandler - 

Request DefaultFullHttpRequest(decodeResult: success, version: HTTP/1.1, content: EmptyByteBufBE)
GET /session/319642172572fdf8090d6c9115dd1193/url HTTP/1.1
User-Agent: selenium/4.4.0 (java windows)
Cache-Control: no-cache
Content-Type: application/json; charset=utf-8
host: localhost:49921
accept: */*

Response DefaultHttpResponse(decodeResult: success, version: HTTP/1.1)
HTTP/1.1 200 OK
Content-Type: application/json; charset=utf-8
cache-control: no-cache
content-length: 38

12:36:53.338 [AsyncHttpClient-1-2] DEBUG org.asynchttpclient.netty.channel.ChannelManager - Adding key: http://localhost:49921 for channel [id: 0x807b5911, L:/127.0.0.1:56618 - R:localhost/127.0.0.1:49921]
12:36:53.341 [Forwarding screenshot on session 319642172572fdf8090d6c9115dd1193 to remote] DEBUG org.asynchttpclient.netty.request.NettyRequestSender - Using pooled Channel '[id: 0x807b5911, L:/127.0.0.1:56618 - R:localhost/127.0.0.1:49921]' for 'GET' to 'http://localhost:49921/session/319642172572fdf8090d6c9115dd1193/screenshot'
12:36:53.341 [Forwarding screenshot on session 319642172572fdf8090d6c9115dd1193 to remote] DEBUG org.asynchttpclient.netty.request.NettyRequestSender - Using open Channel [id: 0x807b5911, L:/127.0.0.1:56618 - R:localhost/127.0.0.1:49921] for GET '/session/319642172572fdf8090d6c9115dd1193/screenshot'
12:36:53.514 [AsyncHttpClient-1-2] DEBUG org.asynchttpclient.netty.handler.HttpHandler - 

Request DefaultFullHttpRequest(decodeResult: success, version: HTTP/1.1, content: EmptyByteBufBE)
GET /session/319642172572fdf8090d6c9115dd1193/screenshot HTTP/1.1
User-Agent: selenium/4.4.0 (java windows)
Cache-Control: no-cache
Content-Type: application/json; charset=utf-8
host: localhost:49921
accept: */*

Response DefaultHttpResponse(decodeResult: success, version: HTTP/1.1)
HTTP/1.1 200 OK
Content-Type: application/json; charset=utf-8
cache-control: no-cache
content-length: 469056

12:36:53.523 [AsyncHttpClient-1-2] DEBUG org.asynchttpclient.netty.channel.ChannelManager - Adding key: http://localhost:49921 for channel [id: 0x807b5911, L:/127.0.0.1:56618 - R:localhost/127.0.0.1:49921]
12:36:53.620 [Test worker] DEBUG net.serenitybdd.core.photography.Darkroom - Send negative for processing for C:\Users\pcnit\Downloads\TestE2E\target\site\serenity\9965d795ddb3f44deca1331760b57c820390bb514df92bcdcce74c377ca53d10.png
12:36:53.624 [Test worker] DEBUG net.thucydides.core.steps.StepInterceptor - STEP DONE: {0} opens the browser at #url
12:36:53.666 [Test worker] DEBUG net.thucydides.core.steps.StepInterceptor - STEP DONE: performAs
12:36:53.796 [AsyncHttpClient-1-1] DEBUG org.asynchttpclient.netty.channel.DefaultChannelPool - Entry count for : http://localhost:56619 : 1
12:36:53.798 [AsyncHttpClient-1-1] DEBUG org.asynchttpclient.netty.channel.DefaultChannelPool - Entry count for : http://localhost:49921 : 1
12:36:54.895 [AsyncHttpClient-1-1] DEBUG org.asynchttpclient.netty.channel.DefaultChannelPool - Entry count for : http://localhost:56619 : 1
12:36:54.896 [AsyncHttpClient-1-1] DEBUG org.asynchttpclient.netty.channel.DefaultChannelPool - Entry count for : http://localhost:49921 : 1
12:36:55.994 [AsyncHttpClient-1-1] DEBUG org.asynchttpclient.netty.channel.DefaultChannelPool - Entry count for : http://localhost:56619 : 1
12:36:55.994 [AsyncHttpClient-1-1] DEBUG org.asynchttpclient.netty.channel.DefaultChannelPool - Entry count for : http://localhost:49921 : 1
12:36:57.084 [AsyncHttpClient-1-1] DEBUG org.asynchttpclient.netty.channel.DefaultChannelPool - Entry count for : http://localhost:56619 : 1
12:36:57.084 [AsyncHttpClient-1-1] DEBUG org.asynchttpclient.netty.channel.DefaultChannelPool - Entry count for : http://localhost:49921 : 1
12:36:58.184 [AsyncHttpClient-1-1] DEBUG org.asynchttpclient.netty.channel.DefaultChannelPool - Entry count for : http://localhost:56619 : 1
12:36:58.186 [AsyncHttpClient-1-1] DEBUG org.asynchttpclient.netty.channel.DefaultChannelPool - Entry count for : http://localhost:49921 : 1
12:36:58.943 [Forwarding getCurrentWindowHandle on session 319642172572fdf8090d6c9115dd1193 to remote] DEBUG org.asynchttpclient.netty.request.NettyRequestSender - Using pooled Channel '[id: 0x807b5911, L:/127.0.0.1:56618 - R:localhost/127.0.0.1:49921]' for 'GET' to 'http://localhost:49921/session/319642172572fdf8090d6c9115dd1193/window'
12:36:58.943 [Forwarding getCurrentWindowHandle on session 319642172572fdf8090d6c9115dd1193 to remote] DEBUG org.asynchttpclient.netty.request.NettyRequestSender - Using open Channel [id: 0x807b5911, L:/127.0.0.1:56618 - R:localhost/127.0.0.1:49921] for GET '/session/319642172572fdf8090d6c9115dd1193/window'
12:36:58.947 [AsyncHttpClient-1-2] DEBUG org.asynchttpclient.netty.handler.HttpHandler - 

Request DefaultFullHttpRequest(decodeResult: success, version: HTTP/1.1, content: EmptyByteBufBE)
GET /session/319642172572fdf8090d6c9115dd1193/window HTTP/1.1
User-Agent: selenium/4.4.0 (java windows)
Cache-Control: no-cache
Content-Type: application/json; charset=utf-8
host: localhost:49921
accept: */*

Response DefaultHttpResponse(decodeResult: success, version: HTTP/1.1)
HTTP/1.1 200 OK
Content-Type: application/json; charset=utf-8
cache-control: no-cache
content-length: 44

12:36:58.948 [AsyncHttpClient-1-2] DEBUG org.asynchttpclient.netty.channel.ChannelManager - Adding key: http://localhost:49921 for channel [id: 0x807b5911, L:/127.0.0.1:56618 - R:localhost/127.0.0.1:49921]
12:36:58.975 [Forwarding getAlertText on session 319642172572fdf8090d6c9115dd1193 to remote] DEBUG org.asynchttpclient.netty.request.NettyRequestSender - Using pooled Channel '[id: 0x807b5911, L:/127.0.0.1:56618 - R:localhost/127.0.0.1:49921]' for 'GET' to 'http://localhost:49921/session/319642172572fdf8090d6c9115dd1193/alert/text'
12:36:58.975 [Forwarding getAlertText on session 319642172572fdf8090d6c9115dd1193 to remote] DEBUG org.asynchttpclient.netty.request.NettyRequestSender - Using open Channel [id: 0x807b5911, L:/127.0.0.1:56618 - R:localhost/127.0.0.1:49921] for GET '/session/319642172572fdf8090d6c9115dd1193/alert/text'
12:36:58.984 [AsyncHttpClient-1-2] DEBUG org.asynchttpclient.netty.handler.HttpHandler - 

Request DefaultFullHttpRequest(decodeResult: success, version: HTTP/1.1, content: EmptyByteBufBE)
GET /session/319642172572fdf8090d6c9115dd1193/alert/text HTTP/1.1
User-Agent: selenium/4.4.0 (java windows)
Cache-Control: no-cache
Content-Type: application/json; charset=utf-8
host: localhost:49921
accept: */*

Response DefaultHttpResponse(decodeResult: success, version: HTTP/1.1)
HTTP/1.1 404 Not Found
Content-Type: application/json; charset=utf-8
cache-control: no-cache
content-length: 1045

12:36:58.985 [AsyncHttpClient-1-2] DEBUG org.asynchttpclient.netty.channel.ChannelManager - Adding key: http://localhost:49921 for channel [id: 0x807b5911, L:/127.0.0.1:56618 - R:localhost/127.0.0.1:49921]
12:36:58.997 [Forwarding switchToWindow on session 319642172572fdf8090d6c9115dd1193 to remote] DEBUG org.asynchttpclient.netty.request.NettyRequestSender - Using pooled Channel '[id: 0x807b5911, L:/127.0.0.1:56618 - R:localhost/127.0.0.1:49921]' for 'POST' to 'http://localhost:49921/session/319642172572fdf8090d6c9115dd1193/window'
12:36:58.997 [Forwarding switchToWindow on session 319642172572fdf8090d6c9115dd1193 to remote] DEBUG org.asynchttpclient.netty.request.NettyRequestSender - Using open Channel [id: 0x807b5911, L:/127.0.0.1:56618 - R:localhost/127.0.0.1:49921] for POST '/session/319642172572fdf8090d6c9115dd1193/window'
12:36:59.001 [AsyncHttpClient-1-2] DEBUG org.asynchttpclient.netty.handler.HttpHandler - 

Request DefaultHttpRequest(decodeResult: success, version: HTTP/1.1)
POST /session/319642172572fdf8090d6c9115dd1193/window HTTP/1.1
User-Agent: selenium/4.4.0 (java windows)
Content-Length: 50
Content-Type: application/json; charset=utf-8
host: localhost:49921
accept: */*

Response DefaultHttpResponse(decodeResult: success, version: HTTP/1.1)
HTTP/1.1 200 OK
Content-Type: application/json; charset=utf-8
cache-control: no-cache
content-length: 14

12:36:59.001 [AsyncHttpClient-1-2] DEBUG org.asynchttpclient.netty.channel.ChannelManager - Adding key: http://localhost:49921 for channel [id: 0x807b5911, L:/127.0.0.1:56618 - R:localhost/127.0.0.1:49921]
12:36:59.003 [Forwarding getCurrentUrl on session 319642172572fdf8090d6c9115dd1193 to remote] DEBUG org.asynchttpclient.netty.request.NettyRequestSender - Using pooled Channel '[id: 0x807b5911, L:/127.0.0.1:56618 - R:localhost/127.0.0.1:49921]' for 'GET' to 'http://localhost:49921/session/319642172572fdf8090d6c9115dd1193/url'
12:36:59.003 [Forwarding getCurrentUrl on session 319642172572fdf8090d6c9115dd1193 to remote] DEBUG org.asynchttpclient.netty.request.NettyRequestSender - Using open Channel [id: 0x807b5911, L:/127.0.0.1:56618 - R:localhost/127.0.0.1:49921] for GET '/session/319642172572fdf8090d6c9115dd1193/url'
12:36:59.013 [AsyncHttpClient-1-2] DEBUG org.asynchttpclient.netty.handler.HttpHandler - 

Request DefaultFullHttpRequest(decodeResult: success, version: HTTP/1.1, content: EmptyByteBufBE)
GET /session/319642172572fdf8090d6c9115dd1193/url HTTP/1.1
User-Agent: selenium/4.4.0 (java windows)
Cache-Control: no-cache
Content-Type: application/json; charset=utf-8
host: localhost:49921
accept: */*

Response DefaultHttpResponse(decodeResult: success, version: HTTP/1.1)
HTTP/1.1 200 OK
Content-Type: application/json; charset=utf-8
cache-control: no-cache
content-length: 38

12:36:59.013 [AsyncHttpClient-1-2] DEBUG org.asynchttpclient.netty.channel.ChannelManager - Adding key: http://localhost:49921 for channel [id: 0x807b5911, L:/127.0.0.1:56618 - R:localhost/127.0.0.1:49921]
12:36:59.015 [Forwarding screenshot on session 319642172572fdf8090d6c9115dd1193 to remote] DEBUG org.asynchttpclient.netty.request.NettyRequestSender - Using pooled Channel '[id: 0x807b5911, L:/127.0.0.1:56618 - R:localhost/127.0.0.1:49921]' for 'GET' to 'http://localhost:49921/session/319642172572fdf8090d6c9115dd1193/screenshot'
12:36:59.015 [Forwarding screenshot on session 319642172572fdf8090d6c9115dd1193 to remote] DEBUG org.asynchttpclient.netty.request.NettyRequestSender - Using open Channel [id: 0x807b5911, L:/127.0.0.1:56618 - R:localhost/127.0.0.1:49921] for GET '/session/319642172572fdf8090d6c9115dd1193/screenshot'
12:36:59.198 [AsyncHttpClient-1-2] DEBUG org.asynchttpclient.netty.handler.HttpHandler - 

Request DefaultFullHttpRequest(decodeResult: success, version: HTTP/1.1, content: EmptyByteBufBE)
GET /session/319642172572fdf8090d6c9115dd1193/screenshot HTTP/1.1
User-Agent: selenium/4.4.0 (java windows)
Cache-Control: no-cache
Content-Type: application/json; charset=utf-8
host: localhost:49921
accept: */*

Response DefaultHttpResponse(decodeResult: success, version: HTTP/1.1)
HTTP/1.1 200 OK
Content-Type: application/json; charset=utf-8
cache-control: no-cache
content-length: 729028

12:36:59.205 [AsyncHttpClient-1-2] DEBUG org.asynchttpclient.netty.channel.ChannelManager - Adding key: http://localhost:49921 for channel [id: 0x807b5911, L:/127.0.0.1:56618 - R:localhost/127.0.0.1:49921]
12:36:59.269 [Test worker] DEBUG net.serenitybdd.core.photography.Darkroom - Send negative for processing for C:\Users\pcnit\Downloads\TestE2E\target\site\serenity\e0e8d08b29eff240f6129467ffc9978d754060778ad8e29f74fe365fe36542d7.png
12:36:59.280 [Forwarding getPageSource on session 319642172572fdf8090d6c9115dd1193 to remote] DEBUG org.asynchttpclient.netty.request.NettyRequestSender - Using pooled Channel '[id: 0x807b5911, L:/127.0.0.1:56618 - R:localhost/127.0.0.1:49921]' for 'POST' to 'http://localhost:49921/session/319642172572fdf8090d6c9115dd1193/execute/sync'
12:36:59.280 [Forwarding getPageSource on session 319642172572fdf8090d6c9115dd1193 to remote] DEBUG org.asynchttpclient.netty.request.NettyRequestSender - Using open Channel [id: 0x807b5911, L:/127.0.0.1:56618 - R:localhost/127.0.0.1:49921] for POST '/session/319642172572fdf8090d6c9115dd1193/execute/sync'
12:36:59.296 [AsyncHttpClient-1-1] DEBUG org.asynchttpclient.netty.channel.DefaultChannelPool - Entry count for : http://localhost:56619 : 1
12:36:59.299 [AsyncHttpClient-1-2] DEBUG org.asynchttpclient.netty.handler.HttpHandler - 

Request DefaultHttpRequest(decodeResult: success, version: HTTP/1.1)
POST /session/319642172572fdf8090d6c9115dd1193/execute/sync HTTP/1.1
User-Agent: selenium/4.4.0 (java windows)
Content-Length: 176
Content-Type: application/json; charset=utf-8
host: localhost:49921
accept: */*

Response DefaultHttpResponse(decodeResult: success, version: HTTP/1.1)
HTTP/1.1 200 OK
Content-Type: application/json; charset=utf-8
cache-control: no-cache
content-length: 57308

12:36:59.300 [AsyncHttpClient-1-2] DEBUG org.asynchttpclient.netty.channel.ChannelManager - Adding key: http://localhost:49921 for channel [id: 0x807b5911, L:/127.0.0.1:56618 - R:localhost/127.0.0.1:49921]
12:36:59.484 [Forwarding getCurrentUrl on session 319642172572fdf8090d6c9115dd1193 to remote] DEBUG org.asynchttpclient.netty.request.NettyRequestSender - Using pooled Channel '[id: 0x807b5911, L:/127.0.0.1:56618 - R:localhost/127.0.0.1:49921]' for 'GET' to 'http://localhost:49921/session/319642172572fdf8090d6c9115dd1193/url'
12:36:59.485 [Forwarding getCurrentUrl on session 319642172572fdf8090d6c9115dd1193 to remote] DEBUG org.asynchttpclient.netty.request.NettyRequestSender - Using open Channel [id: 0x807b5911, L:/127.0.0.1:56618 - R:localhost/127.0.0.1:49921] for GET '/session/319642172572fdf8090d6c9115dd1193/url'
12:36:59.501 [AsyncHttpClient-1-2] DEBUG org.asynchttpclient.netty.handler.HttpHandler - 

Request DefaultFullHttpRequest(decodeResult: success, version: HTTP/1.1, content: EmptyByteBufBE)
GET /session/319642172572fdf8090d6c9115dd1193/url HTTP/1.1
User-Agent: selenium/4.4.0 (java windows)
Cache-Control: no-cache
Content-Type: application/json; charset=utf-8
host: localhost:49921
accept: */*

Response DefaultHttpResponse(decodeResult: success, version: HTTP/1.1)
HTTP/1.1 200 OK
Content-Type: application/json; charset=utf-8
cache-control: no-cache
content-length: 38

12:36:59.502 [AsyncHttpClient-1-2] DEBUG org.asynchttpclient.netty.channel.ChannelManager - Adding key: http://localhost:49921 for channel [id: 0x807b5911, L:/127.0.0.1:56618 - R:localhost/127.0.0.1:49921]
12:36:59.555 [Forwarding getTitle on session 319642172572fdf8090d6c9115dd1193 to remote] DEBUG org.asynchttpclient.netty.request.NettyRequestSender - Using pooled Channel '[id: 0x807b5911, L:/127.0.0.1:56618 - R:localhost/127.0.0.1:49921]' for 'GET' to 'http://localhost:49921/session/319642172572fdf8090d6c9115dd1193/title'
12:36:59.556 [Forwarding getTitle on session 319642172572fdf8090d6c9115dd1193 to remote] DEBUG org.asynchttpclient.netty.request.NettyRequestSender - Using open Channel [id: 0x807b5911, L:/127.0.0.1:56618 - R:localhost/127.0.0.1:49921] for GET '/session/319642172572fdf8090d6c9115dd1193/title'
12:36:59.572 [AsyncHttpClient-1-2] DEBUG org.asynchttpclient.netty.handler.HttpHandler - 

Request DefaultFullHttpRequest(decodeResult: success, version: HTTP/1.1, content: EmptyByteBufBE)
GET /session/319642172572fdf8090d6c9115dd1193/title HTTP/1.1
User-Agent: selenium/4.4.0 (java windows)
Cache-Control: no-cache
Content-Type: application/json; charset=utf-8
host: localhost:49921
accept: */*

Response DefaultHttpResponse(decodeResult: success, version: HTTP/1.1)
HTTP/1.1 200 OK
Content-Type: application/json; charset=utf-8
cache-control: no-cache
content-length: 17

12:36:59.573 [AsyncHttpClient-1-2] DEBUG org.asynchttpclient.netty.channel.ChannelManager - Adding key: http://localhost:49921 for channel [id: 0x807b5911, L:/127.0.0.1:56618 - R:localhost/127.0.0.1:49921]
12:36:59.631 [Forwarding getCurrentWindowHandle on session 319642172572fdf8090d6c9115dd1193 to remote] DEBUG org.asynchttpclient.netty.request.NettyRequestSender - Using pooled Channel '[id: 0x807b5911, L:/127.0.0.1:56618 - R:localhost/127.0.0.1:49921]' for 'GET' to 'http://localhost:49921/session/319642172572fdf8090d6c9115dd1193/window'
12:36:59.631 [Forwarding getCurrentWindowHandle on session 319642172572fdf8090d6c9115dd1193 to remote] DEBUG org.asynchttpclient.netty.request.NettyRequestSender - Using open Channel [id: 0x807b5911, L:/127.0.0.1:56618 - R:localhost/127.0.0.1:49921] for GET '/session/319642172572fdf8090d6c9115dd1193/window'
12:36:59.634 [AsyncHttpClient-1-2] DEBUG org.asynchttpclient.netty.handler.HttpHandler - 

Request DefaultFullHttpRequest(decodeResult: success, version: HTTP/1.1, content: EmptyByteBufBE)
GET /session/319642172572fdf8090d6c9115dd1193/window HTTP/1.1
User-Agent: selenium/4.4.0 (java windows)
Cache-Control: no-cache
Content-Type: application/json; charset=utf-8
host: localhost:49921
accept: */*

Response DefaultHttpResponse(decodeResult: success, version: HTTP/1.1)
HTTP/1.1 200 OK
Content-Type: application/json; charset=utf-8
cache-control: no-cache
content-length: 44

12:36:59.634 [AsyncHttpClient-1-2] DEBUG org.asynchttpclient.netty.channel.ChannelManager - Adding key: http://localhost:49921 for channel [id: 0x807b5911, L:/127.0.0.1:56618 - R:localhost/127.0.0.1:49921]
12:36:59.647 [Forwarding getAlertText on session 319642172572fdf8090d6c9115dd1193 to remote] DEBUG org.asynchttpclient.netty.request.NettyRequestSender - Using pooled Channel '[id: 0x807b5911, L:/127.0.0.1:56618 - R:localhost/127.0.0.1:49921]' for 'GET' to 'http://localhost:49921/session/319642172572fdf8090d6c9115dd1193/alert/text'
12:36:59.648 [Forwarding getAlertText on session 319642172572fdf8090d6c9115dd1193 to remote] DEBUG org.asynchttpclient.netty.request.NettyRequestSender - Using open Channel [id: 0x807b5911, L:/127.0.0.1:56618 - R:localhost/127.0.0.1:49921] for GET '/session/319642172572fdf8090d6c9115dd1193/alert/text'
12:36:59.652 [AsyncHttpClient-1-2] DEBUG org.asynchttpclient.netty.handler.HttpHandler - 

Request DefaultFullHttpRequest(decodeResult: success, version: HTTP/1.1, content: EmptyByteBufBE)
GET /session/319642172572fdf8090d6c9115dd1193/alert/text HTTP/1.1
User-Agent: selenium/4.4.0 (java windows)
Cache-Control: no-cache
Content-Type: application/json; charset=utf-8
host: localhost:49921
accept: */*

Response DefaultHttpResponse(decodeResult: success, version: HTTP/1.1)
HTTP/1.1 404 Not Found
Content-Type: application/json; charset=utf-8
cache-control: no-cache
content-length: 1045

12:36:59.653 [AsyncHttpClient-1-2] DEBUG org.asynchttpclient.netty.channel.ChannelManager - Adding key: http://localhost:49921 for channel [id: 0x807b5911, L:/127.0.0.1:56618 - R:localhost/127.0.0.1:49921]
12:36:59.686 [Forwarding switchToWindow on session 319642172572fdf8090d6c9115dd1193 to remote] DEBUG org.asynchttpclient.netty.request.NettyRequestSender - Using pooled Channel '[id: 0x807b5911, L:/127.0.0.1:56618 - R:localhost/127.0.0.1:49921]' for 'POST' to 'http://localhost:49921/session/319642172572fdf8090d6c9115dd1193/window'
12:36:59.686 [Forwarding switchToWindow on session 319642172572fdf8090d6c9115dd1193 to remote] DEBUG org.asynchttpclient.netty.request.NettyRequestSender - Using open Channel [id: 0x807b5911, L:/127.0.0.1:56618 - R:localhost/127.0.0.1:49921] for POST '/session/319642172572fdf8090d6c9115dd1193/window'
12:36:59.692 [AsyncHttpClient-1-2] DEBUG org.asynchttpclient.netty.handler.HttpHandler - 

Request DefaultHttpRequest(decodeResult: success, version: HTTP/1.1)
POST /session/319642172572fdf8090d6c9115dd1193/window HTTP/1.1
User-Agent: selenium/4.4.0 (java windows)
Content-Length: 50
Content-Type: application/json; charset=utf-8
host: localhost:49921
accept: */*

Response DefaultHttpResponse(decodeResult: success, version: HTTP/1.1)
HTTP/1.1 200 OK
Content-Type: application/json; charset=utf-8
cache-control: no-cache
content-length: 14

12:36:59.693 [AsyncHttpClient-1-2] DEBUG org.asynchttpclient.netty.channel.ChannelManager - Adding key: http://localhost:49921 for channel [id: 0x807b5911, L:/127.0.0.1:56618 - R:localhost/127.0.0.1:49921]
12:36:59.695 [Forwarding getCurrentUrl on session 319642172572fdf8090d6c9115dd1193 to remote] DEBUG org.asynchttpclient.netty.request.NettyRequestSender - Using pooled Channel '[id: 0x807b5911, L:/127.0.0.1:56618 - R:localhost/127.0.0.1:49921]' for 'GET' to 'http://localhost:49921/session/319642172572fdf8090d6c9115dd1193/url'
12:36:59.695 [Forwarding getCurrentUrl on session 319642172572fdf8090d6c9115dd1193 to remote] DEBUG org.asynchttpclient.netty.request.NettyRequestSender - Using open Channel [id: 0x807b5911, L:/127.0.0.1:56618 - R:localhost/127.0.0.1:49921] for GET '/session/319642172572fdf8090d6c9115dd1193/url'
12:36:59.715 [AsyncHttpClient-1-2] DEBUG org.asynchttpclient.netty.handler.HttpHandler - 

Request DefaultFullHttpRequest(decodeResult: success, version: HTTP/1.1, content: EmptyByteBufBE)
GET /session/319642172572fdf8090d6c9115dd1193/url HTTP/1.1
User-Agent: selenium/4.4.0 (java windows)
Cache-Control: no-cache
Content-Type: application/json; charset=utf-8
host: localhost:49921
accept: */*

Response DefaultHttpResponse(decodeResult: success, version: HTTP/1.1)
HTTP/1.1 200 OK
Content-Type: application/json; charset=utf-8
cache-control: no-cache
content-length: 38

12:36:59.716 [AsyncHttpClient-1-2] DEBUG org.asynchttpclient.netty.channel.ChannelManager - Adding key: http://localhost:49921 for channel [id: 0x807b5911, L:/127.0.0.1:56618 - R:localhost/127.0.0.1:49921]
12:36:59.718 [Forwarding screenshot on session 319642172572fdf8090d6c9115dd1193 to remote] DEBUG org.asynchttpclient.netty.request.NettyRequestSender - Using pooled Channel '[id: 0x807b5911, L:/127.0.0.1:56618 - R:localhost/127.0.0.1:49921]' for 'GET' to 'http://localhost:49921/session/319642172572fdf8090d6c9115dd1193/screenshot'
12:36:59.718 [Forwarding screenshot on session 319642172572fdf8090d6c9115dd1193 to remote] DEBUG org.asynchttpclient.netty.request.NettyRequestSender - Using open Channel [id: 0x807b5911, L:/127.0.0.1:56618 - R:localhost/127.0.0.1:49921] for GET '/session/319642172572fdf8090d6c9115dd1193/screenshot'
12:36:59.905 [AsyncHttpClient-1-2] DEBUG org.asynchttpclient.netty.handler.HttpHandler - 

Request DefaultFullHttpRequest(decodeResult: success, version: HTTP/1.1, content: EmptyByteBufBE)
GET /session/319642172572fdf8090d6c9115dd1193/screenshot HTTP/1.1
User-Agent: selenium/4.4.0 (java windows)
Cache-Control: no-cache
Content-Type: application/json; charset=utf-8
host: localhost:49921
accept: */*

Response DefaultHttpResponse(decodeResult: success, version: HTTP/1.1)
HTTP/1.1 200 OK
Content-Type: application/json; charset=utf-8
cache-control: no-cache
content-length: 729028

12:36:59.913 [AsyncHttpClient-1-2] DEBUG org.asynchttpclient.netty.channel.ChannelManager - Adding key: http://localhost:49921 for channel [id: 0x807b5911, L:/127.0.0.1:56618 - R:localhost/127.0.0.1:49921]
12:36:59.946 [Test worker] DEBUG net.serenitybdd.core.photography.Darkroom - Send negative for processing for C:\Users\pcnit\Downloads\TestE2E\target\site\serenity\e0e8d08b29eff240f6129467ffc9978d754060778ad8e29f74fe365fe36542d7.png
  ?[32mDado ?[0m?[32m?[0m?[32m?[1m"Rodrigo"?[0m?[32m abre el sitio web de pruebas?[0m            ?[90m# co.com.screemplay.project.stepdefinition.hook.Hook.openWebsite(java.lang.String)?[0m
12:37:00.004 [Forwarding getPageSource on session 319642172572fdf8090d6c9115dd1193 to remote] DEBUG org.asynchttpclient.netty.request.NettyRequestSender - Using pooled Channel '[id: 0x807b5911, L:/127.0.0.1:56618 - R:localhost/127.0.0.1:49921]' for 'POST' to 'http://localhost:49921/session/319642172572fdf8090d6c9115dd1193/execute/sync'
12:37:00.004 [Forwarding getPageSource on session 319642172572fdf8090d6c9115dd1193 to remote] DEBUG org.asynchttpclient.netty.request.NettyRequestSender - Using open Channel [id: 0x807b5911, L:/127.0.0.1:56618 - R:localhost/127.0.0.1:49921] for POST '/session/319642172572fdf8090d6c9115dd1193/execute/sync'
12:37:00.025 [AsyncHttpClient-1-2] DEBUG org.asynchttpclient.netty.handler.HttpHandler - 

Request DefaultHttpRequest(decodeResult: success, version: HTTP/1.1)
POST /session/319642172572fdf8090d6c9115dd1193/execute/sync HTTP/1.1
User-Agent: selenium/4.4.0 (java windows)
Content-Length: 176
Content-Type: application/json; charset=utf-8
host: localhost:49921
accept: */*

Response DefaultHttpResponse(decodeResult: success, version: HTTP/1.1)
HTTP/1.1 200 OK
Content-Type: application/json; charset=utf-8
cache-control: no-cache
content-length: 57308

12:37:00.026 [AsyncHttpClient-1-2] DEBUG org.asynchttpclient.netty.channel.ChannelManager - Adding key: http://localhost:49921 for channel [id: 0x807b5911, L:/127.0.0.1:56618 - R:localhost/127.0.0.1:49921]
12:37:00.061 [Forwarding getCurrentUrl on session 319642172572fdf8090d6c9115dd1193 to remote] DEBUG org.asynchttpclient.netty.request.NettyRequestSender - Using pooled Channel '[id: 0x807b5911, L:/127.0.0.1:56618 - R:localhost/127.0.0.1:49921]' for 'GET' to 'http://localhost:49921/session/319642172572fdf8090d6c9115dd1193/url'
12:37:00.061 [Forwarding getCurrentUrl on session 319642172572fdf8090d6c9115dd1193 to remote] DEBUG org.asynchttpclient.netty.request.NettyRequestSender - Using open Channel [id: 0x807b5911, L:/127.0.0.1:56618 - R:localhost/127.0.0.1:49921] for GET '/session/319642172572fdf8090d6c9115dd1193/url'
12:37:00.076 [AsyncHttpClient-1-2] DEBUG org.asynchttpclient.netty.handler.HttpHandler - 

Request DefaultFullHttpRequest(decodeResult: success, version: HTTP/1.1, content: EmptyByteBufBE)
GET /session/319642172572fdf8090d6c9115dd1193/url HTTP/1.1
User-Agent: selenium/4.4.0 (java windows)
Cache-Control: no-cache
Content-Type: application/json; charset=utf-8
host: localhost:49921
accept: */*

Response DefaultHttpResponse(decodeResult: success, version: HTTP/1.1)
HTTP/1.1 200 OK
Content-Type: application/json; charset=utf-8
cache-control: no-cache
content-length: 38

12:37:00.077 [AsyncHttpClient-1-2] DEBUG org.asynchttpclient.netty.channel.ChannelManager - Adding key: http://localhost:49921 for channel [id: 0x807b5911, L:/127.0.0.1:56618 - R:localhost/127.0.0.1:49921]
12:37:00.154 [Forwarding getCurrentWindowHandle on session 319642172572fdf8090d6c9115dd1193 to remote] DEBUG org.asynchttpclient.netty.request.NettyRequestSender - Using pooled Channel '[id: 0x807b5911, L:/127.0.0.1:56618 - R:localhost/127.0.0.1:49921]' for 'GET' to 'http://localhost:49921/session/319642172572fdf8090d6c9115dd1193/window'
12:37:00.154 [Forwarding getCurrentWindowHandle on session 319642172572fdf8090d6c9115dd1193 to remote] DEBUG org.asynchttpclient.netty.request.NettyRequestSender - Using open Channel [id: 0x807b5911, L:/127.0.0.1:56618 - R:localhost/127.0.0.1:49921] for GET '/session/319642172572fdf8090d6c9115dd1193/window'
12:37:00.157 [AsyncHttpClient-1-2] DEBUG org.asynchttpclient.netty.handler.HttpHandler - 

Request DefaultFullHttpRequest(decodeResult: success, version: HTTP/1.1, content: EmptyByteBufBE)
GET /session/319642172572fdf8090d6c9115dd1193/window HTTP/1.1
User-Agent: selenium/4.4.0 (java windows)
Cache-Control: no-cache
Content-Type: application/json; charset=utf-8
host: localhost:49921
accept: */*

Response DefaultHttpResponse(decodeResult: success, version: HTTP/1.1)
HTTP/1.1 200 OK
Content-Type: application/json; charset=utf-8
cache-control: no-cache
content-length: 44

12:37:00.158 [AsyncHttpClient-1-2] DEBUG org.asynchttpclient.netty.channel.ChannelManager - Adding key: http://localhost:49921 for channel [id: 0x807b5911, L:/127.0.0.1:56618 - R:localhost/127.0.0.1:49921]
12:37:00.172 [Forwarding getAlertText on session 319642172572fdf8090d6c9115dd1193 to remote] DEBUG org.asynchttpclient.netty.request.NettyRequestSender - Using pooled Channel '[id: 0x807b5911, L:/127.0.0.1:56618 - R:localhost/127.0.0.1:49921]' for 'GET' to 'http://localhost:49921/session/319642172572fdf8090d6c9115dd1193/alert/text'
12:37:00.172 [Forwarding getAlertText on session 319642172572fdf8090d6c9115dd1193 to remote] DEBUG org.asynchttpclient.netty.request.NettyRequestSender - Using open Channel [id: 0x807b5911, L:/127.0.0.1:56618 - R:localhost/127.0.0.1:49921] for GET '/session/319642172572fdf8090d6c9115dd1193/alert/text'
12:37:00.180 [AsyncHttpClient-1-2] DEBUG org.asynchttpclient.netty.handler.HttpHandler - 

Request DefaultFullHttpRequest(decodeResult: success, version: HTTP/1.1, content: EmptyByteBufBE)
GET /session/319642172572fdf8090d6c9115dd1193/alert/text HTTP/1.1
User-Agent: selenium/4.4.0 (java windows)
Cache-Control: no-cache
Content-Type: application/json; charset=utf-8
host: localhost:49921
accept: */*

Response DefaultHttpResponse(decodeResult: success, version: HTTP/1.1)
HTTP/1.1 404 Not Found
Content-Type: application/json; charset=utf-8
cache-control: no-cache
content-length: 1045

12:37:00.181 [AsyncHttpClient-1-2] DEBUG org.asynchttpclient.netty.channel.ChannelManager - Adding key: http://localhost:49921 for channel [id: 0x807b5911, L:/127.0.0.1:56618 - R:localhost/127.0.0.1:49921]
12:37:00.197 [Forwarding switchToWindow on session 319642172572fdf8090d6c9115dd1193 to remote] DEBUG org.asynchttpclient.netty.request.NettyRequestSender - Using pooled Channel '[id: 0x807b5911, L:/127.0.0.1:56618 - R:localhost/127.0.0.1:49921]' for 'POST' to 'http://localhost:49921/session/319642172572fdf8090d6c9115dd1193/window'
12:37:00.197 [Forwarding switchToWindow on session 319642172572fdf8090d6c9115dd1193 to remote] DEBUG org.asynchttpclient.netty.request.NettyRequestSender - Using open Channel [id: 0x807b5911, L:/127.0.0.1:56618 - R:localhost/127.0.0.1:49921] for POST '/session/319642172572fdf8090d6c9115dd1193/window'
12:37:00.202 [AsyncHttpClient-1-2] DEBUG org.asynchttpclient.netty.handler.HttpHandler - 

Request DefaultHttpRequest(decodeResult: success, version: HTTP/1.1)
POST /session/319642172572fdf8090d6c9115dd1193/window HTTP/1.1
User-Agent: selenium/4.4.0 (java windows)
Content-Length: 50
Content-Type: application/json; charset=utf-8
host: localhost:49921
accept: */*

Response DefaultHttpResponse(decodeResult: success, version: HTTP/1.1)
HTTP/1.1 200 OK
Content-Type: application/json; charset=utf-8
cache-control: no-cache
content-length: 14

12:37:00.203 [AsyncHttpClient-1-2] DEBUG org.asynchttpclient.netty.channel.ChannelManager - Adding key: http://localhost:49921 for channel [id: 0x807b5911, L:/127.0.0.1:56618 - R:localhost/127.0.0.1:49921]
12:37:00.205 [Forwarding getCurrentUrl on session 319642172572fdf8090d6c9115dd1193 to remote] DEBUG org.asynchttpclient.netty.request.NettyRequestSender - Using pooled Channel '[id: 0x807b5911, L:/127.0.0.1:56618 - R:localhost/127.0.0.1:49921]' for 'GET' to 'http://localhost:49921/session/319642172572fdf8090d6c9115dd1193/url'
12:37:00.206 [Forwarding getCurrentUrl on session 319642172572fdf8090d6c9115dd1193 to remote] DEBUG org.asynchttpclient.netty.request.NettyRequestSender - Using open Channel [id: 0x807b5911, L:/127.0.0.1:56618 - R:localhost/127.0.0.1:49921] for GET '/session/319642172572fdf8090d6c9115dd1193/url'
12:37:00.221 [AsyncHttpClient-1-2] DEBUG org.asynchttpclient.netty.handler.HttpHandler - 

Request DefaultFullHttpRequest(decodeResult: success, version: HTTP/1.1, content: EmptyByteBufBE)
GET /session/319642172572fdf8090d6c9115dd1193/url HTTP/1.1
User-Agent: selenium/4.4.0 (java windows)
Cache-Control: no-cache
Content-Type: application/json; charset=utf-8
host: localhost:49921
accept: */*

Response DefaultHttpResponse(decodeResult: success, version: HTTP/1.1)
HTTP/1.1 200 OK
Content-Type: application/json; charset=utf-8
cache-control: no-cache
content-length: 38

12:37:00.221 [AsyncHttpClient-1-2] DEBUG org.asynchttpclient.netty.channel.ChannelManager - Adding key: http://localhost:49921 for channel [id: 0x807b5911, L:/127.0.0.1:56618 - R:localhost/127.0.0.1:49921]
12:37:00.223 [Forwarding screenshot on session 319642172572fdf8090d6c9115dd1193 to remote] DEBUG org.asynchttpclient.netty.request.NettyRequestSender - Using pooled Channel '[id: 0x807b5911, L:/127.0.0.1:56618 - R:localhost/127.0.0.1:49921]' for 'GET' to 'http://localhost:49921/session/319642172572fdf8090d6c9115dd1193/screenshot'
12:37:00.223 [Forwarding screenshot on session 319642172572fdf8090d6c9115dd1193 to remote] DEBUG org.asynchttpclient.netty.request.NettyRequestSender - Using open Channel [id: 0x807b5911, L:/127.0.0.1:56618 - R:localhost/127.0.0.1:49921] for GET '/session/319642172572fdf8090d6c9115dd1193/screenshot'
12:37:00.383 [AsyncHttpClient-1-1] DEBUG org.asynchttpclient.netty.channel.DefaultChannelPool - Entry count for : http://localhost:56619 : 1
12:37:00.435 [AsyncHttpClient-1-2] DEBUG org.asynchttpclient.netty.handler.HttpHandler - 

Request DefaultFullHttpRequest(decodeResult: success, version: HTTP/1.1, content: EmptyByteBufBE)
GET /session/319642172572fdf8090d6c9115dd1193/screenshot HTTP/1.1
User-Agent: selenium/4.4.0 (java windows)
Cache-Control: no-cache
Content-Type: application/json; charset=utf-8
host: localhost:49921
accept: */*

Response DefaultHttpResponse(decodeResult: success, version: HTTP/1.1)
HTTP/1.1 200 OK
Content-Type: application/json; charset=utf-8
cache-control: no-cache
content-length: 729028

12:37:00.440 [AsyncHttpClient-1-2] DEBUG org.asynchttpclient.netty.channel.ChannelManager - Adding key: http://localhost:49921 for channel [id: 0x807b5911, L:/127.0.0.1:56618 - R:localhost/127.0.0.1:49921]
12:37:00.467 [Test worker] DEBUG net.serenitybdd.core.photography.Darkroom - Send negative for processing for C:\Users\pcnit\Downloads\TestE2E\target\site\serenity\e0e8d08b29eff240f6129467ffc9978d754060778ad8e29f74fe365fe36542d7.png
12:37:00.481 [Forwarding getPageSource on session 319642172572fdf8090d6c9115dd1193 to remote] DEBUG org.asynchttpclient.netty.request.NettyRequestSender - Using pooled Channel '[id: 0x807b5911, L:/127.0.0.1:56618 - R:localhost/127.0.0.1:49921]' for 'POST' to 'http://localhost:49921/session/319642172572fdf8090d6c9115dd1193/execute/sync'
12:37:00.481 [Forwarding getPageSource on session 319642172572fdf8090d6c9115dd1193 to remote] DEBUG org.asynchttpclient.netty.request.NettyRequestSender - Using open Channel [id: 0x807b5911, L:/127.0.0.1:56618 - R:localhost/127.0.0.1:49921] for POST '/session/319642172572fdf8090d6c9115dd1193/execute/sync'
12:37:00.501 [AsyncHttpClient-1-2] DEBUG org.asynchttpclient.netty.handler.HttpHandler - 

Request DefaultHttpRequest(decodeResult: success, version: HTTP/1.1)
POST /session/319642172572fdf8090d6c9115dd1193/execute/sync HTTP/1.1
User-Agent: selenium/4.4.0 (java windows)
Content-Length: 176
Content-Type: application/json; charset=utf-8
host: localhost:49921
accept: */*

Response DefaultHttpResponse(decodeResult: success, version: HTTP/1.1)
HTTP/1.1 200 OK
Content-Type: application/json; charset=utf-8
cache-control: no-cache
content-length: 57308

12:37:00.502 [AsyncHttpClient-1-2] DEBUG org.asynchttpclient.netty.channel.ChannelManager - Adding key: http://localhost:49921 for channel [id: 0x807b5911, L:/127.0.0.1:56618 - R:localhost/127.0.0.1:49921]
12:37:00.519 [Forwarding getCurrentUrl on session 319642172572fdf8090d6c9115dd1193 to remote] DEBUG org.asynchttpclient.netty.request.NettyRequestSender - Using pooled Channel '[id: 0x807b5911, L:/127.0.0.1:56618 - R:localhost/127.0.0.1:49921]' for 'GET' to 'http://localhost:49921/session/319642172572fdf8090d6c9115dd1193/url'
12:37:00.519 [Forwarding getCurrentUrl on session 319642172572fdf8090d6c9115dd1193 to remote] DEBUG org.asynchttpclient.netty.request.NettyRequestSender - Using open Channel [id: 0x807b5911, L:/127.0.0.1:56618 - R:localhost/127.0.0.1:49921] for GET '/session/319642172572fdf8090d6c9115dd1193/url'
12:37:00.533 [AsyncHttpClient-1-2] DEBUG org.asynchttpclient.netty.handler.HttpHandler - 

Request DefaultFullHttpRequest(decodeResult: success, version: HTTP/1.1, content: EmptyByteBufBE)
GET /session/319642172572fdf8090d6c9115dd1193/url HTTP/1.1
User-Agent: selenium/4.4.0 (java windows)
Cache-Control: no-cache
Content-Type: application/json; charset=utf-8
host: localhost:49921
accept: */*

Response DefaultHttpResponse(decodeResult: success, version: HTTP/1.1)
HTTP/1.1 200 OK
Content-Type: application/json; charset=utf-8
cache-control: no-cache
content-length: 38

12:37:00.534 [AsyncHttpClient-1-2] DEBUG org.asynchttpclient.netty.channel.ChannelManager - Adding key: http://localhost:49921 for channel [id: 0x807b5911, L:/127.0.0.1:56618 - R:localhost/127.0.0.1:49921]
12:37:00.541 [Test worker] DEBUG net.thucydides.core.steps.StepInterceptor - STARTING STEP: CompleteStep.login - performAs
12:37:00.678 [Test worker] DEBUG net.serenitybdd.screenplay.targets.IFrameSwitcher - default content already selected for selecciona en el modal la opcion login
12:37:00.702 [Forwarding findElements on session 319642172572fdf8090d6c9115dd1193 to remote] DEBUG org.asynchttpclient.netty.request.NettyRequestSender - Using pooled Channel '[id: 0x807b5911, L:/127.0.0.1:56618 - R:localhost/127.0.0.1:49921]' for 'POST' to 'http://localhost:49921/session/319642172572fdf8090d6c9115dd1193/elements'
12:37:00.702 [Forwarding findElements on session 319642172572fdf8090d6c9115dd1193 to remote] DEBUG org.asynchttpclient.netty.request.NettyRequestSender - Using open Channel [id: 0x807b5911, L:/127.0.0.1:56618 - R:localhost/127.0.0.1:49921] for POST '/session/319642172572fdf8090d6c9115dd1193/elements'
12:37:00.730 [AsyncHttpClient-1-2] DEBUG org.asynchttpclient.netty.handler.HttpHandler - 

Request DefaultHttpRequest(decodeResult: success, version: HTTP/1.1)
POST /session/319642172572fdf8090d6c9115dd1193/elements HTTP/1.1
User-Agent: selenium/4.4.0 (java windows)
Content-Length: 51
Content-Type: application/json; charset=utf-8
host: localhost:49921
accept: */*

Response DefaultHttpResponse(decodeResult: success, version: HTTP/1.1)
HTTP/1.1 200 OK
Content-Type: application/json; charset=utf-8
cache-control: no-cache
content-length: 128

12:37:00.730 [AsyncHttpClient-1-2] DEBUG org.asynchttpclient.netty.channel.ChannelManager - Adding key: http://localhost:49921 for channel [id: 0x807b5911, L:/127.0.0.1:56618 - R:localhost/127.0.0.1:49921]
12:37:00.776 [Forwarding isElementDisplayed on session 319642172572fdf8090d6c9115dd1193 to remote] DEBUG org.asynchttpclient.netty.request.NettyRequestSender - Using pooled Channel '[id: 0x807b5911, L:/127.0.0.1:56618 - R:localhost/127.0.0.1:49921]' for 'POST' to 'http://localhost:49921/session/319642172572fdf8090d6c9115dd1193/execute/sync'
12:37:00.776 [Forwarding isElementDisplayed on session 319642172572fdf8090d6c9115dd1193 to remote] DEBUG org.asynchttpclient.netty.request.NettyRequestSender - Using open Channel [id: 0x807b5911, L:/127.0.0.1:56618 - R:localhost/127.0.0.1:49921] for POST '/session/319642172572fdf8090d6c9115dd1193/execute/sync'
12:37:00.838 [AsyncHttpClient-1-2] DEBUG org.asynchttpclient.netty.handler.HttpHandler - 

Request DefaultHttpRequest(decodeResult: success, version: HTTP/1.1)
POST /session/319642172572fdf8090d6c9115dd1193/execute/sync HTTP/1.1
User-Agent: selenium/4.4.0 (java windows)
Content-Length: 48818
Content-Type: application/json; charset=utf-8
host: localhost:49921
accept: */*

Response DefaultHttpResponse(decodeResult: success, version: HTTP/1.1)
HTTP/1.1 200 OK
Content-Type: application/json; charset=utf-8
cache-control: no-cache
content-length: 14

12:37:00.838 [AsyncHttpClient-1-2] DEBUG org.asynchttpclient.netty.channel.ChannelManager - Adding key: http://localhost:49921 for channel [id: 0x807b5911, L:/127.0.0.1:56618 - R:localhost/127.0.0.1:49921]
12:37:00.846 [Forwarding isElementDisplayed on session 319642172572fdf8090d6c9115dd1193 to remote] DEBUG org.asynchttpclient.netty.request.NettyRequestSender - Using pooled Channel '[id: 0x807b5911, L:/127.0.0.1:56618 - R:localhost/127.0.0.1:49921]' for 'POST' to 'http://localhost:49921/session/319642172572fdf8090d6c9115dd1193/execute/sync'
12:37:00.846 [Forwarding isElementDisplayed on session 319642172572fdf8090d6c9115dd1193 to remote] DEBUG org.asynchttpclient.netty.request.NettyRequestSender - Using open Channel [id: 0x807b5911, L:/127.0.0.1:56618 - R:localhost/127.0.0.1:49921] for POST '/session/319642172572fdf8090d6c9115dd1193/execute/sync'
12:37:00.903 [AsyncHttpClient-1-2] DEBUG org.asynchttpclient.netty.handler.HttpHandler - 

Request DefaultHttpRequest(decodeResult: success, version: HTTP/1.1)
POST /session/319642172572fdf8090d6c9115dd1193/execute/sync HTTP/1.1
User-Agent: selenium/4.4.0 (java windows)
Content-Length: 48818
Content-Type: application/json; charset=utf-8
host: localhost:49921
accept: */*

Response DefaultHttpResponse(decodeResult: success, version: HTTP/1.1)
HTTP/1.1 200 OK
Content-Type: application/json; charset=utf-8
cache-control: no-cache
content-length: 14

12:37:00.903 [AsyncHttpClient-1-2] DEBUG org.asynchttpclient.netty.channel.ChannelManager - Adding key: http://localhost:49921 for channel [id: 0x807b5911, L:/127.0.0.1:56618 - R:localhost/127.0.0.1:49921]
12:37:00.973 [Forwarding getCurrentWindowHandle on session 319642172572fdf8090d6c9115dd1193 to remote] DEBUG org.asynchttpclient.netty.request.NettyRequestSender - Using pooled Channel '[id: 0x807b5911, L:/127.0.0.1:56618 - R:localhost/127.0.0.1:49921]' for 'GET' to 'http://localhost:49921/session/319642172572fdf8090d6c9115dd1193/window'
12:37:00.973 [Forwarding getCurrentWindowHandle on session 319642172572fdf8090d6c9115dd1193 to remote] DEBUG org.asynchttpclient.netty.request.NettyRequestSender - Using open Channel [id: 0x807b5911, L:/127.0.0.1:56618 - R:localhost/127.0.0.1:49921] for GET '/session/319642172572fdf8090d6c9115dd1193/window'
12:37:00.976 [AsyncHttpClient-1-2] DEBUG org.asynchttpclient.netty.handler.HttpHandler - 

Request DefaultFullHttpRequest(decodeResult: success, version: HTTP/1.1, content: EmptyByteBufBE)
GET /session/319642172572fdf8090d6c9115dd1193/window HTTP/1.1
User-Agent: selenium/4.4.0 (java windows)
Cache-Control: no-cache
Content-Type: application/json; charset=utf-8
host: localhost:49921
accept: */*

Response DefaultHttpResponse(decodeResult: success, version: HTTP/1.1)
HTTP/1.1 200 OK
Content-Type: application/json; charset=utf-8
cache-control: no-cache
content-length: 44

12:37:00.976 [AsyncHttpClient-1-2] DEBUG org.asynchttpclient.netty.channel.ChannelManager - Adding key: http://localhost:49921 for channel [id: 0x807b5911, L:/127.0.0.1:56618 - R:localhost/127.0.0.1:49921]
12:37:00.989 [Forwarding getAlertText on session 319642172572fdf8090d6c9115dd1193 to remote] DEBUG org.asynchttpclient.netty.request.NettyRequestSender - Using pooled Channel '[id: 0x807b5911, L:/127.0.0.1:56618 - R:localhost/127.0.0.1:49921]' for 'GET' to 'http://localhost:49921/session/319642172572fdf8090d6c9115dd1193/alert/text'
12:37:00.989 [Forwarding getAlertText on session 319642172572fdf8090d6c9115dd1193 to remote] DEBUG org.asynchttpclient.netty.request.NettyRequestSender - Using open Channel [id: 0x807b5911, L:/127.0.0.1:56618 - R:localhost/127.0.0.1:49921] for GET '/session/319642172572fdf8090d6c9115dd1193/alert/text'
12:37:00.995 [AsyncHttpClient-1-2] DEBUG org.asynchttpclient.netty.handler.HttpHandler - 

Request DefaultFullHttpRequest(decodeResult: success, version: HTTP/1.1, content: EmptyByteBufBE)
GET /session/319642172572fdf8090d6c9115dd1193/alert/text HTTP/1.1
User-Agent: selenium/4.4.0 (java windows)
Cache-Control: no-cache
Content-Type: application/json; charset=utf-8
host: localhost:49921
accept: */*

Response DefaultHttpResponse(decodeResult: success, version: HTTP/1.1)
HTTP/1.1 404 Not Found
Content-Type: application/json; charset=utf-8
cache-control: no-cache
content-length: 1045

12:37:00.995 [AsyncHttpClient-1-2] DEBUG org.asynchttpclient.netty.channel.ChannelManager - Adding key: http://localhost:49921 for channel [id: 0x807b5911, L:/127.0.0.1:56618 - R:localhost/127.0.0.1:49921]
12:37:01.011 [Forwarding switchToWindow on session 319642172572fdf8090d6c9115dd1193 to remote] DEBUG org.asynchttpclient.netty.request.NettyRequestSender - Using pooled Channel '[id: 0x807b5911, L:/127.0.0.1:56618 - R:localhost/127.0.0.1:49921]' for 'POST' to 'http://localhost:49921/session/319642172572fdf8090d6c9115dd1193/window'
12:37:01.011 [Forwarding switchToWindow on session 319642172572fdf8090d6c9115dd1193 to remote] DEBUG org.asynchttpclient.netty.request.NettyRequestSender - Using open Channel [id: 0x807b5911, L:/127.0.0.1:56618 - R:localhost/127.0.0.1:49921] for POST '/session/319642172572fdf8090d6c9115dd1193/window'
12:37:01.016 [AsyncHttpClient-1-2] DEBUG org.asynchttpclient.netty.handler.HttpHandler - 

Request DefaultHttpRequest(decodeResult: success, version: HTTP/1.1)
POST /session/319642172572fdf8090d6c9115dd1193/window HTTP/1.1
User-Agent: selenium/4.4.0 (java windows)
Content-Length: 50
Content-Type: application/json; charset=utf-8
host: localhost:49921
accept: */*

Response DefaultHttpResponse(decodeResult: success, version: HTTP/1.1)
HTTP/1.1 200 OK
Content-Type: application/json; charset=utf-8
cache-control: no-cache
content-length: 14

12:37:01.017 [AsyncHttpClient-1-2] DEBUG org.asynchttpclient.netty.channel.ChannelManager - Adding key: http://localhost:49921 for channel [id: 0x807b5911, L:/127.0.0.1:56618 - R:localhost/127.0.0.1:49921]
12:37:01.018 [Forwarding getCurrentUrl on session 319642172572fdf8090d6c9115dd1193 to remote] DEBUG org.asynchttpclient.netty.request.NettyRequestSender - Using pooled Channel '[id: 0x807b5911, L:/127.0.0.1:56618 - R:localhost/127.0.0.1:49921]' for 'GET' to 'http://localhost:49921/session/319642172572fdf8090d6c9115dd1193/url'
12:37:01.018 [Forwarding getCurrentUrl on session 319642172572fdf8090d6c9115dd1193 to remote] DEBUG org.asynchttpclient.netty.request.NettyRequestSender - Using open Channel [id: 0x807b5911, L:/127.0.0.1:56618 - R:localhost/127.0.0.1:49921] for GET '/session/319642172572fdf8090d6c9115dd1193/url'
12:37:01.032 [AsyncHttpClient-1-2] DEBUG org.asynchttpclient.netty.handler.HttpHandler - 

Request DefaultFullHttpRequest(decodeResult: success, version: HTTP/1.1, content: EmptyByteBufBE)
GET /session/319642172572fdf8090d6c9115dd1193/url HTTP/1.1
User-Agent: selenium/4.4.0 (java windows)
Cache-Control: no-cache
Content-Type: application/json; charset=utf-8
host: localhost:49921
accept: */*

Response DefaultHttpResponse(decodeResult: success, version: HTTP/1.1)
HTTP/1.1 200 OK
Content-Type: application/json; charset=utf-8
cache-control: no-cache
content-length: 38

12:37:01.032 [AsyncHttpClient-1-2] DEBUG org.asynchttpclient.netty.channel.ChannelManager - Adding key: http://localhost:49921 for channel [id: 0x807b5911, L:/127.0.0.1:56618 - R:localhost/127.0.0.1:49921]
12:37:01.034 [Forwarding screenshot on session 319642172572fdf8090d6c9115dd1193 to remote] DEBUG org.asynchttpclient.netty.request.NettyRequestSender - Using pooled Channel '[id: 0x807b5911, L:/127.0.0.1:56618 - R:localhost/127.0.0.1:49921]' for 'GET' to 'http://localhost:49921/session/319642172572fdf8090d6c9115dd1193/screenshot'
12:37:01.034 [Forwarding screenshot on session 319642172572fdf8090d6c9115dd1193 to remote] DEBUG org.asynchttpclient.netty.request.NettyRequestSender - Using open Channel [id: 0x807b5911, L:/127.0.0.1:56618 - R:localhost/127.0.0.1:49921] for GET '/session/319642172572fdf8090d6c9115dd1193/screenshot'
12:37:01.219 [AsyncHttpClient-1-2] DEBUG org.asynchttpclient.netty.handler.HttpHandler - 

Request DefaultFullHttpRequest(decodeResult: success, version: HTTP/1.1, content: EmptyByteBufBE)
GET /session/319642172572fdf8090d6c9115dd1193/screenshot HTTP/1.1
User-Agent: selenium/4.4.0 (java windows)
Cache-Control: no-cache
Content-Type: application/json; charset=utf-8
host: localhost:49921
accept: */*

Response DefaultHttpResponse(decodeResult: success, version: HTTP/1.1)
HTTP/1.1 200 OK
Content-Type: application/json; charset=utf-8
cache-control: no-cache
content-length: 729028

12:37:01.227 [AsyncHttpClient-1-2] DEBUG org.asynchttpclient.netty.channel.ChannelManager - Adding key: http://localhost:49921 for channel [id: 0x807b5911, L:/127.0.0.1:56618 - R:localhost/127.0.0.1:49921]
12:37:01.252 [Test worker] DEBUG net.serenitybdd.core.photography.Darkroom - Send negative for processing for C:\Users\pcnit\Downloads\TestE2E\target\site\serenity\e0e8d08b29eff240f6129467ffc9978d754060778ad8e29f74fe365fe36542d7.png
12:37:01.264 [Forwarding getPageSource on session 319642172572fdf8090d6c9115dd1193 to remote] DEBUG org.asynchttpclient.netty.request.NettyRequestSender - Using pooled Channel '[id: 0x807b5911, L:/127.0.0.1:56618 - R:localhost/127.0.0.1:49921]' for 'POST' to 'http://localhost:49921/session/319642172572fdf8090d6c9115dd1193/execute/sync'
12:37:01.265 [Forwarding getPageSource on session 319642172572fdf8090d6c9115dd1193 to remote] DEBUG org.asynchttpclient.netty.request.NettyRequestSender - Using open Channel [id: 0x807b5911, L:/127.0.0.1:56618 - R:localhost/127.0.0.1:49921] for POST '/session/319642172572fdf8090d6c9115dd1193/execute/sync'
12:37:01.284 [AsyncHttpClient-1-2] DEBUG org.asynchttpclient.netty.handler.HttpHandler - 

Request DefaultHttpRequest(decodeResult: success, version: HTTP/1.1)
POST /session/319642172572fdf8090d6c9115dd1193/execute/sync HTTP/1.1
User-Agent: selenium/4.4.0 (java windows)
Content-Length: 176
Content-Type: application/json; charset=utf-8
host: localhost:49921
accept: */*

Response DefaultHttpResponse(decodeResult: success, version: HTTP/1.1)
HTTP/1.1 200 OK
Content-Type: application/json; charset=utf-8
cache-control: no-cache
content-length: 57308

12:37:01.285 [AsyncHttpClient-1-2] DEBUG org.asynchttpclient.netty.channel.ChannelManager - Adding key: http://localhost:49921 for channel [id: 0x807b5911, L:/127.0.0.1:56618 - R:localhost/127.0.0.1:49921]
12:37:01.303 [Forwarding getCurrentUrl on session 319642172572fdf8090d6c9115dd1193 to remote] DEBUG org.asynchttpclient.netty.request.NettyRequestSender - Using pooled Channel '[id: 0x807b5911, L:/127.0.0.1:56618 - R:localhost/127.0.0.1:49921]' for 'GET' to 'http://localhost:49921/session/319642172572fdf8090d6c9115dd1193/url'
12:37:01.304 [Forwarding getCurrentUrl on session 319642172572fdf8090d6c9115dd1193 to remote] DEBUG org.asynchttpclient.netty.request.NettyRequestSender - Using open Channel [id: 0x807b5911, L:/127.0.0.1:56618 - R:localhost/127.0.0.1:49921] for GET '/session/319642172572fdf8090d6c9115dd1193/url'
12:37:01.332 [AsyncHttpClient-1-2] DEBUG org.asynchttpclient.netty.handler.HttpHandler - 

Request DefaultFullHttpRequest(decodeResult: success, version: HTTP/1.1, content: EmptyByteBufBE)
GET /session/319642172572fdf8090d6c9115dd1193/url HTTP/1.1
User-Agent: selenium/4.4.0 (java windows)
[...]
User-Agent: selenium/4.4.0 (java windows)
Content-Length: 78
Content-Type: application/json; charset=utf-8
host: localhost:49921
accept: */*

Response DefaultHttpResponse(decodeResult: success, version: HTTP/1.1)
HTTP/1.1 200 OK
Content-Type: application/json; charset=utf-8
cache-control: no-cache
content-length: 127

12:37:29.227 [AsyncHttpClient-1-2] DEBUG org.asynchttpclient.netty.channel.ChannelManager - Adding key: http://localhost:49921 for channel [id: 0x807b5911, L:/127.0.0.1:56618 - R:localhost/127.0.0.1:49921]
12:37:29.228 [Forwarding getElementText on session 319642172572fdf8090d6c9115dd1193 to remote] DEBUG org.asynchttpclient.netty.request.NettyRequestSender - Using pooled Channel '[id: 0x807b5911, L:/127.0.0.1:56618 - R:localhost/127.0.0.1:49921]' for 'GET' to 'http://localhost:49921/session/319642172572fdf8090d6c9115dd1193/element/f.77D77E48C717A5F8144E3521F6891EC1.d.8C715979609D122D0F50FF40744A4ED1.e.434/text'
12:37:29.228 [Forwarding getElementText on session 319642172572fdf8090d6c9115dd1193 to remote] DEBUG org.asynchttpclient.netty.request.NettyRequestSender - Using open Channel [id: 0x807b5911, L:/127.0.0.1:56618 - R:localhost/127.0.0.1:49921] for GET '/session/319642172572fdf8090d6c9115dd1193/element/f.77D77E48C717A5F8144E3521F6891EC1.d.8C715979609D122D0F50FF40744A4ED1.e.434/text'
12:37:29.248 [AsyncHttpClient-1-2] DEBUG org.asynchttpclient.netty.handler.HttpHandler - 

Request DefaultFullHttpRequest(decodeResult: success, version: HTTP/1.1, content: EmptyByteBufBE)
GET /session/319642172572fdf8090d6c9115dd1193/element/f.77D77E48C717A5F8144E3521F6891EC1.d.8C715979609D122D0F50FF40744A4ED1.e.434/text HTTP/1.1
User-Agent: selenium/4.4.0 (java windows)
Cache-Control: no-cache
Content-Type: application/json; charset=utf-8
host: localhost:49921
accept: */*

Response DefaultHttpResponse(decodeResult: success, version: HTTP/1.1)
HTTP/1.1 200 OK
Content-Type: application/json; charset=utf-8
cache-control: no-cache
content-length: 40

12:37:29.248 [AsyncHttpClient-1-2] DEBUG org.asynchttpclient.netty.channel.ChannelManager - Adding key: http://localhost:49921 for channel [id: 0x807b5911, L:/127.0.0.1:56618 - R:localhost/127.0.0.1:49921]
12:37:29.250 [Test worker] INFO co.com.screemplay.project.questions.ValitationText - Thank you for your purchase!
12:37:29.283 [Forwarding getCurrentWindowHandle on session 319642172572fdf8090d6c9115dd1193 to remote] DEBUG org.asynchttpclient.netty.request.NettyRequestSender - Using pooled Channel '[id: 0x807b5911, L:/127.0.0.1:56618 - R:localhost/127.0.0.1:49921]' for 'GET' to 'http://localhost:49921/session/319642172572fdf8090d6c9115dd1193/window'
12:37:29.283 [Forwarding getCurrentWindowHandle on session 319642172572fdf8090d6c9115dd1193 to remote] DEBUG org.asynchttpclient.netty.request.NettyRequestSender - Using open Channel [id: 0x807b5911, L:/127.0.0.1:56618 - R:localhost/127.0.0.1:49921] for GET '/session/319642172572fdf8090d6c9115dd1193/window'
12:37:29.291 [AsyncHttpClient-1-2] DEBUG org.asynchttpclient.netty.handler.HttpHandler - 

Request DefaultFullHttpRequest(decodeResult: success, version: HTTP/1.1, content: EmptyByteBufBE)
GET /session/319642172572fdf8090d6c9115dd1193/window HTTP/1.1
User-Agent: selenium/4.4.0 (java windows)
Cache-Control: no-cache
Content-Type: application/json; charset=utf-8
host: localhost:49921
accept: */*

Response DefaultHttpResponse(decodeResult: success, version: HTTP/1.1)
HTTP/1.1 200 OK
Content-Type: application/json; charset=utf-8
cache-control: no-cache
content-length: 44

12:37:29.291 [AsyncHttpClient-1-2] DEBUG org.asynchttpclient.netty.channel.ChannelManager - Adding key: http://localhost:49921 for channel [id: 0x807b5911, L:/127.0.0.1:56618 - R:localhost/127.0.0.1:49921]
12:37:29.300 [Forwarding getAlertText on session 319642172572fdf8090d6c9115dd1193 to remote] DEBUG org.asynchttpclient.netty.request.NettyRequestSender - Using pooled Channel '[id: 0x807b5911, L:/127.0.0.1:56618 - R:localhost/127.0.0.1:49921]' for 'GET' to 'http://localhost:49921/session/319642172572fdf8090d6c9115dd1193/alert/text'
12:37:29.301 [Forwarding getAlertText on session 319642172572fdf8090d6c9115dd1193 to remote] DEBUG org.asynchttpclient.netty.request.NettyRequestSender - Using open Channel [id: 0x807b5911, L:/127.0.0.1:56618 - R:localhost/127.0.0.1:49921] for GET '/session/319642172572fdf8090d6c9115dd1193/alert/text'
12:37:29.314 [AsyncHttpClient-1-2] DEBUG org.asynchttpclient.netty.handler.HttpHandler - 

Request DefaultFullHttpRequest(decodeResult: success, version: HTTP/1.1, content: EmptyByteBufBE)
GET /session/319642172572fdf8090d6c9115dd1193/alert/text HTTP/1.1
User-Agent: selenium/4.4.0 (java windows)
Cache-Control: no-cache
Content-Type: application/json; charset=utf-8
host: localhost:49921
accept: */*

Response DefaultHttpResponse(decodeResult: success, version: HTTP/1.1)
HTTP/1.1 404 Not Found
Content-Type: application/json; charset=utf-8
cache-control: no-cache
content-length: 1045

12:37:29.314 [AsyncHttpClient-1-2] DEBUG org.asynchttpclient.netty.channel.ChannelManager - Adding key: http://localhost:49921 for channel [id: 0x807b5911, L:/127.0.0.1:56618 - R:localhost/127.0.0.1:49921]
12:37:29.324 [Forwarding switchToWindow on session 319642172572fdf8090d6c9115dd1193 to remote] DEBUG org.asynchttpclient.netty.request.NettyRequestSender - Using pooled Channel '[id: 0x807b5911, L:/127.0.0.1:56618 - R:localhost/127.0.0.1:49921]' for 'POST' to 'http://localhost:49921/session/319642172572fdf8090d6c9115dd1193/window'
12:37:29.324 [Forwarding switchToWindow on session 319642172572fdf8090d6c9115dd1193 to remote] DEBUG org.asynchttpclient.netty.request.NettyRequestSender - Using open Channel [id: 0x807b5911, L:/127.0.0.1:56618 - R:localhost/127.0.0.1:49921] for POST '/session/319642172572fdf8090d6c9115dd1193/window'
12:37:29.328 [AsyncHttpClient-1-2] DEBUG org.asynchttpclient.netty.handler.HttpHandler - 

Request DefaultHttpRequest(decodeResult: success, version: HTTP/1.1)
POST /session/319642172572fdf8090d6c9115dd1193/window HTTP/1.1
User-Agent: selenium/4.4.0 (java windows)
Content-Length: 50
Content-Type: application/json; charset=utf-8
host: localhost:49921
accept: */*

Response DefaultHttpResponse(decodeResult: success, version: HTTP/1.1)
HTTP/1.1 200 OK
Content-Type: application/json; charset=utf-8
cache-control: no-cache
content-length: 14

12:37:29.329 [AsyncHttpClient-1-2] DEBUG org.asynchttpclient.netty.channel.ChannelManager - Adding key: http://localhost:49921 for channel [id: 0x807b5911, L:/127.0.0.1:56618 - R:localhost/127.0.0.1:49921]
12:37:29.330 [Forwarding getCurrentUrl on session 319642172572fdf8090d6c9115dd1193 to remote] DEBUG org.asynchttpclient.netty.request.NettyRequestSender - Using pooled Channel '[id: 0x807b5911, L:/127.0.0.1:56618 - R:localhost/127.0.0.1:49921]' for 'GET' to 'http://localhost:49921/session/319642172572fdf8090d6c9115dd1193/url'
12:37:29.330 [Forwarding getCurrentUrl on session 319642172572fdf8090d6c9115dd1193 to remote] DEBUG org.asynchttpclient.netty.request.NettyRequestSender - Using open Channel [id: 0x807b5911, L:/127.0.0.1:56618 - R:localhost/127.0.0.1:49921] for GET '/session/319642172572fdf8090d6c9115dd1193/url'
12:37:29.353 [AsyncHttpClient-1-2] DEBUG org.asynchttpclient.netty.handler.HttpHandler - 

Request DefaultFullHttpRequest(decodeResult: success, version: HTTP/1.1, content: EmptyByteBufBE)
GET /session/319642172572fdf8090d6c9115dd1193/url HTTP/1.1
User-Agent: selenium/4.4.0 (java windows)
Cache-Control: no-cache
Content-Type: application/json; charset=utf-8
host: localhost:49921
accept: */*

Response DefaultHttpResponse(decodeResult: success, version: HTTP/1.1)
HTTP/1.1 200 OK
Content-Type: application/json; charset=utf-8
cache-control: no-cache
content-length: 47

12:37:29.354 [AsyncHttpClient-1-2] DEBUG org.asynchttpclient.netty.channel.ChannelManager - Adding key: http://localhost:49921 for channel [id: 0x807b5911, L:/127.0.0.1:56618 - R:localhost/127.0.0.1:49921]
12:37:29.355 [Forwarding screenshot on session 319642172572fdf8090d6c9115dd1193 to remote] DEBUG org.asynchttpclient.netty.request.NettyRequestSender - Using pooled Channel '[id: 0x807b5911, L:/127.0.0.1:56618 - R:localhost/127.0.0.1:49921]' for 'GET' to 'http://localhost:49921/session/319642172572fdf8090d6c9115dd1193/screenshot'
12:37:29.355 [Forwarding screenshot on session 319642172572fdf8090d6c9115dd1193 to remote] DEBUG org.asynchttpclient.netty.request.NettyRequestSender - Using open Channel [id: 0x807b5911, L:/127.0.0.1:56618 - R:localhost/127.0.0.1:49921] for GET '/session/319642172572fdf8090d6c9115dd1193/screenshot'
12:37:29.470 [AsyncHttpClient-1-2] DEBUG org.asynchttpclient.netty.handler.HttpHandler - 

Request DefaultFullHttpRequest(decodeResult: success, version: HTTP/1.1, content: EmptyByteBufBE)
GET /session/319642172572fdf8090d6c9115dd1193/screenshot HTTP/1.1
User-Agent: selenium/4.4.0 (java windows)
Cache-Control: no-cache
Content-Type: application/json; charset=utf-8
host: localhost:49921
accept: */*

Response DefaultHttpResponse(decodeResult: success, version: HTTP/1.1)
HTTP/1.1 200 OK
Content-Type: application/json; charset=utf-8
cache-control: no-cache
content-length: 259016

12:37:29.470 [AsyncHttpClient-1-2] DEBUG org.asynchttpclient.netty.channel.ChannelManager - Adding key: http://localhost:49921 for channel [id: 0x807b5911, L:/127.0.0.1:56618 - R:localhost/127.0.0.1:49921]
12:37:29.477 [Test worker] DEBUG net.serenitybdd.core.photography.Darkroom - Send negative for processing for C:\Users\pcnit\Downloads\TestE2E\target\site\serenity\d7f89bc4a88d9af0515d270873d884a7ef3d1b20879595f50d54d9cbc937668c.png
  ?[32mEntonces ?[0m?[32mFinaliza la compra?[0m                            ?[90m# co.com.screemplay.project.stepdefinition.CompleteStep.endBuy()?[0m
12:37:29.504 [Test worker] INFO  - 
  _____   ___   ___   _____     ___     _     ___   ___   ___   ___  
 |_   _| | __| / __| |_   _|   | _ \   /_\   / __| / __| | __| |   \ 
   | |   | _|  \__ \   | |     |  _/  / _ \  \__ \ \__ \ | _|  | |) |
   |_|   |___| |___/   |_|     |_|   /_/ \_\ |___/ |___/ |___| |___/ 

Compra con Autenticación de usuario exitosa.
----------------------------------------------------------------------
12:37:29.612 [Driver Command Executor] DEBUG org.asynchttpclient.netty.request.NettyRequestSender - Using pooled Channel '[id: 0x807b5911, L:/127.0.0.1:56618 - R:localhost/127.0.0.1:49921]' for 'DELETE' to 'http://localhost:49921/session/319642172572fdf8090d6c9115dd1193'
12:37:29.612 [Driver Command Executor] DEBUG org.asynchttpclient.netty.request.NettyRequestSender - Using open Channel [id: 0x807b5911, L:/127.0.0.1:56618 - R:localhost/127.0.0.1:49921] for DELETE '/session/319642172572fdf8090d6c9115dd1193'
12:37:29.622 [AsyncHttpClient-1-4] DEBUG org.asynchttpclient.netty.handler.WebSocketHandler - Channel Closed: [id: 0xca483693, L:/127.0.0.1:56632 ! R:localhost/127.0.0.1:56619] with attribute DISCARD
12:37:29.685 [AsyncHttpClient-1-3] DEBUG org.asynchttpclient.netty.handler.HttpHandler - Unexpected I/O exception on channel [id: 0xb8995384, L:/127.0.0.1:56631 - R:localhost/127.0.0.1:56619]
java.net.SocketException: Connection reset
	at java.base/sun.nio.ch.SocketChannelImpl.throwConnectionReset(SocketChannelImpl.java:394)
	at java.base/sun.nio.ch.SocketChannelImpl.read(SocketChannelImpl.java:426)
	at io.netty.buffer.PooledByteBuf.setBytes(PooledByteBuf.java:258)
	at io.netty.buffer.AbstractByteBuf.writeBytes(AbstractByteBuf.java:1132)
	at io.netty.channel.socket.nio.NioSocketChannel.doReadBytes(NioSocketChannel.java:357)
	at io.netty.channel.nio.AbstractNioByteChannel$NioByteUnsafe.read(AbstractNioByteChannel.java:151)
	at io.netty.channel.nio.NioEventLoop.processSelectedKey(NioEventLoop.java:722)
	at io.netty.channel.nio.NioEventLoop.processSelectedKeysOptimized(NioEventLoop.java:658)
	at io.netty.channel.nio.NioEventLoop.processSelectedKeys(NioEventLoop.java:584)
	at io.netty.channel.nio.NioEventLoop.run(NioEventLoop.java:496)
	at io.netty.util.concurrent.SingleThreadEventExecutor$4.run(SingleThreadEventExecutor.java:997)
	at io.netty.util.internal.ThreadExecutorMap$2.run(ThreadExecutorMap.java:74)
	at io.netty.util.concurrent.FastThreadLocalRunnable.run(FastThreadLocalRunnable.java:30)
	at java.base/java.lang.Thread.run(Thread.java:840)
12:37:29.686 [AsyncHttpClient-1-3] DEBUG org.asynchttpclient.netty.channel.ChannelManager - Closing Channel [id: 0xb8995384, L:/127.0.0.1:56631 - R:localhost/127.0.0.1:56619] 
12:37:29.691 [AsyncHttpClient-1-3] DEBUG org.asynchttpclient.netty.handler.HttpHandler - Channel Closed: [id: 0xb8995384, L:/127.0.0.1:56631 ! R:localhost/127.0.0.1:56619] with attribute DISCARD
12:37:29.778 [AsyncHttpClient-1-2] DEBUG org.asynchttpclient.netty.handler.HttpHandler - 

Request DefaultFullHttpRequest(decodeResult: success, version: HTTP/1.1, content: EmptyByteBufBE)
DELETE /session/319642172572fdf8090d6c9115dd1193 HTTP/1.1
User-Agent: selenium/4.4.0 (java windows)
Content-Type: application/json; charset=utf-8
host: localhost:49921
accept: */*

Response DefaultHttpResponse(decodeResult: success, version: HTTP/1.1)
HTTP/1.1 200 OK
Content-Type: application/json; charset=utf-8
cache-control: no-cache
content-length: 14

12:37:29.778 [AsyncHttpClient-1-2] DEBUG org.asynchttpclient.netty.channel.ChannelManager - Adding key: http://localhost:49921 for channel [id: 0x807b5911, L:/127.0.0.1:56618 - R:localhost/127.0.0.1:49921]
12:37:29.938 [AsyncHttpClient-1-2] DEBUG org.asynchttpclient.netty.handler.HttpHandler - Channel Closed: [id: 0x807b5911, L:/127.0.0.1:56618 ! R:localhost/127.0.0.1:49921] with attribute DISCARD
12:37:30.083 [AsyncHttpClient-1-1] DEBUG org.asynchttpclient.netty.channel.DefaultChannelPool - Entry count for : http://localhost:56619 : 1
12:37:30.083 [AsyncHttpClient-1-1] DEBUG org.asynchttpclient.netty.channel.DefaultChannelPool - Entry count for : http://localhost:49921 : 1
12:37:30.083 [AsyncHttpClient-1-1] DEBUG org.asynchttpclient.netty.channel.DefaultChannelPool - Adding Candidate expired Channel [id: 0xb8995384, L:/127.0.0.1:56631 ! R:localhost/127.0.0.1:56619] isIdleTimeoutExpired=false isRemotelyClosed=true isTtlExpired=false
12:37:30.084 [AsyncHttpClient-1-1] DEBUG org.asynchttpclient.netty.channel.DefaultChannelPool - Closing Idle Channel [id: 0xb8995384, L:/127.0.0.1:56631 ! R:localhost/127.0.0.1:56619]
12:37:30.084 [AsyncHttpClient-1-1] DEBUG org.asynchttpclient.netty.channel.DefaultChannelPool - Adding Candidate expired Channel [id: 0x807b5911, L:/127.0.0.1:56618 ! R:localhost/127.0.0.1:49921] isIdleTimeoutExpired=false isRemotelyClosed=true isTtlExpired=false
12:37:30.084 [AsyncHttpClient-1-1] DEBUG org.asynchttpclient.netty.channel.DefaultChannelPool - Closing Idle Channel [id: 0x807b5911, L:/127.0.0.1:56618 ! R:localhost/127.0.0.1:49921]
12:37:30.084 [AsyncHttpClient-1-1] DEBUG org.asynchttpclient.netty.channel.DefaultChannelPool - Closed 2 connections out of 2 in 1 ms
12:37:30.089 [Test worker] DEBUG net.thucydides.core.reports.ReportService - Reporting formats: [JSON, HTML]
12:37:30.275 [Test worker] DEBUG net.thucydides.core.reports.ReportService - Reporting formats: [JSON, HTML]
12:37:30.287 [Test worker] DEBUG net.thucydides.core.reports.ReportService - Generating reports for 1 test outcomes using: net.thucydides.core.reports.json.JSONTestOutcomeReporter@2347a481
12:37:30.288 [pool-1-thread-1] DEBUG net.thucydides.core.reports.ReportService - Processing test outcome Compra con Autenticación exitosa:Compra con Autenticación de usuario exitosa.
12:37:30.289 [pool-1-thread-1] DEBUG net.thucydides.core.reports.ReportService - net.thucydides.core.reports.json.JSONTestOutcomeReporter@2347a481: Generating report for test outcome: Compra con Autenticación exitosa:Compra con Autenticación de usuario exitosa.
12:37:30.305 [pool-1-thread-1] DEBUG net.thucydides.core.reports.json.JSONTestOutcomeReporter - Generating JSON report for Compra con Autenticación de usuario exitosa. to file C:\Users\pcnit\Downloads\TestE2E\target\site\serenity\16dc86cc2f65e1ce339124686a6025c34ab2e6abe180c8aabe937996e9dfe632.json (using temp file C:\Users\pcnit\Downloads\TestE2E\target\site\serenity\16dc86cc2f65e1ce339124686a6025c34ab2e6abe180c8aabe937996e9dfe632.json991503f3-6c7f-4e71-bfe5-24c94fb7f430)
12:37:30.361 [pool-1-thread-1] DEBUG net.thucydides.core.reports.ReportService - Processing test outcome Compra con Autenticación exitosa:Compra con Autenticación de usuario exitosa. done
12:37:30.361 [Test worker] DEBUG net.thucydides.core.reports.ReportService - Shutting down executor service
12:37:30.361 [Test worker] DEBUG net.thucydides.core.reports.ReportService - Reports generated in: 74 ms
12:37:30.361 [Test worker] DEBUG net.thucydides.core.reports.ReportService - Generating reports for 1 test outcomes using: net.thucydides.core.reports.html.HtmlAcceptanceTestReporter@70eb3b36
12:37:30.362 [pool-2-thread-1] DEBUG net.thucydides.core.reports.ReportService - Processing test outcome Compra con Autenticación exitosa:Compra con Autenticación de usuario exitosa.
12:37:30.362 [pool-2-thread-1] DEBUG net.thucydides.core.reports.ReportService - net.thucydides.core.reports.html.HtmlAcceptanceTestReporter@70eb3b36: Generating report for test outcome: Compra con Autenticación exitosa:Compra con Autenticación de usuario exitosa.
12:37:33.135 [pool-2-thread-1] DEBUG net.thucydides.core.reports.ReportService - Processing test outcome Compra con Autenticación exitosa:Compra con Autenticación de usuario exitosa. done
12:37:33.136 [Test worker] DEBUG net.thucydides.core.reports.ReportService - Shutting down executor service
12:37:33.136 [Test worker] DEBUG net.thucydides.core.reports.ReportService - Reports generated in: 2775 ms
12:37:33.304 [Test worker] DEBUG net.serenitybdd.core.photography.Darkroom - Closing darkroom
12:37:33.304 [Darkroom Processing Line] DEBUG net.serenitybdd.core.photography.DarkroomProcessingLine - Darkroom processing line shutting down
12:37:33.319 [Test worker] DEBUG net.serenitybdd.core.photography.Darkroom - Closing darkroom
]]></system-out>
  <system-err><![CDATA[?[32m?[1m┌───────────────────────────────────────────────────────────────────────────────────┐?[0m
?[32m?[1m│?[0m Share your Cucumber Report with your team at ?[36m?[1m?[4mhttps://reports.cucumber.io?[0m          ?[32m?[1m│?[0m
?[32m?[1m│?[0m Activate publishing with one of the following:                                    ?[32m?[1m│?[0m
?[32m?[1m│?[0m                                                                                   ?[32m?[1m│?[0m
?[32m?[1m│?[0m src/test/resources/cucumber.properties:          ?[36mcucumber.publish.enabled?[0m=?[36mtrue?[0m    ?[32m?[1m│?[0m
?[32m?[1m│?[0m src/test/resources/junit-platform.properties:    ?[36mcucumber.publish.enabled?[0m=?[36mtrue?[0m    ?[32m?[1m│?[0m
?[32m?[1m│?[0m Environment variable:                            ?[36mCUCUMBER_PUBLISH_ENABLED?[0m=?[36mtrue?[0m    ?[32m?[1m│?[0m
?[32m?[1m│?[0m JUnit:                                           ?[36m@CucumberOptions?[0m(publish = ?[36mtrue?[0m) ?[32m?[1m│?[0m
?[32m?[1m│?[0m                                                                                   ?[32m?[1m│?[0m
?[32m?[1m│?[0m More information at ?[36mhttps://cucumber.io/docs/cucumber/environment-variables/?[0m      ?[32m?[1m│?[0m
?[32m?[1m│?[0m                                                                                   ?[32m?[1m│?[0m
?[32m?[1m│?[0m Disable this message with one of the following:                                   ?[32m?[1m│?[0m
?[32m?[1m│?[0m                                                                                   ?[32m?[1m│?[0m
?[32m?[1m│?[0m src/test/resources/cucumber.properties:          ?[36mcucumber.publish.quiet?[0m=?[36mtrue?[0m      ?[32m?[1m│?[0m
?[32m?[1m│?[0m src/test/resources/junit-platform.properties:    ?[36mcucumber.publish.quiet?[0m=?[36mtrue?[0m      ?[32m?[1m│?[0m
?[32m?[1m└───────────────────────────────────────────────────────────────────────────────────┘?[0m
]]></system-err>
</testsuite>
